[DEBUG][Qt] 21.03.2024 15:46:55 [] (unknown:0) - Session start time .......: 20240321_154655
[DEBUG][Qt] 21.03.2024 15:46:55 [] (unknown:0) - Slicer version ...........: 5.6.1 (revision 32438 / 117ce5f) win-amd64 - installed release
[DEBUG][Qt] 21.03.2024 15:46:55 [] (unknown:0) - Operating system .........: Windows /  Personal / (Build 22621, Code Page 65001) - 64-bit
[DEBUG][Qt] 21.03.2024 15:46:55 [] (unknown:0) - Memory ...................: 7834 MB physical, 12186 MB virtual
[DEBUG][Qt] 21.03.2024 15:46:55 [] (unknown:0) - CPU ......................: GenuineIntel , 8 cores, 8 logical processors
[DEBUG][Qt] 21.03.2024 15:46:55 [] (unknown:0) - VTK configuration ........: OpenGL2 rendering, TBB threading
[DEBUG][Qt] 21.03.2024 15:46:55 [] (unknown:0) - Qt configuration .........: version 5.15.2, with SSL, requested OpenGL 3.2 (compatibility profile)
[DEBUG][Qt] 21.03.2024 15:46:55 [] (unknown:0) - Internationalization .....: disabled, language=
[DEBUG][Qt] 21.03.2024 15:46:55 [] (unknown:0) - Developer mode ...........: enabled
[DEBUG][Qt] 21.03.2024 15:46:55 [] (unknown:0) - Application path .........: D:/Program/Slicer 5.6.1/bin
[DEBUG][Qt] 21.03.2024 15:46:55 [] (unknown:0) - Additional module paths ..: C:/Users/DANG THE HUNG/OneDrive - King's College London/Msc study/7MRI0070 - Navigation in Robotic/Module\My_extension\ImageThreshold, slicer.org/Extensions-32438/DebuggingTools/lib/Slicer-5.6/qt-scripted-modules, C:/Users/DANG THE HUNG/OneDrive - King's College London/Msc study/7MRI0070 - Navigation in Robotic/Module/My_extension\Print_hello_world, C:/Users/DANG THE HUNG/OneDrive - King's College London/Msc study/7MRI0070 - Navigation in Robotic/Module/My_extension\Guided_examples, C:/Users/DANG THE HUNG/OneDrive - King's College London/Msc study/7MRI0070 - Navigation in Robotic/Module/My_extension\Segmentation_k_mean, C:/Users/DANG THE HUNG/OneDrive - King's College London/Msc study/7MRI0070 - Navigation in Robotic/Module/My_extension\My_function, C:/Users/DANG THE HUNG/OneDrive - King's College London/Msc study/7MRI0070 - Navigation in Robotic/Module/My_extension\Pathway_planning
[DEBUG][Python] 21.03.2024 15:46:58 [Python] (D:\Program\Slicer 5.6.1\lib\Slicer-5.6\qt-scripted-modules\SubjectHierarchyPlugins\AbstractScriptedSubjectHierarchyPlugin.py:39) - Scripted subject hierarchy plugin registered: SegmentEditor
[DEBUG][Python] 21.03.2024 15:46:58 [Python] (D:\Program\Slicer 5.6.1\lib\Slicer-5.6\qt-scripted-modules\SubjectHierarchyPlugins\AbstractScriptedSubjectHierarchyPlugin.py:39) - Scripted subject hierarchy plugin registered: SegmentStatistics
[DEBUG][Qt] 21.03.2024 15:46:58 [] (unknown:0) - Switch to module:  "Welcome"
[DEBUG][Qt] 21.03.2024 15:47:02 [] (unknown:0) - Switch to module:  "Pathway_planning"
[INFO][Stream] 21.03.2024 15:47:04 [] (unknown:0) -
[INFO][Stream] 21.03.2024 15:47:04 [] (unknown:0) -
[INFO][Stream] 21.03.2024 15:47:04 [] (unknown:0) -
[INFO][Stream] 21.03.2024 15:47:04 [] (unknown:0) - ------------------------------
[INFO][Stream] 21.03.2024 15:47:04 [] (unknown:0) - Reloading module: Pathway_planning
[INFO][Stream] 21.03.2024 15:47:04 [] (unknown:0) - ------------------------------
[INFO][Stream] 21.03.2024 15:47:04 [] (unknown:0) -
[INFO][Stream] 21.03.2024 15:47:04 [] (unknown:0) -
[INFO][Stream] 21.03.2024 15:47:04 [] (unknown:0) -
[INFO][Python] 21.03.2024 15:47:04 [Python] (C:/Users/DANG THE HUNG/OneDrive - King's College London/Msc study/7MRI0070 - Navigation in Robotic/Module/My_extension/Pathway_planning/Pathway_planning.py:328) - Test passed: Model Creation
[CRITICAL][Stream] 21.03.2024 15:47:04 [] (unknown:0) - INFO - Test passed: Model Creation
[WARNING][Python] 21.03.2024 15:47:04 [Python] (C:/Users/DANG THE HUNG/OneDrive - King's College London/Msc study/7MRI0070 - Navigation in Robotic/Module/My_extension/Pathway_planning/Pathway_planning.py:382) - Test failed: Check A Point Is In A Label Volume Node
[CRITICAL][Stream] 21.03.2024 15:47:04 [] (unknown:0) - WARNING - Test failed: Check A Point Is In A Label Volume Node
[INFO][Stream] 21.03.2024 15:52:15 [] (unknown:0) -
[INFO][Stream] 21.03.2024 15:52:15 [] (unknown:0) -
[INFO][Stream] 21.03.2024 15:52:15 [] (unknown:0) -
[INFO][Stream] 21.03.2024 15:52:15 [] (unknown:0) - ------------------------------
[INFO][Stream] 21.03.2024 15:52:15 [] (unknown:0) - Reloading module: Pathway_planning
[INFO][Stream] 21.03.2024 15:52:15 [] (unknown:0) - ------------------------------
[INFO][Stream] 21.03.2024 15:52:15 [] (unknown:0) -
[INFO][Stream] 21.03.2024 15:52:15 [] (unknown:0) -
[INFO][Stream] 21.03.2024 15:52:15 [] (unknown:0) -
[WARNING][Python] 21.03.2024 15:52:15 [Python] (C:/Users/DANG THE HUNG/OneDrive - King's College London/Msc study/7MRI0070 - Navigation in Robotic/Module/My_extension/Pathway_planning/Pathway_planning.py:629) - Test failed: Check A Point Is In A Label Volume Node
[CRITICAL][Stream] 21.03.2024 15:52:15 [] (unknown:0) - WARNING - Test failed: Check A Point Is In A Label Volume Node
[CRITICAL][Stream] 21.03.2024 15:52:15 [] (unknown:0) - WARNING - Test failed: Check A Point Is In A Label Volume Node
[INFO][Stream] 21.03.2024 15:54:05 [] (unknown:0) -
[INFO][Stream] 21.03.2024 15:54:05 [] (unknown:0) -
[INFO][Stream] 21.03.2024 15:54:05 [] (unknown:0) -
[INFO][Stream] 21.03.2024 15:54:05 [] (unknown:0) - ------------------------------
[INFO][Stream] 21.03.2024 15:54:05 [] (unknown:0) - Reloading module: Pathway_planning
[INFO][Stream] 21.03.2024 15:54:05 [] (unknown:0) - ------------------------------
[INFO][Stream] 21.03.2024 15:54:05 [] (unknown:0) -
[INFO][Stream] 21.03.2024 15:54:05 [] (unknown:0) -
[INFO][Stream] 21.03.2024 15:54:05 [] (unknown:0) -
[DEBUG][Qt] 21.03.2024 15:54:05 [] (unknown:0) - "Markups" Reader has successfully read the file "D:\\Code\\3D_slicer\\Navigation_robotics\\Data\\Week_2_4_TestSet_Path_planning\\entriesSubsample.fcsv" "[0.03s]"
[DEBUG][Qt] 21.03.2024 15:54:05 [] (unknown:0) - "Markups" Reader has successfully read the file "D:\\Code\\3D_slicer\\Navigation_robotics\\Data\\Week_2_4_TestSet_Path_planning\\targetsSubsample.fcsv" "[0.02s]"
[DEBUG][Qt] 21.03.2024 15:54:05 [] (unknown:0) - "Volume" Reader has successfully read the file "D:\\Code\\3D_slicer\\Navigation_robotics\\Data\\Week_2_4_TestSet_Path_planning\\r_cortexTest.nii.gz" "[0.03s]"
[DEBUG][Qt] 21.03.2024 15:54:05 [] (unknown:0) - "Volume" Reader has successfully read the file "D:\\Code\\3D_slicer\\Navigation_robotics\\Data\\Week_2_4_TestSet_Path_planning\\r_hippoTest.nii.gz" "[0.02s]"
[DEBUG][Qt] 21.03.2024 15:54:05 [] (unknown:0) - "Volume" Reader has successfully read the file "D:\\Code\\3D_slicer\\Navigation_robotics\\Data\\Week_2_4_TestSet_Path_planning\\ventriclesTest.nii.gz" "[0.02s]"
[DEBUG][Qt] 21.03.2024 15:54:05 [] (unknown:0) - "Volume" Reader has successfully read the file "D:\\Code\\3D_slicer\\Navigation_robotics\\Data\\Week_2_4_TestSet_Path_planning\\vesselsTestDilate1.nii.gz" "[0.02s]"
[DEBUG][Qt] 21.03.2024 15:54:05 [] (unknown:0) - "Volume" Reader has successfully read the file "D:\\Code\\3D_slicer\\Navigation_robotics\\Data\\Week_2_4_TestSet_Path_planning\\fakeBrainTest.nii.gz" "[0.03s]"
[INFO][Stream] 21.03.2024 15:54:05 [] (unknown:0) - Number of entries is: 48
[INFO][Stream] 21.03.2024 15:54:05 [] (unknown:0) - Number of targets is: 21
[INFO][Python] 21.03.2024 15:54:05 [Python] (C:/Users/DANG THE HUNG/OneDrive - King's College London/Msc study/7MRI0070 - Navigation in Robotic/Module/My_extension/Pathway_planning/Pathway_planning.py:619) - Test passed: Model Creation
[CRITICAL][Stream] 21.03.2024 15:54:05 [] (unknown:0) - INFO - Test passed: Model Creation
[CRITICAL][Stream] 21.03.2024 15:54:05 [] (unknown:0) - INFO - Test passed: Model Creation
[CRITICAL][Stream] 21.03.2024 15:54:05 [] (unknown:0) - INFO - Test passed: Model Creation
[INFO][Python] 21.03.2024 15:54:05 [Python] (D:\Program\Slicer 5.6.1\bin\Python\slicer\util.py:2877) - Test passed: Model Creation
[CRITICAL][Stream] 21.03.2024 15:54:05 [] (unknown:0) - INFO - Test passed: Model Creation
[CRITICAL][Stream] 21.03.2024 15:54:05 [] (unknown:0) - INFO - Test passed: Model Creation
[CRITICAL][Stream] 21.03.2024 15:54:05 [] (unknown:0) - INFO - Test passed: Model Creation
[WARNING][Python] 21.03.2024 15:54:06 [Python] (C:/Users/DANG THE HUNG/OneDrive - King's College London/Msc study/7MRI0070 - Navigation in Robotic/Module/My_extension/Pathway_planning/Pathway_planning.py:622) - Test failed: Check A Point Is In A Label Volume Node
[CRITICAL][Stream] 21.03.2024 15:54:06 [] (unknown:0) - WARNING - Test failed: Check A Point Is In A Label Volume Node
[CRITICAL][Stream] 21.03.2024 15:54:06 [] (unknown:0) - WARNING - Test failed: Check A Point Is In A Label Volume Node
[CRITICAL][Stream] 21.03.2024 15:54:06 [] (unknown:0) - WARNING - Test failed: Check A Point Is In A Label Volume Node
[INFO][Stream] 21.03.2024 15:54:14 [] (unknown:0) -
[INFO][Stream] 21.03.2024 15:54:14 [] (unknown:0) -
[INFO][Stream] 21.03.2024 15:54:14 [] (unknown:0) -
[INFO][Stream] 21.03.2024 15:54:14 [] (unknown:0) - ------------------------------
[INFO][Stream] 21.03.2024 15:54:14 [] (unknown:0) - Reloading module: Pathway_planning
[INFO][Stream] 21.03.2024 15:54:14 [] (unknown:0) - ------------------------------
[INFO][Stream] 21.03.2024 15:54:14 [] (unknown:0) -
[INFO][Stream] 21.03.2024 15:54:14 [] (unknown:0) -
[INFO][Stream] 21.03.2024 15:54:14 [] (unknown:0) -
[DEBUG][Qt] 21.03.2024 15:54:14 [] (unknown:0) - "Markups" Reader has successfully read the file "D:\\Code\\3D_slicer\\Navigation_robotics\\Data\\Week_2_4_TestSet_Path_planning\\entriesSubsample.fcsv" "[0.02s]"
[DEBUG][Qt] 21.03.2024 15:54:15 [] (unknown:0) - "Markups" Reader has successfully read the file "D:\\Code\\3D_slicer\\Navigation_robotics\\Data\\Week_2_4_TestSet_Path_planning\\targetsSubsample.fcsv" "[0.01s]"
[DEBUG][Qt] 21.03.2024 15:54:15 [] (unknown:0) - "Volume" Reader has successfully read the file "D:\\Code\\3D_slicer\\Navigation_robotics\\Data\\Week_2_4_TestSet_Path_planning\\r_cortexTest.nii.gz" "[0.03s]"
[DEBUG][Qt] 21.03.2024 15:54:15 [] (unknown:0) - "Volume" Reader has successfully read the file "D:\\Code\\3D_slicer\\Navigation_robotics\\Data\\Week_2_4_TestSet_Path_planning\\r_hippoTest.nii.gz" "[0.02s]"
[ERROR][VTK] 21.03.2024 15:54:15 [vtkMRMLSubjectHierarchyNode (000001B0577DE110)] (vtkMRMLSubjectHierarchyNode.cxx:2983) - vtkSubjectHierarchyItem::DataNodeCache inconsistency found
[DEBUG][Qt] 21.03.2024 15:54:15 [] (unknown:0) - "Volume" Reader has successfully read the file "D:\\Code\\3D_slicer\\Navigation_robotics\\Data\\Week_2_4_TestSet_Path_planning\\ventriclesTest.nii.gz" "[0.02s]"
[DEBUG][Qt] 21.03.2024 15:54:15 [] (unknown:0) - "Volume" Reader has successfully read the file "D:\\Code\\3D_slicer\\Navigation_robotics\\Data\\Week_2_4_TestSet_Path_planning\\vesselsTestDilate1.nii.gz" "[0.02s]"
[DEBUG][Qt] 21.03.2024 15:54:15 [] (unknown:0) - "Volume" Reader has successfully read the file "D:\\Code\\3D_slicer\\Navigation_robotics\\Data\\Week_2_4_TestSet_Path_planning\\fakeBrainTest.nii.gz" "[0.03s]"
[INFO][Stream] 21.03.2024 15:54:15 [] (unknown:0) - Number of entries is: 48
[INFO][Stream] 21.03.2024 15:54:15 [] (unknown:0) - Number of targets is: 21
[INFO][Python] 21.03.2024 15:54:15 [Python] (C:/Users/DANG THE HUNG/OneDrive - King's College London/Msc study/7MRI0070 - Navigation in Robotic/Module/My_extension/Pathway_planning/Pathway_planning.py:619) - Test passed: Model Creation
[CRITICAL][Stream] 21.03.2024 15:54:15 [] (unknown:0) - INFO - Test passed: Model Creation
[CRITICAL][Stream] 21.03.2024 15:54:15 [] (unknown:0) - INFO - Test passed: Model Creation
[CRITICAL][Stream] 21.03.2024 15:54:15 [] (unknown:0) - INFO - Test passed: Model Creation
[CRITICAL][Stream] 21.03.2024 15:54:15 [] (unknown:0) - INFO - Test passed: Model Creation
[INFO][Python] 21.03.2024 15:54:15 [Python] (D:\Program\Slicer 5.6.1\bin\Python\slicer\util.py:2877) - Test passed: Model Creation
[CRITICAL][Stream] 21.03.2024 15:54:15 [] (unknown:0) - INFO - Test passed: Model Creation
[CRITICAL][Stream] 21.03.2024 15:54:15 [] (unknown:0) - INFO - Test passed: Model Creation
[CRITICAL][Stream] 21.03.2024 15:54:15 [] (unknown:0) - INFO - Test passed: Model Creation
[CRITICAL][Stream] 21.03.2024 15:54:15 [] (unknown:0) - INFO - Test passed: Model Creation
[WARNING][Python] 21.03.2024 15:54:16 [Python] (C:/Users/DANG THE HUNG/OneDrive - King's College London/Msc study/7MRI0070 - Navigation in Robotic/Module/My_extension/Pathway_planning/Pathway_planning.py:622) - Test failed: Check A Point Is In A Label Volume Node
[CRITICAL][Stream] 21.03.2024 15:54:16 [] (unknown:0) - WARNING - Test failed: Check A Point Is In A Label Volume Node
[CRITICAL][Stream] 21.03.2024 15:54:16 [] (unknown:0) - WARNING - Test failed: Check A Point Is In A Label Volume Node
[CRITICAL][Stream] 21.03.2024 15:54:16 [] (unknown:0) - WARNING - Test failed: Check A Point Is In A Label Volume Node
[CRITICAL][Stream] 21.03.2024 15:54:16 [] (unknown:0) - WARNING - Test failed: Check A Point Is In A Label Volume Node
[INFO][Stream] 21.03.2024 15:55:24 [] (unknown:0) -
[INFO][Stream] 21.03.2024 15:55:24 [] (unknown:0) -
[INFO][Stream] 21.03.2024 15:55:24 [] (unknown:0) -
[INFO][Stream] 21.03.2024 15:55:24 [] (unknown:0) - ------------------------------
[INFO][Stream] 21.03.2024 15:55:24 [] (unknown:0) - Reloading module: Pathway_planning
[INFO][Stream] 21.03.2024 15:55:24 [] (unknown:0) - ------------------------------
[INFO][Stream] 21.03.2024 15:55:24 [] (unknown:0) -
[INFO][Stream] 21.03.2024 15:55:24 [] (unknown:0) -
[INFO][Stream] 21.03.2024 15:55:24 [] (unknown:0) -
[DEBUG][Qt] 21.03.2024 15:55:24 [] (unknown:0) - "Markups" Reader has successfully read the file "D:\\Code\\3D_slicer\\Navigation_robotics\\Data\\Week_2_4_TestSet_Path_planning\\entriesSubsample.fcsv" "[0.02s]"
[ERROR][VTK] 21.03.2024 15:55:25 [vtkMRMLSubjectHierarchyNode (000001B0577E0710)] (vtkMRMLSubjectHierarchyNode.cxx:2983) - vtkSubjectHierarchyItem::DataNodeCache inconsistency found
[DEBUG][Qt] 21.03.2024 15:55:25 [] (unknown:0) - "Markups" Reader has successfully read the file "D:\\Code\\3D_slicer\\Navigation_robotics\\Data\\Week_2_4_TestSet_Path_planning\\targetsSubsample.fcsv" "[0.01s]"
[DEBUG][Qt] 21.03.2024 15:55:25 [] (unknown:0) - "Volume" Reader has successfully read the file "D:\\Code\\3D_slicer\\Navigation_robotics\\Data\\Week_2_4_TestSet_Path_planning\\r_cortexTest.nii.gz" "[0.03s]"
[DEBUG][Qt] 21.03.2024 15:55:25 [] (unknown:0) - "Volume" Reader has successfully read the file "D:\\Code\\3D_slicer\\Navigation_robotics\\Data\\Week_2_4_TestSet_Path_planning\\r_hippoTest.nii.gz" "[0.02s]"
[DEBUG][Qt] 21.03.2024 15:55:25 [] (unknown:0) - "Volume" Reader has successfully read the file "D:\\Code\\3D_slicer\\Navigation_robotics\\Data\\Week_2_4_TestSet_Path_planning\\ventriclesTest.nii.gz" "[0.02s]"
[DEBUG][Qt] 21.03.2024 15:55:25 [] (unknown:0) - "Volume" Reader has successfully read the file "D:\\Code\\3D_slicer\\Navigation_robotics\\Data\\Week_2_4_TestSet_Path_planning\\vesselsTestDilate1.nii.gz" "[0.02s]"
[DEBUG][Qt] 21.03.2024 15:55:25 [] (unknown:0) - "Volume" Reader has successfully read the file "D:\\Code\\3D_slicer\\Navigation_robotics\\Data\\Week_2_4_TestSet_Path_planning\\fakeBrainTest.nii.gz" "[0.03s]"
[INFO][Stream] 21.03.2024 15:55:25 [] (unknown:0) - Number of entries is: 48
[INFO][Stream] 21.03.2024 15:55:25 [] (unknown:0) - Number of targets is: 21
[WARNING][Python] 21.03.2024 15:55:26 [Python] (C:/Users/DANG THE HUNG/OneDrive - King's College London/Msc study/7MRI0070 - Navigation in Robotic/Module/My_extension/Pathway_planning/Pathway_planning.py:621) - Test failed: Check A Point Is In A Label Volume Node
[CRITICAL][Stream] 21.03.2024 15:55:26 [] (unknown:0) - WARNING - Test failed: Check A Point Is In A Label Volume Node
[CRITICAL][Stream] 21.03.2024 15:55:26 [] (unknown:0) - WARNING - Test failed: Check A Point Is In A Label Volume Node
[CRITICAL][Stream] 21.03.2024 15:55:26 [] (unknown:0) - WARNING - Test failed: Check A Point Is In A Label Volume Node
[CRITICAL][Stream] 21.03.2024 15:55:26 [] (unknown:0) - WARNING - Test failed: Check A Point Is In A Label Volume Node
[CRITICAL][Stream] 21.03.2024 15:55:26 [] (unknown:0) - WARNING - Test failed: Check A Point Is In A Label Volume Node
[ERROR][Python] 21.03.2024 15:55:26 [Python] (D:\Program\Slicer 5.6.1\bin\Python\slicer\util.py:3009) - Reload and Test failed.

'Pathway_planningTest' object has no attribute 'unit_test_convert_IJK_to_RAS'
[CRITICAL][Stream] 21.03.2024 15:55:26 [] (unknown:0) - ERROR - Reload and Test failed.
[CRITICAL][Stream] 21.03.2024 15:55:26 [] (unknown:0) -
[CRITICAL][Stream] 21.03.2024 15:55:26 [] (unknown:0) - 'Pathway_planningTest' object has no attribute 'unit_test_convert_IJK_to_RAS'
[CRITICAL][Stream] 21.03.2024 15:55:26 [] (unknown:0) - ERROR - Reload and Test failed.
[CRITICAL][Stream] 21.03.2024 15:55:26 [] (unknown:0) -
[CRITICAL][Stream] 21.03.2024 15:55:26 [] (unknown:0) - 'Pathway_planningTest' object has no attribute 'unit_test_convert_IJK_to_RAS'
[CRITICAL][Stream] 21.03.2024 15:55:26 [] (unknown:0) - ERROR - Reload and Test failed.
[CRITICAL][Stream] 21.03.2024 15:55:26 [] (unknown:0) -
[CRITICAL][Stream] 21.03.2024 15:55:26 [] (unknown:0) - 'Pathway_planningTest' object has no attribute 'unit_test_convert_IJK_to_RAS'
[CRITICAL][Stream] 21.03.2024 15:55:26 [] (unknown:0) - ERROR - Reload and Test failed.
[CRITICAL][Stream] 21.03.2024 15:55:26 [] (unknown:0) -
[CRITICAL][Stream] 21.03.2024 15:55:26 [] (unknown:0) - 'Pathway_planningTest' object has no attribute 'unit_test_convert_IJK_to_RAS'
[CRITICAL][Stream] 21.03.2024 15:55:26 [] (unknown:0) - ERROR - Reload and Test failed.
[CRITICAL][Stream] 21.03.2024 15:55:26 [] (unknown:0) -
[CRITICAL][Stream] 21.03.2024 15:55:26 [] (unknown:0) - 'Pathway_planningTest' object has no attribute 'unit_test_convert_IJK_to_RAS'
[CRITICAL][Stream] 21.03.2024 15:55:28 [] (unknown:0) - Traceback (most recent call last):
[CRITICAL][Stream] 21.03.2024 15:55:28 [] (unknown:0) -   File "D:\Program\Slicer 5.6.1\bin\Python\slicer\ScriptedLoadableModule.py", line 265, in onReloadAndTest
[CRITICAL][Stream] 21.03.2024 15:55:28 [] (unknown:0) -     test(msec=int(slicer.app.userSettings().value("Developer/SelfTestDisplayMessageDelay")), **kwargs)
[CRITICAL][Stream] 21.03.2024 15:55:28 [] (unknown:0) -   File "D:\Program\Slicer 5.6.1\bin\Python\slicer\ScriptedLoadableModule.py", line 83, in runTest
[CRITICAL][Stream] 21.03.2024 15:55:28 [] (unknown:0) -     testCase.runTest(**kwargs)
[CRITICAL][Stream] 21.03.2024 15:55:28 [] (unknown:0) -   File "C:/Users/DANG THE HUNG/OneDrive - King's College London/Msc study/7MRI0070 - Navigation in Robotic/Module/My_extension/Pathway_planning/Pathway_planning.py", line 346, in runTest
[CRITICAL][Stream] 21.03.2024 15:55:28 [] (unknown:0) -     self.unit_test_convert_IJK_to_RAS()
[CRITICAL][Stream] 21.03.2024 15:55:28 [] (unknown:0) - AttributeError: 'Pathway_planningTest' object has no attribute 'unit_test_convert_IJK_to_RAS'
[INFO][Stream] 21.03.2024 15:55:36 [] (unknown:0) -
[INFO][Stream] 21.03.2024 15:55:36 [] (unknown:0) -
[INFO][Stream] 21.03.2024 15:55:36 [] (unknown:0) -
[INFO][Stream] 21.03.2024 15:55:36 [] (unknown:0) - ------------------------------
[INFO][Stream] 21.03.2024 15:55:36 [] (unknown:0) - Reloading module: Pathway_planning
[INFO][Stream] 21.03.2024 15:55:36 [] (unknown:0) - ------------------------------
[INFO][Stream] 21.03.2024 15:55:36 [] (unknown:0) -
[INFO][Stream] 21.03.2024 15:55:36 [] (unknown:0) -
[INFO][Stream] 21.03.2024 15:55:36 [] (unknown:0) -
[DEBUG][Qt] 21.03.2024 15:55:36 [] (unknown:0) - "Markups" Reader has successfully read the file "D:\\Code\\3D_slicer\\Navigation_robotics\\Data\\Week_2_4_TestSet_Path_planning\\entriesSubsample.fcsv" "[0.02s]"
[ERROR][VTK] 21.03.2024 15:55:36 [vtkMRMLSubjectHierarchyNode (000001B052B075E0)] (vtkMRMLSubjectHierarchyNode.cxx:2983) - vtkSubjectHierarchyItem::DataNodeCache inconsistency found
[DEBUG][Qt] 21.03.2024 15:55:36 [] (unknown:0) - "Markups" Reader has successfully read the file "D:\\Code\\3D_slicer\\Navigation_robotics\\Data\\Week_2_4_TestSet_Path_planning\\targetsSubsample.fcsv" "[0.01s]"
[ERROR][VTK] 21.03.2024 15:55:36 [vtkMRMLSubjectHierarchyNode (000001B052B075E0)] (vtkMRMLSubjectHierarchyNode.cxx:2983) - vtkSubjectHierarchyItem::DataNodeCache inconsistency found
[DEBUG][Qt] 21.03.2024 15:55:36 [] (unknown:0) - "Volume" Reader has successfully read the file "D:\\Code\\3D_slicer\\Navigation_robotics\\Data\\Week_2_4_TestSet_Path_planning\\r_cortexTest.nii.gz" "[0.03s]"
[DEBUG][Qt] 21.03.2024 15:55:36 [] (unknown:0) - "Volume" Reader has successfully read the file "D:\\Code\\3D_slicer\\Navigation_robotics\\Data\\Week_2_4_TestSet_Path_planning\\r_hippoTest.nii.gz" "[0.02s]"
[DEBUG][Qt] 21.03.2024 15:55:36 [] (unknown:0) - "Volume" Reader has successfully read the file "D:\\Code\\3D_slicer\\Navigation_robotics\\Data\\Week_2_4_TestSet_Path_planning\\ventriclesTest.nii.gz" "[0.02s]"
[DEBUG][Qt] 21.03.2024 15:55:36 [] (unknown:0) - "Volume" Reader has successfully read the file "D:\\Code\\3D_slicer\\Navigation_robotics\\Data\\Week_2_4_TestSet_Path_planning\\vesselsTestDilate1.nii.gz" "[0.02s]"
[DEBUG][Qt] 21.03.2024 15:55:36 [] (unknown:0) - "Volume" Reader has successfully read the file "D:\\Code\\3D_slicer\\Navigation_robotics\\Data\\Week_2_4_TestSet_Path_planning\\fakeBrainTest.nii.gz" "[0.03s]"
[INFO][Stream] 21.03.2024 15:55:36 [] (unknown:0) - Number of entries is: 48
[INFO][Stream] 21.03.2024 15:55:36 [] (unknown:0) - Number of targets is: 21
[WARNING][Python] 21.03.2024 15:55:37 [Python] (C:/Users/DANG THE HUNG/OneDrive - King's College London/Msc study/7MRI0070 - Navigation in Robotic/Module/My_extension/Pathway_planning/Pathway_planning.py:621) - Test failed: Check A Point Is In A Label Volume Node
[CRITICAL][Stream] 21.03.2024 15:55:37 [] (unknown:0) - WARNING - Test failed: Check A Point Is In A Label Volume Node
[CRITICAL][Stream] 21.03.2024 15:55:37 [] (unknown:0) - WARNING - Test failed: Check A Point Is In A Label Volume Node
[CRITICAL][Stream] 21.03.2024 15:55:37 [] (unknown:0) - WARNING - Test failed: Check A Point Is In A Label Volume Node
[CRITICAL][Stream] 21.03.2024 15:55:37 [] (unknown:0) - WARNING - Test failed: Check A Point Is In A Label Volume Node
[CRITICAL][Stream] 21.03.2024 15:55:37 [] (unknown:0) - WARNING - Test failed: Check A Point Is In A Label Volume Node
[CRITICAL][Stream] 21.03.2024 15:55:37 [] (unknown:0) - WARNING - Test failed: Check A Point Is In A Label Volume Node
[INFO][Stream] 21.03.2024 15:57:02 [] (unknown:0) -
[INFO][Stream] 21.03.2024 15:57:02 [] (unknown:0) -
[INFO][Stream] 21.03.2024 15:57:02 [] (unknown:0) -
[INFO][Stream] 21.03.2024 15:57:02 [] (unknown:0) - ------------------------------
[INFO][Stream] 21.03.2024 15:57:02 [] (unknown:0) - Reloading module: Pathway_planning
[INFO][Stream] 21.03.2024 15:57:02 [] (unknown:0) - ------------------------------
[INFO][Stream] 21.03.2024 15:57:02 [] (unknown:0) -
[INFO][Stream] 21.03.2024 15:57:02 [] (unknown:0) -
[INFO][Stream] 21.03.2024 15:57:02 [] (unknown:0) -
[DEBUG][Qt] 21.03.2024 15:57:02 [] (unknown:0) - "Markups" Reader has successfully read the file "D:\\Code\\3D_slicer\\Navigation_robotics\\Data\\Week_2_4_TestSet_Path_planning\\entriesSubsample.fcsv" "[0.03s]"
[DEBUG][Qt] 21.03.2024 15:57:03 [] (unknown:0) - "Markups" Reader has successfully read the file "D:\\Code\\3D_slicer\\Navigation_robotics\\Data\\Week_2_4_TestSet_Path_planning\\targetsSubsample.fcsv" "[0.02s]"
[DEBUG][Qt] 21.03.2024 15:57:03 [] (unknown:0) - "Volume" Reader has successfully read the file "D:\\Code\\3D_slicer\\Navigation_robotics\\Data\\Week_2_4_TestSet_Path_planning\\r_cortexTest.nii.gz" "[0.04s]"
[DEBUG][Qt] 21.03.2024 15:57:03 [] (unknown:0) - "Volume" Reader has successfully read the file "D:\\Code\\3D_slicer\\Navigation_robotics\\Data\\Week_2_4_TestSet_Path_planning\\r_hippoTest.nii.gz" "[0.02s]"
[DEBUG][Qt] 21.03.2024 15:57:03 [] (unknown:0) - "Volume" Reader has successfully read the file "D:\\Code\\3D_slicer\\Navigation_robotics\\Data\\Week_2_4_TestSet_Path_planning\\ventriclesTest.nii.gz" "[0.03s]"
[DEBUG][Qt] 21.03.2024 15:57:03 [] (unknown:0) - "Volume" Reader has successfully read the file "D:\\Code\\3D_slicer\\Navigation_robotics\\Data\\Week_2_4_TestSet_Path_planning\\vesselsTestDilate1.nii.gz" "[0.04s]"
[DEBUG][Qt] 21.03.2024 15:57:03 [] (unknown:0) - "Volume" Reader has successfully read the file "D:\\Code\\3D_slicer\\Navigation_robotics\\Data\\Week_2_4_TestSet_Path_planning\\fakeBrainTest.nii.gz" "[0.04s]"
[INFO][Stream] 21.03.2024 15:57:03 [] (unknown:0) - Number of entries is: 48
[INFO][Stream] 21.03.2024 15:57:03 [] (unknown:0) - Number of targets is: 21
[WARNING][Python] 21.03.2024 15:57:04 [Python] (C:/Users/DANG THE HUNG/OneDrive - King's College London/Msc study/7MRI0070 - Navigation in Robotic/Module/My_extension/Pathway_planning/Pathway_planning.py:622) - Test failed: Check A Point Is In A Label Volume Node
[CRITICAL][Stream] 21.03.2024 15:57:04 [] (unknown:0) - WARNING - Test failed: Check A Point Is In A Label Volume Node
[CRITICAL][Stream] 21.03.2024 15:57:04 [] (unknown:0) - WARNING - Test failed: Check A Point Is In A Label Volume Node
[CRITICAL][Stream] 21.03.2024 15:57:04 [] (unknown:0) - WARNING - Test failed: Check A Point Is In A Label Volume Node
[CRITICAL][Stream] 21.03.2024 15:57:04 [] (unknown:0) - WARNING - Test failed: Check A Point Is In A Label Volume Node
[CRITICAL][Stream] 21.03.2024 15:57:04 [] (unknown:0) - WARNING - Test failed: Check A Point Is In A Label Volume Node
[CRITICAL][Stream] 21.03.2024 15:57:04 [] (unknown:0) - WARNING - Test failed: Check A Point Is In A Label Volume Node
[CRITICAL][Stream] 21.03.2024 15:57:04 [] (unknown:0) - WARNING - Test failed: Check A Point Is In A Label Volume Node
[INFO][Stream] 21.03.2024 15:57:11 [] (unknown:0) -
[INFO][Stream] 21.03.2024 15:57:11 [] (unknown:0) -
[INFO][Stream] 21.03.2024 15:57:11 [] (unknown:0) -
[INFO][Stream] 21.03.2024 15:57:11 [] (unknown:0) - ------------------------------
[INFO][Stream] 21.03.2024 15:57:11 [] (unknown:0) - Reloading module: Pathway_planning
[INFO][Stream] 21.03.2024 15:57:11 [] (unknown:0) - ------------------------------
[INFO][Stream] 21.03.2024 15:57:11 [] (unknown:0) -
[INFO][Stream] 21.03.2024 15:57:11 [] (unknown:0) -
[INFO][Stream] 21.03.2024 15:57:11 [] (unknown:0) -
[ERROR][VTK] 21.03.2024 15:57:11 [vtkMRMLSubjectHierarchyNode (000001B0577CE680)] (vtkMRMLSubjectHierarchyNode.cxx:2983) - vtkSubjectHierarchyItem::DataNodeCache inconsistency found
[DEBUG][Qt] 21.03.2024 15:57:11 [] (unknown:0) - "Markups" Reader has successfully read the file "D:\\Code\\3D_slicer\\Navigation_robotics\\Data\\Week_2_4_TestSet_Path_planning\\entriesSubsample.fcsv" "[0.02s]"
[DEBUG][Qt] 21.03.2024 15:57:11 [] (unknown:0) - "Markups" Reader has successfully read the file "D:\\Code\\3D_slicer\\Navigation_robotics\\Data\\Week_2_4_TestSet_Path_planning\\targetsSubsample.fcsv" "[0.01s]"
[DEBUG][Qt] 21.03.2024 15:57:11 [] (unknown:0) - "Volume" Reader has successfully read the file "D:\\Code\\3D_slicer\\Navigation_robotics\\Data\\Week_2_4_TestSet_Path_planning\\r_cortexTest.nii.gz" "[0.03s]"
[DEBUG][Qt] 21.03.2024 15:57:11 [] (unknown:0) - "Volume" Reader has successfully read the file "D:\\Code\\3D_slicer\\Navigation_robotics\\Data\\Week_2_4_TestSet_Path_planning\\r_hippoTest.nii.gz" "[0.02s]"
[DEBUG][Qt] 21.03.2024 15:57:11 [] (unknown:0) - "Volume" Reader has successfully read the file "D:\\Code\\3D_slicer\\Navigation_robotics\\Data\\Week_2_4_TestSet_Path_planning\\ventriclesTest.nii.gz" "[0.02s]"
[DEBUG][Qt] 21.03.2024 15:57:12 [] (unknown:0) - "Volume" Reader has successfully read the file "D:\\Code\\3D_slicer\\Navigation_robotics\\Data\\Week_2_4_TestSet_Path_planning\\vesselsTestDilate1.nii.gz" "[0.02s]"
[ERROR][VTK] 21.03.2024 15:57:12 [vtkMRMLSubjectHierarchyNode (000001B0577CE680)] (vtkMRMLSubjectHierarchyNode.cxx:2983) - vtkSubjectHierarchyItem::DataNodeCache inconsistency found
[DEBUG][Qt] 21.03.2024 15:57:12 [] (unknown:0) - "Volume" Reader has successfully read the file "D:\\Code\\3D_slicer\\Navigation_robotics\\Data\\Week_2_4_TestSet_Path_planning\\fakeBrainTest.nii.gz" "[0.03s]"
[INFO][Stream] 21.03.2024 15:57:12 [] (unknown:0) - Number of entries is: 48
[INFO][Stream] 21.03.2024 15:57:12 [] (unknown:0) - Number of targets is: 21
[WARNING][Python] 21.03.2024 15:57:12 [Python] (C:/Users/DANG THE HUNG/OneDrive - King's College London/Msc study/7MRI0070 - Navigation in Robotic/Module/My_extension/Pathway_planning/Pathway_planning.py:622) - Test failed: Check A Point Is In A Label Volume Node
[CRITICAL][Stream] 21.03.2024 15:57:12 [] (unknown:0) - WARNING - Test failed: Check A Point Is In A Label Volume Node
[CRITICAL][Stream] 21.03.2024 15:57:12 [] (unknown:0) - WARNING - Test failed: Check A Point Is In A Label Volume Node
[CRITICAL][Stream] 21.03.2024 15:57:12 [] (unknown:0) - WARNING - Test failed: Check A Point Is In A Label Volume Node
[CRITICAL][Stream] 21.03.2024 15:57:12 [] (unknown:0) - WARNING - Test failed: Check A Point Is In A Label Volume Node
[CRITICAL][Stream] 21.03.2024 15:57:12 [] (unknown:0) - WARNING - Test failed: Check A Point Is In A Label Volume Node
[CRITICAL][Stream] 21.03.2024 15:57:12 [] (unknown:0) - WARNING - Test failed: Check A Point Is In A Label Volume Node
[CRITICAL][Stream] 21.03.2024 15:57:12 [] (unknown:0) - WARNING - Test failed: Check A Point Is In A Label Volume Node
[CRITICAL][Stream] 21.03.2024 15:57:12 [] (unknown:0) - WARNING - Test failed: Check A Point Is In A Label Volume Node
[INFO][Stream] 21.03.2024 16:00:30 [] (unknown:0) -
[INFO][Stream] 21.03.2024 16:00:30 [] (unknown:0) -
[INFO][Stream] 21.03.2024 16:00:30 [] (unknown:0) -
[INFO][Stream] 21.03.2024 16:00:30 [] (unknown:0) - ------------------------------
[INFO][Stream] 21.03.2024 16:00:30 [] (unknown:0) - Reloading module: Pathway_planning
[INFO][Stream] 21.03.2024 16:00:30 [] (unknown:0) - ------------------------------
[INFO][Stream] 21.03.2024 16:00:30 [] (unknown:0) -
[INFO][Stream] 21.03.2024 16:00:30 [] (unknown:0) -
[INFO][Stream] 21.03.2024 16:00:30 [] (unknown:0) -
[ERROR][VTK] 21.03.2024 16:00:30 [vtkMRMLSubjectHierarchyNode (000001B0577DF540)] (vtkMRMLSubjectHierarchyNode.cxx:2983) - vtkSubjectHierarchyItem::DataNodeCache inconsistency found
[DEBUG][Qt] 21.03.2024 16:00:30 [] (unknown:0) - "Markups" Reader has successfully read the file "D:\\Code\\3D_slicer\\Navigation_robotics\\Data\\Week_2_4_TestSet_Path_planning\\entriesSubsample.fcsv" "[0.02s]"
[ERROR][VTK] 21.03.2024 16:00:30 [vtkMRMLSubjectHierarchyNode (000001B0577DF540)] (vtkMRMLSubjectHierarchyNode.cxx:2983) - vtkSubjectHierarchyItem::DataNodeCache inconsistency found
[DEBUG][Qt] 21.03.2024 16:00:30 [] (unknown:0) - "Markups" Reader has successfully read the file "D:\\Code\\3D_slicer\\Navigation_robotics\\Data\\Week_2_4_TestSet_Path_planning\\targetsSubsample.fcsv" "[0.01s]"
[DEBUG][Qt] 21.03.2024 16:00:30 [] (unknown:0) - "Volume" Reader has successfully read the file "D:\\Code\\3D_slicer\\Navigation_robotics\\Data\\Week_2_4_TestSet_Path_planning\\r_cortexTest.nii.gz" "[0.03s]"
[DEBUG][Qt] 21.03.2024 16:00:30 [] (unknown:0) - "Volume" Reader has successfully read the file "D:\\Code\\3D_slicer\\Navigation_robotics\\Data\\Week_2_4_TestSet_Path_planning\\r_hippoTest.nii.gz" "[0.02s]"
[ERROR][VTK] 21.03.2024 16:00:30 [vtkMRMLSubjectHierarchyNode (000001B0577DF540)] (vtkMRMLSubjectHierarchyNode.cxx:2983) - vtkSubjectHierarchyItem::DataNodeCache inconsistency found
[DEBUG][Qt] 21.03.2024 16:00:30 [] (unknown:0) - "Volume" Reader has successfully read the file "D:\\Code\\3D_slicer\\Navigation_robotics\\Data\\Week_2_4_TestSet_Path_planning\\ventriclesTest.nii.gz" "[0.02s]"
[DEBUG][Qt] 21.03.2024 16:00:30 [] (unknown:0) - "Volume" Reader has successfully read the file "D:\\Code\\3D_slicer\\Navigation_robotics\\Data\\Week_2_4_TestSet_Path_planning\\vesselsTestDilate1.nii.gz" "[0.02s]"
[DEBUG][Qt] 21.03.2024 16:00:30 [] (unknown:0) - "Volume" Reader has successfully read the file "D:\\Code\\3D_slicer\\Navigation_robotics\\Data\\Week_2_4_TestSet_Path_planning\\fakeBrainTest.nii.gz" "[0.03s]"
[INFO][Stream] 21.03.2024 16:00:30 [] (unknown:0) - Number of entries is: 48
[INFO][Stream] 21.03.2024 16:00:30 [] (unknown:0) - Number of targets is: 21
[INFO][Stream] 21.03.2024 16:00:37 [] (unknown:0) -
[INFO][Stream] 21.03.2024 16:00:37 [] (unknown:0) -
[INFO][Stream] 21.03.2024 16:00:37 [] (unknown:0) -
[INFO][Stream] 21.03.2024 16:00:37 [] (unknown:0) - ------------------------------
[INFO][Stream] 21.03.2024 16:00:37 [] (unknown:0) - Reloading module: Pathway_planning
[INFO][Stream] 21.03.2024 16:00:37 [] (unknown:0) - ------------------------------
[INFO][Stream] 21.03.2024 16:00:37 [] (unknown:0) -
[INFO][Stream] 21.03.2024 16:00:37 [] (unknown:0) -
[INFO][Stream] 21.03.2024 16:00:37 [] (unknown:0) -
[DEBUG][Qt] 21.03.2024 16:00:37 [] (unknown:0) - "Markups" Reader has successfully read the file "D:\\Code\\3D_slicer\\Navigation_robotics\\Data\\Week_2_4_TestSet_Path_planning\\entriesSubsample.fcsv" "[0.02s]"
[DEBUG][Qt] 21.03.2024 16:00:37 [] (unknown:0) - "Markups" Reader has successfully read the file "D:\\Code\\3D_slicer\\Navigation_robotics\\Data\\Week_2_4_TestSet_Path_planning\\targetsSubsample.fcsv" "[0.01s]"
[DEBUG][Qt] 21.03.2024 16:00:37 [] (unknown:0) - "Volume" Reader has successfully read the file "D:\\Code\\3D_slicer\\Navigation_robotics\\Data\\Week_2_4_TestSet_Path_planning\\r_cortexTest.nii.gz" "[0.03s]"
[ERROR][VTK] 21.03.2024 16:00:37 [vtkMRMLSubjectHierarchyNode (000001B065DFFFB0)] (vtkMRMLSubjectHierarchyNode.cxx:2983) - vtkSubjectHierarchyItem::DataNodeCache inconsistency found
[DEBUG][Qt] 21.03.2024 16:00:37 [] (unknown:0) - "Volume" Reader has successfully read the file "D:\\Code\\3D_slicer\\Navigation_robotics\\Data\\Week_2_4_TestSet_Path_planning\\r_hippoTest.nii.gz" "[0.02s]"
[DEBUG][Qt] 21.03.2024 16:00:37 [] (unknown:0) - "Volume" Reader has successfully read the file "D:\\Code\\3D_slicer\\Navigation_robotics\\Data\\Week_2_4_TestSet_Path_planning\\ventriclesTest.nii.gz" "[0.02s]"
[DEBUG][Qt] 21.03.2024 16:00:37 [] (unknown:0) - "Volume" Reader has successfully read the file "D:\\Code\\3D_slicer\\Navigation_robotics\\Data\\Week_2_4_TestSet_Path_planning\\vesselsTestDilate1.nii.gz" "[0.02s]"
[DEBUG][Qt] 21.03.2024 16:00:37 [] (unknown:0) - "Volume" Reader has successfully read the file "D:\\Code\\3D_slicer\\Navigation_robotics\\Data\\Week_2_4_TestSet_Path_planning\\fakeBrainTest.nii.gz" "[0.03s]"
[INFO][Stream] 21.03.2024 16:00:37 [] (unknown:0) - Number of entries is: 48
[INFO][Stream] 21.03.2024 16:00:37 [] (unknown:0) - Number of targets is: 21
[ERROR][VTK] 21.03.2024 16:00:37 [vtkMRMLSubjectHierarchyNode (000001B065DFFFB0)] (vtkMRMLSubjectHierarchyNode.cxx:2983) - vtkSubjectHierarchyItem::DataNodeCache inconsistency found
[INFO][Stream] 21.03.2024 16:00:45 [] (unknown:0) -
[INFO][Stream] 21.03.2024 16:00:45 [] (unknown:0) -
[INFO][Stream] 21.03.2024 16:00:45 [] (unknown:0) -
[INFO][Stream] 21.03.2024 16:00:45 [] (unknown:0) - ------------------------------
[INFO][Stream] 21.03.2024 16:00:45 [] (unknown:0) - Reloading module: Pathway_planning
[INFO][Stream] 21.03.2024 16:00:45 [] (unknown:0) - ------------------------------
[INFO][Stream] 21.03.2024 16:00:45 [] (unknown:0) -
[INFO][Stream] 21.03.2024 16:00:45 [] (unknown:0) -
[INFO][Stream] 21.03.2024 16:00:45 [] (unknown:0) -
[ERROR][VTK] 21.03.2024 16:00:45 [vtkMRMLSubjectHierarchyNode (000001B065E01640)] (vtkMRMLSubjectHierarchyNode.cxx:2983) - vtkSubjectHierarchyItem::DataNodeCache inconsistency found
[DEBUG][Qt] 21.03.2024 16:00:45 [] (unknown:0) - "Markups" Reader has successfully read the file "D:\\Code\\3D_slicer\\Navigation_robotics\\Data\\Week_2_4_TestSet_Path_planning\\entriesSubsample.fcsv" "[0.02s]"
[DEBUG][Qt] 21.03.2024 16:00:45 [] (unknown:0) - "Markups" Reader has successfully read the file "D:\\Code\\3D_slicer\\Navigation_robotics\\Data\\Week_2_4_TestSet_Path_planning\\targetsSubsample.fcsv" "[0.02s]"
[DEBUG][Qt] 21.03.2024 16:00:45 [] (unknown:0) - "Volume" Reader has successfully read the file "D:\\Code\\3D_slicer\\Navigation_robotics\\Data\\Week_2_4_TestSet_Path_planning\\r_cortexTest.nii.gz" "[0.03s]"
[DEBUG][Qt] 21.03.2024 16:00:45 [] (unknown:0) - "Volume" Reader has successfully read the file "D:\\Code\\3D_slicer\\Navigation_robotics\\Data\\Week_2_4_TestSet_Path_planning\\r_hippoTest.nii.gz" "[0.02s]"
[DEBUG][Qt] 21.03.2024 16:00:45 [] (unknown:0) - "Volume" Reader has successfully read the file "D:\\Code\\3D_slicer\\Navigation_robotics\\Data\\Week_2_4_TestSet_Path_planning\\ventriclesTest.nii.gz" "[0.02s]"
[DEBUG][Qt] 21.03.2024 16:00:45 [] (unknown:0) - "Volume" Reader has successfully read the file "D:\\Code\\3D_slicer\\Navigation_robotics\\Data\\Week_2_4_TestSet_Path_planning\\vesselsTestDilate1.nii.gz" "[0.02s]"
[DEBUG][Qt] 21.03.2024 16:00:45 [] (unknown:0) - "Volume" Reader has successfully read the file "D:\\Code\\3D_slicer\\Navigation_robotics\\Data\\Week_2_4_TestSet_Path_planning\\fakeBrainTest.nii.gz" "[0.03s]"
[INFO][Stream] 21.03.2024 16:00:45 [] (unknown:0) - Number of entries is: 48
[INFO][Stream] 21.03.2024 16:00:45 [] (unknown:0) - Number of targets is: 21
[ERROR][VTK] 21.03.2024 16:00:46 [vtkMRMLSubjectHierarchyNode (000001B065E01640)] (vtkMRMLSubjectHierarchyNode.cxx:2983) - vtkSubjectHierarchyItem::DataNodeCache inconsistency found
[ERROR][VTK] 21.03.2024 16:00:46 [vtkMRMLSubjectHierarchyNode (000001B065E01640)] (vtkMRMLSubjectHierarchyNode.cxx:2983) - vtkSubjectHierarchyItem::DataNodeCache inconsistency found
[INFO][Python] 21.03.2024 16:00:46 [Python] (C:/Users/DANG THE HUNG/OneDrive - King's College London/Msc study/7MRI0070 - Navigation in Robotic/Module/My_extension/Pathway_planning/Pathway_planning.py:621) - Test passed: Model Creation
[CRITICAL][Stream] 21.03.2024 16:00:46 [] (unknown:0) - INFO - Test passed: Model Creation
[CRITICAL][Stream] 21.03.2024 16:00:46 [] (unknown:0) - INFO - Test passed: Model Creation
[CRITICAL][Stream] 21.03.2024 16:00:46 [] (unknown:0) - INFO - Test passed: Model Creation
[CRITICAL][Stream] 21.03.2024 16:00:46 [] (unknown:0) - INFO - Test passed: Model Creation
[INFO][Python] 21.03.2024 16:00:46 [Python] (D:\Program\Slicer 5.6.1\bin\Python\slicer\util.py:2877) - Test passed: Model Creation
[CRITICAL][Stream] 21.03.2024 16:00:46 [] (unknown:0) - INFO - Test passed: Model Creation
[CRITICAL][Stream] 21.03.2024 16:00:46 [] (unknown:0) - INFO - Test passed: Model Creation
[CRITICAL][Stream] 21.03.2024 16:00:46 [] (unknown:0) - INFO - Test passed: Model Creation
[CRITICAL][Stream] 21.03.2024 16:00:46 [] (unknown:0) - INFO - Test passed: Model Creation
[WARNING][Python] 21.03.2024 16:00:46 [Python] (C:/Users/DANG THE HUNG/OneDrive - King's College London/Msc study/7MRI0070 - Navigation in Robotic/Module/My_extension/Pathway_planning/Pathway_planning.py:624) - Test failed: Check A Point Is In A Label Volume Node
[CRITICAL][Stream] 21.03.2024 16:00:46 [] (unknown:0) - WARNING - Test failed: Check A Point Is In A Label Volume Node
[CRITICAL][Stream] 21.03.2024 16:00:46 [] (unknown:0) - WARNING - Test failed: Check A Point Is In A Label Volume Node
[CRITICAL][Stream] 21.03.2024 16:00:46 [] (unknown:0) - WARNING - Test failed: Check A Point Is In A Label Volume Node
[CRITICAL][Stream] 21.03.2024 16:00:46 [] (unknown:0) - WARNING - Test failed: Check A Point Is In A Label Volume Node
[CRITICAL][Stream] 21.03.2024 16:00:46 [] (unknown:0) - WARNING - Test failed: Check A Point Is In A Label Volume Node
[CRITICAL][Stream] 21.03.2024 16:00:46 [] (unknown:0) - WARNING - Test failed: Check A Point Is In A Label Volume Node
[CRITICAL][Stream] 21.03.2024 16:00:46 [] (unknown:0) - WARNING - Test failed: Check A Point Is In A Label Volume Node
[CRITICAL][Stream] 21.03.2024 16:00:46 [] (unknown:0) - WARNING - Test failed: Check A Point Is In A Label Volume Node
[DEBUG][Qt] 21.03.2024 16:00:54 [] (unknown:0) - Switch to module:  ""
