[DEBUG][Qt] 21.03.2024 16:26:28 [] (unknown:0) - Session start time .......: 20240321_162628
[DEBUG][Qt] 21.03.2024 16:26:28 [] (unknown:0) - Slicer version ...........: 5.6.1 (revision 32438 / 117ce5f) win-amd64 - installed release
[DEBUG][Qt] 21.03.2024 16:26:28 [] (unknown:0) - Operating system .........: Windows /  Personal / (Build 22621, Code Page 65001) - 64-bit
[DEBUG][Qt] 21.03.2024 16:26:28 [] (unknown:0) - Memory ...................: 7834 MB physical, 12186 MB virtual
[DEBUG][Qt] 21.03.2024 16:26:28 [] (unknown:0) - CPU ......................: GenuineIntel , 8 cores, 8 logical processors
[DEBUG][Qt] 21.03.2024 16:26:28 [] (unknown:0) - VTK configuration ........: OpenGL2 rendering, TBB threading
[DEBUG][Qt] 21.03.2024 16:26:28 [] (unknown:0) - Qt configuration .........: version 5.15.2, with SSL, requested OpenGL 3.2 (compatibility profile)
[DEBUG][Qt] 21.03.2024 16:26:28 [] (unknown:0) - Internationalization .....: disabled, language=
[DEBUG][Qt] 21.03.2024 16:26:28 [] (unknown:0) - Developer mode ...........: enabled
[DEBUG][Qt] 21.03.2024 16:26:28 [] (unknown:0) - Application path .........: D:/Program/Slicer 5.6.1/bin
[DEBUG][Qt] 21.03.2024 16:26:28 [] (unknown:0) - Additional module paths ..: C:/Users/DANG THE HUNG/OneDrive - King's College London/Msc study/7MRI0070 - Navigation in Robotic/Module\My_extension\ImageThreshold, slicer.org/Extensions-32438/DebuggingTools/lib/Slicer-5.6/qt-scripted-modules, C:/Users/DANG THE HUNG/OneDrive - King's College London/Msc study/7MRI0070 - Navigation in Robotic/Module/My_extension\Print_hello_world, C:/Users/DANG THE HUNG/OneDrive - King's College London/Msc study/7MRI0070 - Navigation in Robotic/Module/My_extension\Guided_examples, C:/Users/DANG THE HUNG/OneDrive - King's College London/Msc study/7MRI0070 - Navigation in Robotic/Module/My_extension\Segmentation_k_mean, C:/Users/DANG THE HUNG/OneDrive - King's College London/Msc study/7MRI0070 - Navigation in Robotic/Module/My_extension\My_function, C:/Users/DANG THE HUNG/OneDrive - King's College London/Msc study/7MRI0070 - Navigation in Robotic/Module/My_extension\Pathway_planning
[DEBUG][Python] 21.03.2024 16:26:30 [Python] (D:\Program\Slicer 5.6.1\lib\Slicer-5.6\qt-scripted-modules\SubjectHierarchyPlugins\AbstractScriptedSubjectHierarchyPlugin.py:39) - Scripted subject hierarchy plugin registered: SegmentEditor
[DEBUG][Python] 21.03.2024 16:26:30 [Python] (D:\Program\Slicer 5.6.1\lib\Slicer-5.6\qt-scripted-modules\SubjectHierarchyPlugins\AbstractScriptedSubjectHierarchyPlugin.py:39) - Scripted subject hierarchy plugin registered: SegmentStatistics
[DEBUG][Qt] 21.03.2024 16:26:30 [] (unknown:0) - Switch to module:  "Welcome"
[DEBUG][Qt] 21.03.2024 16:26:34 [] (unknown:0) - Switch to module:  "Pathway_planning"
[INFO][Stream] 21.03.2024 16:26:36 [] (unknown:0) -
[INFO][Stream] 21.03.2024 16:26:36 [] (unknown:0) -
[INFO][Stream] 21.03.2024 16:26:36 [] (unknown:0) -
[INFO][Stream] 21.03.2024 16:26:36 [] (unknown:0) - ------------------------------
[INFO][Stream] 21.03.2024 16:26:36 [] (unknown:0) - Reloading module: Pathway_planning
[INFO][Stream] 21.03.2024 16:26:36 [] (unknown:0) - ------------------------------
[INFO][Stream] 21.03.2024 16:26:36 [] (unknown:0) -
[INFO][Stream] 21.03.2024 16:26:36 [] (unknown:0) -
[INFO][Stream] 21.03.2024 16:26:36 [] (unknown:0) -
[CRITICAL][Stream] 21.03.2024 16:26:36 [] (unknown:0) - This is an info message
[INFO][Python] 21.03.2024 16:26:36 [Python] (C:/Users/DANG THE HUNG/OneDrive - King's College London/Msc study/7MRI0070 - Navigation in Robotic/Module/My_extension/Pathway_planning/Pathway_planning.py:330) - This is an info message
[CRITICAL][Stream] 21.03.2024 16:26:36 [] (unknown:0) - This is a warning message
[WARNING][Python] 21.03.2024 16:26:36 [Python] (C:/Users/DANG THE HUNG/OneDrive - King's College London/Msc study/7MRI0070 - Navigation in Robotic/Module/My_extension/Pathway_planning/Pathway_planning.py:331) - This is a warning message
[CRITICAL][Stream] 21.03.2024 16:26:36 [] (unknown:0) - This is an error message
[ERROR][Python] 21.03.2024 16:26:36 [Python] (C:/Users/DANG THE HUNG/OneDrive - King's College London/Msc study/7MRI0070 - Navigation in Robotic/Module/My_extension/Pathway_planning/Pathway_planning.py:332) - This is an error message
[DEBUG][Qt] 21.03.2024 16:26:36 [] (unknown:0) - "Markups" Reader has successfully read the file "D:\\Code\\3D_slicer\\Navigation_robotics\\Data\\Week_2_4_TestSet_Path_planning\\entriesSubsample.fcsv" "[0.03s]"
[DEBUG][Qt] 21.03.2024 16:26:36 [] (unknown:0) - "Markups" Reader has successfully read the file "D:\\Code\\3D_slicer\\Navigation_robotics\\Data\\Week_2_4_TestSet_Path_planning\\targetsSubsample.fcsv" "[0.02s]"
[DEBUG][Qt] 21.03.2024 16:26:36 [] (unknown:0) - "Volume" Reader has successfully read the file "D:\\Code\\3D_slicer\\Navigation_robotics\\Data\\Week_2_4_TestSet_Path_planning\\r_cortexTest.nii.gz" "[0.03s]"
[DEBUG][Qt] 21.03.2024 16:26:36 [] (unknown:0) - "Volume" Reader has successfully read the file "D:\\Code\\3D_slicer\\Navigation_robotics\\Data\\Week_2_4_TestSet_Path_planning\\r_hippoTest.nii.gz" "[0.02s]"
[DEBUG][Qt] 21.03.2024 16:26:36 [] (unknown:0) - "Volume" Reader has successfully read the file "D:\\Code\\3D_slicer\\Navigation_robotics\\Data\\Week_2_4_TestSet_Path_planning\\ventriclesTest.nii.gz" "[0.02s]"
[DEBUG][Qt] 21.03.2024 16:26:36 [] (unknown:0) - "Volume" Reader has successfully read the file "D:\\Code\\3D_slicer\\Navigation_robotics\\Data\\Week_2_4_TestSet_Path_planning\\vesselsTestDilate1.nii.gz" "[0.02s]"
[DEBUG][Qt] 21.03.2024 16:26:37 [] (unknown:0) - "Volume" Reader has successfully read the file "D:\\Code\\3D_slicer\\Navigation_robotics\\Data\\Week_2_4_TestSet_Path_planning\\fakeBrainTest.nii.gz" "[0.04s]"
[INFO][Stream] 21.03.2024 16:26:37 [] (unknown:0) - Number of entries is: 48
[INFO][Stream] 21.03.2024 16:26:37 [] (unknown:0) - Number of targets is: 21
[INFO][Python] 21.03.2024 16:26:37 [Python] (C:/Users/DANG THE HUNG/OneDrive - King's College London/Msc study/7MRI0070 - Navigation in Robotic/Module/My_extension/Pathway_planning/Pathway_planning.py:625) - Test passed: Model Creation
[INFO][Python] 21.03.2024 16:26:37 [Python] (D:\Program\Slicer 5.6.1\bin\Python\slicer\util.py:2877) - Test passed: Model Creation
[WARNING][Python] 21.03.2024 16:26:38 [Python] (C:/Users/DANG THE HUNG/OneDrive - King's College London/Msc study/7MRI0070 - Navigation in Robotic/Module/My_extension/Pathway_planning/Pathway_planning.py:628) - Test failed: Check A Point Is In A Label Volume Node
[INFO][Stream] 21.03.2024 16:27:57 [] (unknown:0) -
[INFO][Stream] 21.03.2024 16:27:57 [] (unknown:0) -
[INFO][Stream] 21.03.2024 16:27:57 [] (unknown:0) -
[INFO][Stream] 21.03.2024 16:27:57 [] (unknown:0) - ------------------------------
[INFO][Stream] 21.03.2024 16:27:57 [] (unknown:0) - Reloading module: Pathway_planning
[INFO][Stream] 21.03.2024 16:27:57 [] (unknown:0) - ------------------------------
[INFO][Stream] 21.03.2024 16:27:57 [] (unknown:0) -
[INFO][Stream] 21.03.2024 16:27:57 [] (unknown:0) -
[INFO][Stream] 21.03.2024 16:27:57 [] (unknown:0) -
[CRITICAL][Stream] 21.03.2024 16:27:57 [] (unknown:0) - This is an info message
[CRITICAL][Stream] 21.03.2024 16:27:57 [] (unknown:0) - This is an info message
[INFO][Python] 21.03.2024 16:27:57 [Python] (C:/Users/DANG THE HUNG/OneDrive - King's College London/Msc study/7MRI0070 - Navigation in Robotic/Module/My_extension/Pathway_planning/Pathway_planning.py:330) - This is an info message
[CRITICAL][Stream] 21.03.2024 16:27:57 [] (unknown:0) - This is a warning message
[CRITICAL][Stream] 21.03.2024 16:27:57 [] (unknown:0) - This is a warning message
[WARNING][Python] 21.03.2024 16:27:57 [Python] (C:/Users/DANG THE HUNG/OneDrive - King's College London/Msc study/7MRI0070 - Navigation in Robotic/Module/My_extension/Pathway_planning/Pathway_planning.py:331) - This is a warning message
[CRITICAL][Stream] 21.03.2024 16:27:57 [] (unknown:0) - This is an error message
[CRITICAL][Stream] 21.03.2024 16:27:57 [] (unknown:0) - This is an error message
[ERROR][Python] 21.03.2024 16:27:57 [Python] (C:/Users/DANG THE HUNG/OneDrive - King's College London/Msc study/7MRI0070 - Navigation in Robotic/Module/My_extension/Pathway_planning/Pathway_planning.py:332) - This is an error message
[DEBUG][Qt] 21.03.2024 16:27:57 [] (unknown:0) - "Markups" Reader has successfully read the file "D:\\Code\\3D_slicer\\Navigation_robotics\\Data\\Week_2_4_TestSet_Path_planning\\entriesSubsample.fcsv" "[0.01s]"
[DEBUG][Qt] 21.03.2024 16:27:57 [] (unknown:0) - "Markups" Reader has successfully read the file "D:\\Code\\3D_slicer\\Navigation_robotics\\Data\\Week_2_4_TestSet_Path_planning\\targetsSubsample.fcsv" "[0.01s]"
[DEBUG][Qt] 21.03.2024 16:27:57 [] (unknown:0) - "Volume" Reader has successfully read the file "D:\\Code\\3D_slicer\\Navigation_robotics\\Data\\Week_2_4_TestSet_Path_planning\\r_cortexTest.nii.gz" "[0.02s]"
[DEBUG][Qt] 21.03.2024 16:27:57 [] (unknown:0) - "Volume" Reader has successfully read the file "D:\\Code\\3D_slicer\\Navigation_robotics\\Data\\Week_2_4_TestSet_Path_planning\\r_hippoTest.nii.gz" "[0.01s]"
[DEBUG][Qt] 21.03.2024 16:27:57 [] (unknown:0) - "Volume" Reader has successfully read the file "D:\\Code\\3D_slicer\\Navigation_robotics\\Data\\Week_2_4_TestSet_Path_planning\\ventriclesTest.nii.gz" "[0.02s]"
[DEBUG][Qt] 21.03.2024 16:27:57 [] (unknown:0) - "Volume" Reader has successfully read the file "D:\\Code\\3D_slicer\\Navigation_robotics\\Data\\Week_2_4_TestSet_Path_planning\\vesselsTestDilate1.nii.gz" "[0.01s]"
[DEBUG][Qt] 21.03.2024 16:27:57 [] (unknown:0) - "Volume" Reader has successfully read the file "D:\\Code\\3D_slicer\\Navigation_robotics\\Data\\Week_2_4_TestSet_Path_planning\\fakeBrainTest.nii.gz" "[0.03s]"
[INFO][Stream] 21.03.2024 16:27:57 [] (unknown:0) - Number of entries is: 48
[INFO][Stream] 21.03.2024 16:27:57 [] (unknown:0) - Number of targets is: 21
[INFO][Python] 21.03.2024 16:27:57 [Python] (C:/Users/DANG THE HUNG/OneDrive - King's College London/Msc study/7MRI0070 - Navigation in Robotic/Module/My_extension/Pathway_planning/Pathway_planning.py:625) - Test passed: Model Creation
[INFO][Python] 21.03.2024 16:27:57 [Python] (D:\Program\Slicer 5.6.1\bin\Python\slicer\util.py:2877) - Test passed: Model Creation
[WARNING][Python] 21.03.2024 16:27:58 [Python] (C:/Users/DANG THE HUNG/OneDrive - King's College London/Msc study/7MRI0070 - Navigation in Robotic/Module/My_extension/Pathway_planning/Pathway_planning.py:628) - Test failed: Check A Point Is In A Label Volume Node
[INFO][Stream] 21.03.2024 16:30:05 [] (unknown:0) -
[INFO][Stream] 21.03.2024 16:30:05 [] (unknown:0) -
[INFO][Stream] 21.03.2024 16:30:05 [] (unknown:0) -
[INFO][Stream] 21.03.2024 16:30:05 [] (unknown:0) - ------------------------------
[INFO][Stream] 21.03.2024 16:30:05 [] (unknown:0) - Reloading module: Pathway_planning
[INFO][Stream] 21.03.2024 16:30:05 [] (unknown:0) - ------------------------------
[INFO][Stream] 21.03.2024 16:30:05 [] (unknown:0) -
[INFO][Stream] 21.03.2024 16:30:05 [] (unknown:0) -
[INFO][Stream] 21.03.2024 16:30:05 [] (unknown:0) -
[CRITICAL][Stream] 21.03.2024 16:30:05 [] (unknown:0) - This is an info message
[CRITICAL][Stream] 21.03.2024 16:30:05 [] (unknown:0) - This is an info message
[CRITICAL][Stream] 21.03.2024 16:30:05 [] (unknown:0) - This is an info message
[INFO][Python] 21.03.2024 16:30:05 [Python] (C:/Users/DANG THE HUNG/OneDrive - King's College London/Msc study/7MRI0070 - Navigation in Robotic/Module/My_extension/Pathway_planning/Pathway_planning.py:330) - This is an info message
[CRITICAL][Stream] 21.03.2024 16:30:05 [] (unknown:0) - This is a warning message
[CRITICAL][Stream] 21.03.2024 16:30:05 [] (unknown:0) - This is a warning message
[CRITICAL][Stream] 21.03.2024 16:30:05 [] (unknown:0) - This is a warning message
[WARNING][Python] 21.03.2024 16:30:05 [Python] (C:/Users/DANG THE HUNG/OneDrive - King's College London/Msc study/7MRI0070 - Navigation in Robotic/Module/My_extension/Pathway_planning/Pathway_planning.py:331) - This is a warning message
[CRITICAL][Stream] 21.03.2024 16:30:05 [] (unknown:0) - This is an error message
[CRITICAL][Stream] 21.03.2024 16:30:05 [] (unknown:0) - This is an error message
[CRITICAL][Stream] 21.03.2024 16:30:05 [] (unknown:0) - This is an error message
[ERROR][Python] 21.03.2024 16:30:05 [Python] (C:/Users/DANG THE HUNG/OneDrive - King's College London/Msc study/7MRI0070 - Navigation in Robotic/Module/My_extension/Pathway_planning/Pathway_planning.py:332) - This is an error message
[DEBUG][Qt] 21.03.2024 16:30:05 [] (unknown:0) - "Markups" Reader has successfully read the file "D:\\Code\\3D_slicer\\Navigation_robotics\\Data\\Week_2_4_TestSet_Path_planning\\entriesSubsample.fcsv" "[0.02s]"
[DEBUG][Qt] 21.03.2024 16:30:05 [] (unknown:0) - "Markups" Reader has successfully read the file "D:\\Code\\3D_slicer\\Navigation_robotics\\Data\\Week_2_4_TestSet_Path_planning\\targetsSubsample.fcsv" "[0.01s]"
[DEBUG][Qt] 21.03.2024 16:30:05 [] (unknown:0) - "Volume" Reader has successfully read the file "D:\\Code\\3D_slicer\\Navigation_robotics\\Data\\Week_2_4_TestSet_Path_planning\\r_cortexTest.nii.gz" "[0.03s]"
[DEBUG][Qt] 21.03.2024 16:30:06 [] (unknown:0) - "Volume" Reader has successfully read the file "D:\\Code\\3D_slicer\\Navigation_robotics\\Data\\Week_2_4_TestSet_Path_planning\\r_hippoTest.nii.gz" "[0.02s]"
[DEBUG][Qt] 21.03.2024 16:30:06 [] (unknown:0) - "Volume" Reader has successfully read the file "D:\\Code\\3D_slicer\\Navigation_robotics\\Data\\Week_2_4_TestSet_Path_planning\\ventriclesTest.nii.gz" "[0.02s]"
[DEBUG][Qt] 21.03.2024 16:30:06 [] (unknown:0) - "Volume" Reader has successfully read the file "D:\\Code\\3D_slicer\\Navigation_robotics\\Data\\Week_2_4_TestSet_Path_planning\\vesselsTestDilate1.nii.gz" "[0.02s]"
[DEBUG][Qt] 21.03.2024 16:30:06 [] (unknown:0) - "Volume" Reader has successfully read the file "D:\\Code\\3D_slicer\\Navigation_robotics\\Data\\Week_2_4_TestSet_Path_planning\\fakeBrainTest.nii.gz" "[0.03s]"
[INFO][Stream] 21.03.2024 16:30:06 [] (unknown:0) - Number of entries is: 48
[INFO][Stream] 21.03.2024 16:30:06 [] (unknown:0) - Number of targets is: 21
[INFO][Python] 21.03.2024 16:30:06 [Python] (C:/Users/DANG THE HUNG/OneDrive - King's College London/Msc study/7MRI0070 - Navigation in Robotic/Module/My_extension/Pathway_planning/Pathway_planning.py:625) - Test passed: Model Creation
[INFO][Python] 21.03.2024 16:30:06 [Python] (D:\Program\Slicer 5.6.1\bin\Python\slicer\util.py:2877) - Test passed: Model Creation
[WARNING][Python] 21.03.2024 16:30:07 [Python] (C:/Users/DANG THE HUNG/OneDrive - King's College London/Msc study/7MRI0070 - Navigation in Robotic/Module/My_extension/Pathway_planning/Pathway_planning.py:628) - Test failed: Check A Point Is In A Label Volume Node
[DEBUG][Qt] 21.03.2024 16:30:08 [] (unknown:0) - Python console user input: d
[CRITICAL][Stream] 21.03.2024 16:30:08 [] (unknown:0) - Traceback (most recent call last):
[CRITICAL][Stream] 21.03.2024 16:30:08 [] (unknown:0) -   File "<console>", line 1, in <module>
[CRITICAL][Stream] 21.03.2024 16:30:08 [] (unknown:0) - NameError: name 'd' is not defined
[INFO][Stream] 21.03.2024 16:30:10 [] (unknown:0) -
[INFO][Stream] 21.03.2024 16:30:10 [] (unknown:0) -
[INFO][Stream] 21.03.2024 16:30:10 [] (unknown:0) -
[INFO][Stream] 21.03.2024 16:30:10 [] (unknown:0) - ------------------------------
[INFO][Stream] 21.03.2024 16:30:10 [] (unknown:0) - Reloading module: Pathway_planning
[INFO][Stream] 21.03.2024 16:30:10 [] (unknown:0) - ------------------------------
[INFO][Stream] 21.03.2024 16:30:10 [] (unknown:0) -
[INFO][Stream] 21.03.2024 16:30:10 [] (unknown:0) -
[INFO][Stream] 21.03.2024 16:30:10 [] (unknown:0) -
[CRITICAL][Stream] 21.03.2024 16:30:10 [] (unknown:0) - This is an info message
[CRITICAL][Stream] 21.03.2024 16:30:10 [] (unknown:0) - This is an info message
[CRITICAL][Stream] 21.03.2024 16:30:10 [] (unknown:0) - This is an info message
[CRITICAL][Stream] 21.03.2024 16:30:10 [] (unknown:0) - This is an info message
[INFO][Python] 21.03.2024 16:30:10 [Python] (C:/Users/DANG THE HUNG/OneDrive - King's College London/Msc study/7MRI0070 - Navigation in Robotic/Module/My_extension/Pathway_planning/Pathway_planning.py:330) - This is an info message
[CRITICAL][Stream] 21.03.2024 16:30:10 [] (unknown:0) - This is a warning message
[CRITICAL][Stream] 21.03.2024 16:30:10 [] (unknown:0) - This is a warning message
[CRITICAL][Stream] 21.03.2024 16:30:10 [] (unknown:0) - This is a warning message
[CRITICAL][Stream] 21.03.2024 16:30:10 [] (unknown:0) - This is a warning message
[WARNING][Python] 21.03.2024 16:30:10 [Python] (C:/Users/DANG THE HUNG/OneDrive - King's College London/Msc study/7MRI0070 - Navigation in Robotic/Module/My_extension/Pathway_planning/Pathway_planning.py:331) - This is a warning message
[CRITICAL][Stream] 21.03.2024 16:30:10 [] (unknown:0) - This is an error message
[CRITICAL][Stream] 21.03.2024 16:30:10 [] (unknown:0) - This is an error message
[CRITICAL][Stream] 21.03.2024 16:30:10 [] (unknown:0) - This is an error message
[CRITICAL][Stream] 21.03.2024 16:30:10 [] (unknown:0) - This is an error message
[ERROR][Python] 21.03.2024 16:30:10 [Python] (C:/Users/DANG THE HUNG/OneDrive - King's College London/Msc study/7MRI0070 - Navigation in Robotic/Module/My_extension/Pathway_planning/Pathway_planning.py:332) - This is an error message
[ERROR][VTK] 21.03.2024 16:30:10 [vtkMRMLSubjectHierarchyNode (000002665B54C880)] (vtkMRMLSubjectHierarchyNode.cxx:2983) - vtkSubjectHierarchyItem::DataNodeCache inconsistency found
[DEBUG][Qt] 21.03.2024 16:30:10 [] (unknown:0) - "Markups" Reader has successfully read the file "D:\\Code\\3D_slicer\\Navigation_robotics\\Data\\Week_2_4_TestSet_Path_planning\\entriesSubsample.fcsv" "[0.02s]"
[ERROR][VTK] 21.03.2024 16:30:10 [vtkMRMLSubjectHierarchyNode (000002665B54C880)] (vtkMRMLSubjectHierarchyNode.cxx:2983) - vtkSubjectHierarchyItem::DataNodeCache inconsistency found
[DEBUG][Qt] 21.03.2024 16:30:10 [] (unknown:0) - "Markups" Reader has successfully read the file "D:\\Code\\3D_slicer\\Navigation_robotics\\Data\\Week_2_4_TestSet_Path_planning\\targetsSubsample.fcsv" "[0.01s]"
[DEBUG][Qt] 21.03.2024 16:30:10 [] (unknown:0) - "Volume" Reader has successfully read the file "D:\\Code\\3D_slicer\\Navigation_robotics\\Data\\Week_2_4_TestSet_Path_planning\\r_cortexTest.nii.gz" "[0.03s]"
[DEBUG][Qt] 21.03.2024 16:30:10 [] (unknown:0) - "Volume" Reader has successfully read the file "D:\\Code\\3D_slicer\\Navigation_robotics\\Data\\Week_2_4_TestSet_Path_planning\\r_hippoTest.nii.gz" "[0.02s]"
[DEBUG][Qt] 21.03.2024 16:30:10 [] (unknown:0) - "Volume" Reader has successfully read the file "D:\\Code\\3D_slicer\\Navigation_robotics\\Data\\Week_2_4_TestSet_Path_planning\\ventriclesTest.nii.gz" "[0.02s]"
[DEBUG][Qt] 21.03.2024 16:30:10 [] (unknown:0) - "Volume" Reader has successfully read the file "D:\\Code\\3D_slicer\\Navigation_robotics\\Data\\Week_2_4_TestSet_Path_planning\\vesselsTestDilate1.nii.gz" "[0.02s]"
[DEBUG][Qt] 21.03.2024 16:30:10 [] (unknown:0) - "Volume" Reader has successfully read the file "D:\\Code\\3D_slicer\\Navigation_robotics\\Data\\Week_2_4_TestSet_Path_planning\\fakeBrainTest.nii.gz" "[0.03s]"
[INFO][Stream] 21.03.2024 16:30:10 [] (unknown:0) - Number of entries is: 48
[INFO][Stream] 21.03.2024 16:30:10 [] (unknown:0) - Number of targets is: 21
[INFO][Python] 21.03.2024 16:30:10 [Python] (C:/Users/DANG THE HUNG/OneDrive - King's College London/Msc study/7MRI0070 - Navigation in Robotic/Module/My_extension/Pathway_planning/Pathway_planning.py:625) - Test passed: Model Creation
[INFO][Python] 21.03.2024 16:30:10 [Python] (D:\Program\Slicer 5.6.1\bin\Python\slicer\util.py:2877) - Test passed: Model Creation
[WARNING][Python] 21.03.2024 16:30:11 [Python] (C:/Users/DANG THE HUNG/OneDrive - King's College London/Msc study/7MRI0070 - Navigation in Robotic/Module/My_extension/Pathway_planning/Pathway_planning.py:628) - Test failed: Check A Point Is In A Label Volume Node
[INFO][Stream] 21.03.2024 16:31:17 [] (unknown:0) -
[INFO][Stream] 21.03.2024 16:31:17 [] (unknown:0) -
[INFO][Stream] 21.03.2024 16:31:17 [] (unknown:0) -
[INFO][Stream] 21.03.2024 16:31:17 [] (unknown:0) - ------------------------------
[INFO][Stream] 21.03.2024 16:31:17 [] (unknown:0) - Reloading module: Pathway_planning
[INFO][Stream] 21.03.2024 16:31:17 [] (unknown:0) - ------------------------------
[INFO][Stream] 21.03.2024 16:31:17 [] (unknown:0) -
[INFO][Stream] 21.03.2024 16:31:17 [] (unknown:0) -
[INFO][Stream] 21.03.2024 16:31:17 [] (unknown:0) -
[ERROR][Python] 21.03.2024 16:31:18 [Python] (D:\Program\Slicer 5.6.1\bin\Python\slicer\util.py:3009) - Reload and Test failed.

'Pathway_planningTest' object has no attribute 'custom_logger'
[CRITICAL][Stream] 21.03.2024 16:31:20 [] (unknown:0) - Traceback (most recent call last):
[CRITICAL][Stream] 21.03.2024 16:31:20 [] (unknown:0) -   File "D:\Program\Slicer 5.6.1\bin\Python\slicer\ScriptedLoadableModule.py", line 265, in onReloadAndTest
[CRITICAL][Stream] 21.03.2024 16:31:20 [] (unknown:0) -     test(msec=int(slicer.app.userSettings().value("Developer/SelfTestDisplayMessageDelay")), **kwargs)
[CRITICAL][Stream] 21.03.2024 16:31:20 [] (unknown:0) -   File "D:\Program\Slicer 5.6.1\bin\Python\slicer\ScriptedLoadableModule.py", line 83, in runTest
[CRITICAL][Stream] 21.03.2024 16:31:20 [] (unknown:0) -     testCase.runTest(**kwargs)
[CRITICAL][Stream] 21.03.2024 16:31:20 [] (unknown:0) -   File "C:/Users/DANG THE HUNG/OneDrive - King's College London/Msc study/7MRI0070 - Navigation in Robotic/Module/My_extension/Pathway_planning/Pathway_planning.py", line 344, in runTest
[CRITICAL][Stream] 21.03.2024 16:31:20 [] (unknown:0) -     self.setUp()
[CRITICAL][Stream] 21.03.2024 16:31:20 [] (unknown:0) -   File "C:/Users/DANG THE HUNG/OneDrive - King's College London/Msc study/7MRI0070 - Navigation in Robotic/Module/My_extension/Pathway_planning/Pathway_planning.py", line 320, in setUp
[CRITICAL][Stream] 21.03.2024 16:31:20 [] (unknown:0) -     if self.custom_logger:
[CRITICAL][Stream] 21.03.2024 16:31:20 [] (unknown:0) - AttributeError: 'Pathway_planningTest' object has no attribute 'custom_logger'
[INFO][Stream] 21.03.2024 16:31:29 [] (unknown:0) -
[INFO][Stream] 21.03.2024 16:31:29 [] (unknown:0) -
[INFO][Stream] 21.03.2024 16:31:29 [] (unknown:0) -
[INFO][Stream] 21.03.2024 16:31:29 [] (unknown:0) - ------------------------------
[INFO][Stream] 21.03.2024 16:31:29 [] (unknown:0) - Reloading module: Pathway_planning
[INFO][Stream] 21.03.2024 16:31:29 [] (unknown:0) - ------------------------------
[INFO][Stream] 21.03.2024 16:31:29 [] (unknown:0) -
[INFO][Stream] 21.03.2024 16:31:29 [] (unknown:0) -
[INFO][Stream] 21.03.2024 16:31:29 [] (unknown:0) -
[ERROR][Python] 21.03.2024 16:31:29 [Python] (D:\Program\Slicer 5.6.1\bin\Python\slicer\util.py:3009) - Reload and Test failed.

'Pathway_planningTest' object has no attribute 'custom_logger'
[CRITICAL][Stream] 21.03.2024 16:32:08 [] (unknown:0) - Traceback (most recent call last):
[CRITICAL][Stream] 21.03.2024 16:32:08 [] (unknown:0) -   File "D:\Program\Slicer 5.6.1\bin\Python\slicer\ScriptedLoadableModule.py", line 265, in onReloadAndTest
[CRITICAL][Stream] 21.03.2024 16:32:08 [] (unknown:0) -     test(msec=int(slicer.app.userSettings().value("Developer/SelfTestDisplayMessageDelay")), **kwargs)
[CRITICAL][Stream] 21.03.2024 16:32:08 [] (unknown:0) -   File "D:\Program\Slicer 5.6.1\bin\Python\slicer\ScriptedLoadableModule.py", line 83, in runTest
[CRITICAL][Stream] 21.03.2024 16:32:08 [] (unknown:0) -     testCase.runTest(**kwargs)
[CRITICAL][Stream] 21.03.2024 16:32:08 [] (unknown:0) -   File "C:/Users/DANG THE HUNG/OneDrive - King's College London/Msc study/7MRI0070 - Navigation in Robotic/Module/My_extension/Pathway_planning/Pathway_planning.py", line 344, in runTest
[CRITICAL][Stream] 21.03.2024 16:32:08 [] (unknown:0) -     self.setUp()
[CRITICAL][Stream] 21.03.2024 16:32:08 [] (unknown:0) -   File "C:/Users/DANG THE HUNG/OneDrive - King's College London/Msc study/7MRI0070 - Navigation in Robotic/Module/My_extension/Pathway_planning/Pathway_planning.py", line 320, in setUp
[CRITICAL][Stream] 21.03.2024 16:32:08 [] (unknown:0) -     if self.custom_logger:
[CRITICAL][Stream] 21.03.2024 16:32:08 [] (unknown:0) - AttributeError: 'Pathway_planningTest' object has no attribute 'custom_logger'
[INFO][Stream] 21.03.2024 16:33:38 [] (unknown:0) -
[INFO][Stream] 21.03.2024 16:33:38 [] (unknown:0) -
[INFO][Stream] 21.03.2024 16:33:38 [] (unknown:0) -
[INFO][Stream] 21.03.2024 16:33:38 [] (unknown:0) - ------------------------------
[INFO][Stream] 21.03.2024 16:33:38 [] (unknown:0) - Reloading module: Pathway_planning
[INFO][Stream] 21.03.2024 16:33:38 [] (unknown:0) - ------------------------------
[INFO][Stream] 21.03.2024 16:33:38 [] (unknown:0) -
[INFO][Stream] 21.03.2024 16:33:38 [] (unknown:0) -
[INFO][Stream] 21.03.2024 16:33:38 [] (unknown:0) -
[ERROR][VTK] 21.03.2024 16:33:38 [vtkMRMLSubjectHierarchyNode (0000026653CEF940)] (vtkMRMLSubjectHierarchyNode.cxx:2983) - vtkSubjectHierarchyItem::DataNodeCache inconsistency found
[CRITICAL][Stream] 21.03.2024 16:33:38 [] (unknown:0) - This is an info message
[INFO][Python] 21.03.2024 16:33:38 [Python] (C:/Users/DANG THE HUNG/OneDrive - King's College London/Msc study/7MRI0070 - Navigation in Robotic/Module/My_extension/Pathway_planning/Pathway_planning.py:331) - This is an info message
[CRITICAL][Stream] 21.03.2024 16:33:38 [] (unknown:0) - This is a warning message
[WARNING][Python] 21.03.2024 16:33:38 [Python] (C:/Users/DANG THE HUNG/OneDrive - King's College London/Msc study/7MRI0070 - Navigation in Robotic/Module/My_extension/Pathway_planning/Pathway_planning.py:332) - This is a warning message
[CRITICAL][Stream] 21.03.2024 16:33:38 [] (unknown:0) - This is an error message
[ERROR][Python] 21.03.2024 16:33:38 [Python] (C:/Users/DANG THE HUNG/OneDrive - King's College London/Msc study/7MRI0070 - Navigation in Robotic/Module/My_extension/Pathway_planning/Pathway_planning.py:333) - This is an error message
[ERROR][VTK] 21.03.2024 16:33:38 [vtkMRMLSubjectHierarchyNode (0000026653CEF940)] (vtkMRMLSubjectHierarchyNode.cxx:2983) - vtkSubjectHierarchyItem::DataNodeCache inconsistency found
[DEBUG][Qt] 21.03.2024 16:33:38 [] (unknown:0) - "Markups" Reader has successfully read the file "D:\\Code\\3D_slicer\\Navigation_robotics\\Data\\Week_2_4_TestSet_Path_planning\\entriesSubsample.fcsv" "[0.02s]"
[ERROR][VTK] 21.03.2024 16:33:39 [vtkMRMLSubjectHierarchyNode (0000026653CEF940)] (vtkMRMLSubjectHierarchyNode.cxx:2983) - vtkSubjectHierarchyItem::DataNodeCache inconsistency found
[DEBUG][Qt] 21.03.2024 16:33:39 [] (unknown:0) - "Markups" Reader has successfully read the file "D:\\Code\\3D_slicer\\Navigation_robotics\\Data\\Week_2_4_TestSet_Path_planning\\targetsSubsample.fcsv" "[0.01s]"
[DEBUG][Qt] 21.03.2024 16:33:39 [] (unknown:0) - "Volume" Reader has successfully read the file "D:\\Code\\3D_slicer\\Navigation_robotics\\Data\\Week_2_4_TestSet_Path_planning\\r_cortexTest.nii.gz" "[0.03s]"
[DEBUG][Qt] 21.03.2024 16:33:39 [] (unknown:0) - "Volume" Reader has successfully read the file "D:\\Code\\3D_slicer\\Navigation_robotics\\Data\\Week_2_4_TestSet_Path_planning\\r_hippoTest.nii.gz" "[0.02s]"
[DEBUG][Qt] 21.03.2024 16:33:39 [] (unknown:0) - "Volume" Reader has successfully read the file "D:\\Code\\3D_slicer\\Navigation_robotics\\Data\\Week_2_4_TestSet_Path_planning\\ventriclesTest.nii.gz" "[0.02s]"
[DEBUG][Qt] 21.03.2024 16:33:39 [] (unknown:0) - "Volume" Reader has successfully read the file "D:\\Code\\3D_slicer\\Navigation_robotics\\Data\\Week_2_4_TestSet_Path_planning\\vesselsTestDilate1.nii.gz" "[0.02s]"
[DEBUG][Qt] 21.03.2024 16:33:39 [] (unknown:0) - "Volume" Reader has successfully read the file "D:\\Code\\3D_slicer\\Navigation_robotics\\Data\\Week_2_4_TestSet_Path_planning\\fakeBrainTest.nii.gz" "[0.04s]"
[INFO][Stream] 21.03.2024 16:33:39 [] (unknown:0) - Number of entries is: 48
[INFO][Stream] 21.03.2024 16:33:39 [] (unknown:0) - Number of targets is: 21
[INFO][Python] 21.03.2024 16:33:39 [Python] (C:/Users/DANG THE HUNG/OneDrive - King's College London/Msc study/7MRI0070 - Navigation in Robotic/Module/My_extension/Pathway_planning/Pathway_planning.py:626) - Test passed: Model Creation
[INFO][Python] 21.03.2024 16:33:39 [Python] (D:\Program\Slicer 5.6.1\bin\Python\slicer\util.py:2877) - Test passed: Model Creation
[WARNING][Python] 21.03.2024 16:33:40 [Python] (C:/Users/DANG THE HUNG/OneDrive - King's College London/Msc study/7MRI0070 - Navigation in Robotic/Module/My_extension/Pathway_planning/Pathway_planning.py:629) - Test failed: Check A Point Is In A Label Volume Node
[INFO][Stream] 21.03.2024 16:33:43 [] (unknown:0) -
[INFO][Stream] 21.03.2024 16:33:43 [] (unknown:0) -
[INFO][Stream] 21.03.2024 16:33:43 [] (unknown:0) -
[INFO][Stream] 21.03.2024 16:33:43 [] (unknown:0) - ------------------------------
[INFO][Stream] 21.03.2024 16:33:43 [] (unknown:0) - Reloading module: Pathway_planning
[INFO][Stream] 21.03.2024 16:33:43 [] (unknown:0) - ------------------------------
[INFO][Stream] 21.03.2024 16:33:43 [] (unknown:0) -
[INFO][Stream] 21.03.2024 16:33:43 [] (unknown:0) -
[INFO][Stream] 21.03.2024 16:33:43 [] (unknown:0) -
[CRITICAL][Stream] 21.03.2024 16:33:43 [] (unknown:0) - This is an info message
[INFO][Python] 21.03.2024 16:33:43 [Python] (C:/Users/DANG THE HUNG/OneDrive - King's College London/Msc study/7MRI0070 - Navigation in Robotic/Module/My_extension/Pathway_planning/Pathway_planning.py:331) - This is an info message
[CRITICAL][Stream] 21.03.2024 16:33:43 [] (unknown:0) - This is a warning message
[WARNING][Python] 21.03.2024 16:33:43 [Python] (C:/Users/DANG THE HUNG/OneDrive - King's College London/Msc study/7MRI0070 - Navigation in Robotic/Module/My_extension/Pathway_planning/Pathway_planning.py:332) - This is a warning message
[CRITICAL][Stream] 21.03.2024 16:33:43 [] (unknown:0) - This is an error message
[ERROR][Python] 21.03.2024 16:33:43 [Python] (C:/Users/DANG THE HUNG/OneDrive - King's College London/Msc study/7MRI0070 - Navigation in Robotic/Module/My_extension/Pathway_planning/Pathway_planning.py:333) - This is an error message
[ERROR][VTK] 21.03.2024 16:33:43 [vtkMRMLSubjectHierarchyNode (00000266647ACBF0)] (vtkMRMLSubjectHierarchyNode.cxx:2983) - vtkSubjectHierarchyItem::DataNodeCache inconsistency found
[DEBUG][Qt] 21.03.2024 16:33:43 [] (unknown:0) - "Markups" Reader has successfully read the file "D:\\Code\\3D_slicer\\Navigation_robotics\\Data\\Week_2_4_TestSet_Path_planning\\entriesSubsample.fcsv" "[0.03s]"
[ERROR][VTK] 21.03.2024 16:33:43 [vtkMRMLSubjectHierarchyNode (00000266647ACBF0)] (vtkMRMLSubjectHierarchyNode.cxx:2983) - vtkSubjectHierarchyItem::DataNodeCache inconsistency found
[DEBUG][Qt] 21.03.2024 16:33:43 [] (unknown:0) - "Markups" Reader has successfully read the file "D:\\Code\\3D_slicer\\Navigation_robotics\\Data\\Week_2_4_TestSet_Path_planning\\targetsSubsample.fcsv" "[0.01s]"
[DEBUG][Qt] 21.03.2024 16:33:43 [] (unknown:0) - "Volume" Reader has successfully read the file "D:\\Code\\3D_slicer\\Navigation_robotics\\Data\\Week_2_4_TestSet_Path_planning\\r_cortexTest.nii.gz" "[0.03s]"
[ERROR][VTK] 21.03.2024 16:33:43 [vtkMRMLSubjectHierarchyNode (00000266647ACBF0)] (vtkMRMLSubjectHierarchyNode.cxx:2983) - vtkSubjectHierarchyItem::DataNodeCache inconsistency found
[DEBUG][Qt] 21.03.2024 16:33:43 [] (unknown:0) - "Volume" Reader has successfully read the file "D:\\Code\\3D_slicer\\Navigation_robotics\\Data\\Week_2_4_TestSet_Path_planning\\r_hippoTest.nii.gz" "[0.02s]"
[ERROR][VTK] 21.03.2024 16:33:43 [vtkMRMLSubjectHierarchyNode (00000266647ACBF0)] (vtkMRMLSubjectHierarchyNode.cxx:2983) - vtkSubjectHierarchyItem::DataNodeCache inconsistency found
[DEBUG][Qt] 21.03.2024 16:33:43 [] (unknown:0) - "Volume" Reader has successfully read the file "D:\\Code\\3D_slicer\\Navigation_robotics\\Data\\Week_2_4_TestSet_Path_planning\\ventriclesTest.nii.gz" "[0.02s]"
[ERROR][VTK] 21.03.2024 16:33:43 [vtkMRMLSubjectHierarchyNode (00000266647ACBF0)] (vtkMRMLSubjectHierarchyNode.cxx:2983) - vtkSubjectHierarchyItem::DataNodeCache inconsistency found
[DEBUG][Qt] 21.03.2024 16:33:43 [] (unknown:0) - "Volume" Reader has successfully read the file "D:\\Code\\3D_slicer\\Navigation_robotics\\Data\\Week_2_4_TestSet_Path_planning\\vesselsTestDilate1.nii.gz" "[0.02s]"
[DEBUG][Qt] 21.03.2024 16:33:43 [] (unknown:0) - "Volume" Reader has successfully read the file "D:\\Code\\3D_slicer\\Navigation_robotics\\Data\\Week_2_4_TestSet_Path_planning\\fakeBrainTest.nii.gz" "[0.03s]"
[INFO][Stream] 21.03.2024 16:33:43 [] (unknown:0) - Number of entries is: 48
[INFO][Stream] 21.03.2024 16:33:43 [] (unknown:0) - Number of targets is: 21
[INFO][Python] 21.03.2024 16:33:43 [Python] (C:/Users/DANG THE HUNG/OneDrive - King's College London/Msc study/7MRI0070 - Navigation in Robotic/Module/My_extension/Pathway_planning/Pathway_planning.py:626) - Test passed: Model Creation
[INFO][Python] 21.03.2024 16:33:43 [Python] (D:\Program\Slicer 5.6.1\bin\Python\slicer\util.py:2877) - Test passed: Model Creation
[WARNING][Python] 21.03.2024 16:33:44 [Python] (C:/Users/DANG THE HUNG/OneDrive - King's College London/Msc study/7MRI0070 - Navigation in Robotic/Module/My_extension/Pathway_planning/Pathway_planning.py:629) - Test failed: Check A Point Is In A Label Volume Node
[INFO][Stream] 21.03.2024 16:34:19 [] (unknown:0) -
[INFO][Stream] 21.03.2024 16:34:19 [] (unknown:0) -
[INFO][Stream] 21.03.2024 16:34:19 [] (unknown:0) -
[INFO][Stream] 21.03.2024 16:34:19 [] (unknown:0) - ------------------------------
[INFO][Stream] 21.03.2024 16:34:19 [] (unknown:0) - Reloading module: Pathway_planning
[INFO][Stream] 21.03.2024 16:34:19 [] (unknown:0) - ------------------------------
[INFO][Stream] 21.03.2024 16:34:19 [] (unknown:0) -
[INFO][Stream] 21.03.2024 16:34:19 [] (unknown:0) -
[INFO][Stream] 21.03.2024 16:34:19 [] (unknown:0) -
[ERROR][VTK] 21.03.2024 16:34:19 [vtkMRMLSubjectHierarchyNode (00000266647AC730)] (vtkMRMLSubjectHierarchyNode.cxx:2983) - vtkSubjectHierarchyItem::DataNodeCache inconsistency found
[DEBUG][Qt] 21.03.2024 16:34:19 [] (unknown:0) - "Markups" Reader has successfully read the file "D:\\Code\\3D_slicer\\Navigation_robotics\\Data\\Week_2_4_TestSet_Path_planning\\entriesSubsample.fcsv" "[0.02s]"
[ERROR][VTK] 21.03.2024 16:34:19 [vtkMRMLSubjectHierarchyNode (00000266647AC730)] (vtkMRMLSubjectHierarchyNode.cxx:2983) - vtkSubjectHierarchyItem::DataNodeCache inconsistency found
[DEBUG][Qt] 21.03.2024 16:34:19 [] (unknown:0) - "Markups" Reader has successfully read the file "D:\\Code\\3D_slicer\\Navigation_robotics\\Data\\Week_2_4_TestSet_Path_planning\\targetsSubsample.fcsv" "[0.02s]"
[DEBUG][Qt] 21.03.2024 16:34:19 [] (unknown:0) - "Volume" Reader has successfully read the file "D:\\Code\\3D_slicer\\Navigation_robotics\\Data\\Week_2_4_TestSet_Path_planning\\r_cortexTest.nii.gz" "[0.03s]"
[DEBUG][Qt] 21.03.2024 16:34:19 [] (unknown:0) - "Volume" Reader has successfully read the file "D:\\Code\\3D_slicer\\Navigation_robotics\\Data\\Week_2_4_TestSet_Path_planning\\r_hippoTest.nii.gz" "[0.02s]"
[DEBUG][Qt] 21.03.2024 16:34:19 [] (unknown:0) - "Volume" Reader has successfully read the file "D:\\Code\\3D_slicer\\Navigation_robotics\\Data\\Week_2_4_TestSet_Path_planning\\ventriclesTest.nii.gz" "[0.02s]"
[DEBUG][Qt] 21.03.2024 16:34:19 [] (unknown:0) - "Volume" Reader has successfully read the file "D:\\Code\\3D_slicer\\Navigation_robotics\\Data\\Week_2_4_TestSet_Path_planning\\vesselsTestDilate1.nii.gz" "[0.02s]"
[DEBUG][Qt] 21.03.2024 16:34:19 [] (unknown:0) - "Volume" Reader has successfully read the file "D:\\Code\\3D_slicer\\Navigation_robotics\\Data\\Week_2_4_TestSet_Path_planning\\fakeBrainTest.nii.gz" "[0.03s]"
[INFO][Stream] 21.03.2024 16:34:19 [] (unknown:0) - Number of entries is: 48
[INFO][Stream] 21.03.2024 16:34:19 [] (unknown:0) - Number of targets is: 21
[ERROR][VTK] 21.03.2024 16:34:19 [vtkMRMLSubjectHierarchyNode (00000266647AC730)] (vtkMRMLSubjectHierarchyNode.cxx:2983) - vtkSubjectHierarchyItem::DataNodeCache inconsistency found
[INFO][Python] 21.03.2024 16:34:19 [Python] (C:/Users/DANG THE HUNG/OneDrive - King's College London/Msc study/7MRI0070 - Navigation in Robotic/Module/My_extension/Pathway_planning/Pathway_planning.py:619) - Test passed: Model Creation
[INFO][Python] 21.03.2024 16:34:19 [Python] (D:\Program\Slicer 5.6.1\bin\Python\slicer\util.py:2877) - Test passed: Model Creation
[WARNING][Python] 21.03.2024 16:34:20 [Python] (C:/Users/DANG THE HUNG/OneDrive - King's College London/Msc study/7MRI0070 - Navigation in Robotic/Module/My_extension/Pathway_planning/Pathway_planning.py:622) - Test failed: Check A Point Is In A Label Volume Node
[INFO][Stream] 21.03.2024 16:34:53 [] (unknown:0) -
[INFO][Stream] 21.03.2024 16:34:53 [] (unknown:0) -
[INFO][Stream] 21.03.2024 16:34:53 [] (unknown:0) -
[INFO][Stream] 21.03.2024 16:34:53 [] (unknown:0) - ------------------------------
[INFO][Stream] 21.03.2024 16:34:53 [] (unknown:0) - Reloading module: Pathway_planning
[INFO][Stream] 21.03.2024 16:34:53 [] (unknown:0) - ------------------------------
[INFO][Stream] 21.03.2024 16:34:53 [] (unknown:0) -
[INFO][Stream] 21.03.2024 16:34:53 [] (unknown:0) -
[INFO][Stream] 21.03.2024 16:34:53 [] (unknown:0) -
[DEBUG][Qt] 21.03.2024 16:34:53 [] (unknown:0) - "Markups" Reader has successfully read the file "D:\\Code\\3D_slicer\\Navigation_robotics\\Data\\Week_2_4_TestSet_Path_planning\\entriesSubsample.fcsv" "[0.02s]"
[ERROR][VTK] 21.03.2024 16:34:53 [vtkMRMLSubjectHierarchyNode (0000026662FAEE60)] (vtkMRMLSubjectHierarchyNode.cxx:2983) - vtkSubjectHierarchyItem::DataNodeCache inconsistency found
[DEBUG][Qt] 21.03.2024 16:34:53 [] (unknown:0) - "Markups" Reader has successfully read the file "D:\\Code\\3D_slicer\\Navigation_robotics\\Data\\Week_2_4_TestSet_Path_planning\\targetsSubsample.fcsv" "[0.01s]"
[DEBUG][Qt] 21.03.2024 16:34:53 [] (unknown:0) - "Volume" Reader has successfully read the file "D:\\Code\\3D_slicer\\Navigation_robotics\\Data\\Week_2_4_TestSet_Path_planning\\r_cortexTest.nii.gz" "[0.03s]"
[ERROR][VTK] 21.03.2024 16:34:53 [vtkMRMLSubjectHierarchyNode (0000026662FAEE60)] (vtkMRMLSubjectHierarchyNode.cxx:2983) - vtkSubjectHierarchyItem::DataNodeCache inconsistency found
[DEBUG][Qt] 21.03.2024 16:34:53 [] (unknown:0) - "Volume" Reader has successfully read the file "D:\\Code\\3D_slicer\\Navigation_robotics\\Data\\Week_2_4_TestSet_Path_planning\\r_hippoTest.nii.gz" "[0.02s]"
[DEBUG][Qt] 21.03.2024 16:34:53 [] (unknown:0) - "Volume" Reader has successfully read the file "D:\\Code\\3D_slicer\\Navigation_robotics\\Data\\Week_2_4_TestSet_Path_planning\\ventriclesTest.nii.gz" "[0.02s]"
[ERROR][VTK] 21.03.2024 16:34:53 [vtkMRMLSubjectHierarchyNode (0000026662FAEE60)] (vtkMRMLSubjectHierarchyNode.cxx:2983) - vtkSubjectHierarchyItem::DataNodeCache inconsistency found
[DEBUG][Qt] 21.03.2024 16:34:53 [] (unknown:0) - "Volume" Reader has successfully read the file "D:\\Code\\3D_slicer\\Navigation_robotics\\Data\\Week_2_4_TestSet_Path_planning\\vesselsTestDilate1.nii.gz" "[0.02s]"
[DEBUG][Qt] 21.03.2024 16:34:53 [] (unknown:0) - "Volume" Reader has successfully read the file "D:\\Code\\3D_slicer\\Navigation_robotics\\Data\\Week_2_4_TestSet_Path_planning\\fakeBrainTest.nii.gz" "[0.03s]"
[INFO][Stream] 21.03.2024 16:34:53 [] (unknown:0) - Number of entries is: 48
[INFO][Stream] 21.03.2024 16:34:53 [] (unknown:0) - Number of targets is: 21
[ERROR][VTK] 21.03.2024 16:34:53 [vtkMRMLSubjectHierarchyNode (0000026662FAEE60)] (vtkMRMLSubjectHierarchyNode.cxx:2983) - vtkSubjectHierarchyItem::DataNodeCache inconsistency found
[CRITICAL][Stream] 21.03.2024 16:34:53 [] (unknown:0) - Test passed: Model Creation
[INFO][Python] 21.03.2024 16:34:53 [Python] (C:/Users/DANG THE HUNG/OneDrive - King's College London/Msc study/7MRI0070 - Navigation in Robotic/Module/My_extension/Pathway_planning/Pathway_planning.py:619) - Test passed: Model Creation
[INFO][Python] 21.03.2024 16:34:53 [Python] (D:\Program\Slicer 5.6.1\bin\Python\slicer\util.py:2877) - Test passed: Model Creation
[CRITICAL][Stream] 21.03.2024 16:34:54 [] (unknown:0) - Test failed: Check A Point Is In A Label Volume Node
[WARNING][Python] 21.03.2024 16:34:54 [Python] (C:/Users/DANG THE HUNG/OneDrive - King's College London/Msc study/7MRI0070 - Navigation in Robotic/Module/My_extension/Pathway_planning/Pathway_planning.py:622) - Test failed: Check A Point Is In A Label Volume Node
[INFO][Stream] 21.03.2024 16:35:57 [] (unknown:0) -
[INFO][Stream] 21.03.2024 16:35:57 [] (unknown:0) -
[INFO][Stream] 21.03.2024 16:35:57 [] (unknown:0) -
[INFO][Stream] 21.03.2024 16:35:57 [] (unknown:0) - ------------------------------
[INFO][Stream] 21.03.2024 16:35:57 [] (unknown:0) - Reloading module: Pathway_planning
[INFO][Stream] 21.03.2024 16:35:57 [] (unknown:0) - ------------------------------
[INFO][Stream] 21.03.2024 16:35:57 [] (unknown:0) -
[INFO][Stream] 21.03.2024 16:35:57 [] (unknown:0) -
[INFO][Stream] 21.03.2024 16:35:57 [] (unknown:0) -
[ERROR][VTK] 21.03.2024 16:35:57 [vtkMRMLSubjectHierarchyNode (0000026662FADB60)] (vtkMRMLSubjectHierarchyNode.cxx:2983) - vtkSubjectHierarchyItem::DataNodeCache inconsistency found
[DEBUG][Qt] 21.03.2024 16:35:57 [] (unknown:0) - "Markups" Reader has successfully read the file "D:\\Code\\3D_slicer\\Navigation_robotics\\Data\\Week_2_4_TestSet_Path_planning\\entriesSubsample.fcsv" "[0.02s]"
[ERROR][VTK] 21.03.2024 16:35:57 [vtkMRMLSubjectHierarchyNode (0000026662FADB60)] (vtkMRMLSubjectHierarchyNode.cxx:2983) - vtkSubjectHierarchyItem::DataNodeCache inconsistency found
[DEBUG][Qt] 21.03.2024 16:35:57 [] (unknown:0) - "Markups" Reader has successfully read the file "D:\\Code\\3D_slicer\\Navigation_robotics\\Data\\Week_2_4_TestSet_Path_planning\\targetsSubsample.fcsv" "[0.01s]"
[ERROR][VTK] 21.03.2024 16:35:57 [vtkMRMLSubjectHierarchyNode (0000026662FADB60)] (vtkMRMLSubjectHierarchyNode.cxx:2983) - vtkSubjectHierarchyItem::DataNodeCache inconsistency found
[DEBUG][Qt] 21.03.2024 16:35:57 [] (unknown:0) - "Volume" Reader has successfully read the file "D:\\Code\\3D_slicer\\Navigation_robotics\\Data\\Week_2_4_TestSet_Path_planning\\r_cortexTest.nii.gz" "[0.03s]"
[ERROR][VTK] 21.03.2024 16:35:57 [vtkMRMLSubjectHierarchyNode (0000026662FADB60)] (vtkMRMLSubjectHierarchyNode.cxx:2983) - vtkSubjectHierarchyItem::DataNodeCache inconsistency found
[DEBUG][Qt] 21.03.2024 16:35:57 [] (unknown:0) - "Volume" Reader has successfully read the file "D:\\Code\\3D_slicer\\Navigation_robotics\\Data\\Week_2_4_TestSet_Path_planning\\r_hippoTest.nii.gz" "[0.02s]"
[DEBUG][Qt] 21.03.2024 16:35:57 [] (unknown:0) - "Volume" Reader has successfully read the file "D:\\Code\\3D_slicer\\Navigation_robotics\\Data\\Week_2_4_TestSet_Path_planning\\ventriclesTest.nii.gz" "[0.02s]"
[ERROR][VTK] 21.03.2024 16:35:57 [vtkMRMLSubjectHierarchyNode (0000026662FADB60)] (vtkMRMLSubjectHierarchyNode.cxx:2983) - vtkSubjectHierarchyItem::DataNodeCache inconsistency found
[DEBUG][Qt] 21.03.2024 16:35:57 [] (unknown:0) - "Volume" Reader has successfully read the file "D:\\Code\\3D_slicer\\Navigation_robotics\\Data\\Week_2_4_TestSet_Path_planning\\vesselsTestDilate1.nii.gz" "[0.02s]"
[ERROR][VTK] 21.03.2024 16:35:57 [vtkMRMLSubjectHierarchyNode (0000026662FADB60)] (vtkMRMLSubjectHierarchyNode.cxx:2983) - vtkSubjectHierarchyItem::DataNodeCache inconsistency found
[DEBUG][Qt] 21.03.2024 16:35:57 [] (unknown:0) - "Volume" Reader has successfully read the file "D:\\Code\\3D_slicer\\Navigation_robotics\\Data\\Week_2_4_TestSet_Path_planning\\fakeBrainTest.nii.gz" "[0.03s]"
[INFO][Stream] 21.03.2024 16:35:57 [] (unknown:0) - Number of entries is: 48
[INFO][Stream] 21.03.2024 16:35:57 [] (unknown:0) - Number of targets is: 21
[CRITICAL][Stream] 21.03.2024 16:35:57 [] (unknown:0) - Test passed: Model Creation
[INFO][Python] 21.03.2024 16:35:57 [Python] (C:/Users/DANG THE HUNG/OneDrive - King's College London/Msc study/7MRI0070 - Navigation in Robotic/Module/My_extension/Pathway_planning/Pathway_planning.py:620) - Test passed: Model Creation
[CRITICAL][Stream] 21.03.2024 16:35:58 [] (unknown:0) - Test failed: Check A Point Is In A Label Volume Node
[WARNING][Python] 21.03.2024 16:35:58 [Python] (C:/Users/DANG THE HUNG/OneDrive - King's College London/Msc study/7MRI0070 - Navigation in Robotic/Module/My_extension/Pathway_planning/Pathway_planning.py:623) - Test failed: Check A Point Is In A Label Volume Node
[INFO][Stream] 21.03.2024 16:36:06 [] (unknown:0) -
[INFO][Stream] 21.03.2024 16:36:06 [] (unknown:0) -
[INFO][Stream] 21.03.2024 16:36:06 [] (unknown:0) -
[INFO][Stream] 21.03.2024 16:36:06 [] (unknown:0) - ------------------------------
[INFO][Stream] 21.03.2024 16:36:06 [] (unknown:0) - Reloading module: Pathway_planning
[INFO][Stream] 21.03.2024 16:36:06 [] (unknown:0) - ------------------------------
[INFO][Stream] 21.03.2024 16:36:06 [] (unknown:0) -
[INFO][Stream] 21.03.2024 16:36:06 [] (unknown:0) -
[INFO][Stream] 21.03.2024 16:36:06 [] (unknown:0) -
[ERROR][VTK] 21.03.2024 16:36:07 [vtkMRMLSubjectHierarchyNode (0000026662FAD0B0)] (vtkMRMLSubjectHierarchyNode.cxx:2983) - vtkSubjectHierarchyItem::DataNodeCache inconsistency found
[DEBUG][Qt] 21.03.2024 16:36:07 [] (unknown:0) - "Markups" Reader has successfully read the file "D:\\Code\\3D_slicer\\Navigation_robotics\\Data\\Week_2_4_TestSet_Path_planning\\entriesSubsample.fcsv" "[0.02s]"
[ERROR][VTK] 21.03.2024 16:36:07 [vtkMRMLSubjectHierarchyNode (0000026662FAD0B0)] (vtkMRMLSubjectHierarchyNode.cxx:2983) - vtkSubjectHierarchyItem::DataNodeCache inconsistency found
[DEBUG][Qt] 21.03.2024 16:36:07 [] (unknown:0) - "Markups" Reader has successfully read the file "D:\\Code\\3D_slicer\\Navigation_robotics\\Data\\Week_2_4_TestSet_Path_planning\\targetsSubsample.fcsv" "[0.02s]"
[ERROR][VTK] 21.03.2024 16:36:07 [vtkMRMLSubjectHierarchyNode (0000026662FAD0B0)] (vtkMRMLSubjectHierarchyNode.cxx:2983) - vtkSubjectHierarchyItem::DataNodeCache inconsistency found
[DEBUG][Qt] 21.03.2024 16:36:07 [] (unknown:0) - "Volume" Reader has successfully read the file "D:\\Code\\3D_slicer\\Navigation_robotics\\Data\\Week_2_4_TestSet_Path_planning\\r_cortexTest.nii.gz" "[0.03s]"
[ERROR][VTK] 21.03.2024 16:36:07 [vtkMRMLSubjectHierarchyNode (0000026662FAD0B0)] (vtkMRMLSubjectHierarchyNode.cxx:2983) - vtkSubjectHierarchyItem::DataNodeCache inconsistency found
[DEBUG][Qt] 21.03.2024 16:36:07 [] (unknown:0) - "Volume" Reader has successfully read the file "D:\\Code\\3D_slicer\\Navigation_robotics\\Data\\Week_2_4_TestSet_Path_planning\\r_hippoTest.nii.gz" "[0.02s]"
[ERROR][VTK] 21.03.2024 16:36:07 [vtkMRMLSubjectHierarchyNode (0000026662FAD0B0)] (vtkMRMLSubjectHierarchyNode.cxx:2983) - vtkSubjectHierarchyItem::DataNodeCache inconsistency found
[DEBUG][Qt] 21.03.2024 16:36:07 [] (unknown:0) - "Volume" Reader has successfully read the file "D:\\Code\\3D_slicer\\Navigation_robotics\\Data\\Week_2_4_TestSet_Path_planning\\ventriclesTest.nii.gz" "[0.02s]"
[DEBUG][Qt] 21.03.2024 16:36:07 [] (unknown:0) - "Volume" Reader has successfully read the file "D:\\Code\\3D_slicer\\Navigation_robotics\\Data\\Week_2_4_TestSet_Path_planning\\vesselsTestDilate1.nii.gz" "[0.02s]"
[DEBUG][Qt] 21.03.2024 16:36:07 [] (unknown:0) - "Volume" Reader has successfully read the file "D:\\Code\\3D_slicer\\Navigation_robotics\\Data\\Week_2_4_TestSet_Path_planning\\fakeBrainTest.nii.gz" "[0.03s]"
[INFO][Stream] 21.03.2024 16:36:07 [] (unknown:0) - Number of entries is: 48
[INFO][Stream] 21.03.2024 16:36:07 [] (unknown:0) - Number of targets is: 21
[CRITICAL][Stream] 21.03.2024 16:36:07 [] (unknown:0) - Test passed: Model Creation
[INFO][Python] 21.03.2024 16:36:07 [Python] (C:/Users/DANG THE HUNG/OneDrive - King's College London/Msc study/7MRI0070 - Navigation in Robotic/Module/My_extension/Pathway_planning/Pathway_planning.py:620) - Test passed: Model Creation
[CRITICAL][Stream] 21.03.2024 16:36:08 [] (unknown:0) - Test failed: Check A Point Is In A Label Volume Node
[WARNING][Python] 21.03.2024 16:36:08 [Python] (C:/Users/DANG THE HUNG/OneDrive - King's College London/Msc study/7MRI0070 - Navigation in Robotic/Module/My_extension/Pathway_planning/Pathway_planning.py:623) - Test failed: Check A Point Is In A Label Volume Node
[INFO][Stream] 21.03.2024 16:39:43 [] (unknown:0) -
[INFO][Stream] 21.03.2024 16:39:43 [] (unknown:0) -
[INFO][Stream] 21.03.2024 16:39:43 [] (unknown:0) -
[INFO][Stream] 21.03.2024 16:39:43 [] (unknown:0) - ------------------------------
[INFO][Stream] 21.03.2024 16:39:43 [] (unknown:0) - Reloading module: Pathway_planning
[INFO][Stream] 21.03.2024 16:39:43 [] (unknown:0) - ------------------------------
[INFO][Stream] 21.03.2024 16:39:43 [] (unknown:0) -
[INFO][Stream] 21.03.2024 16:39:43 [] (unknown:0) -
[INFO][Stream] 21.03.2024 16:39:43 [] (unknown:0) -
[DEBUG][Qt] 21.03.2024 16:39:43 [] (unknown:0) - "Markups" Reader has successfully read the file "D:\\Code\\3D_slicer\\Navigation_robotics\\Data\\Week_2_4_TestSet_Path_planning\\entriesSubsample.fcsv" "[0.02s]"
[ERROR][VTK] 21.03.2024 16:39:44 [vtkMRMLSubjectHierarchyNode (0000026662FAB1D0)] (vtkMRMLSubjectHierarchyNode.cxx:2983) - vtkSubjectHierarchyItem::DataNodeCache inconsistency found
[DEBUG][Qt] 21.03.2024 16:39:44 [] (unknown:0) - "Markups" Reader has successfully read the file "D:\\Code\\3D_slicer\\Navigation_robotics\\Data\\Week_2_4_TestSet_Path_planning\\targetsSubsample.fcsv" "[0.01s]"
[DEBUG][Qt] 21.03.2024 16:39:44 [] (unknown:0) - "Volume" Reader has successfully read the file "D:\\Code\\3D_slicer\\Navigation_robotics\\Data\\Week_2_4_TestSet_Path_planning\\r_cortexTest.nii.gz" "[0.03s]"
[ERROR][VTK] 21.03.2024 16:39:44 [vtkMRMLSubjectHierarchyNode (0000026662FAB1D0)] (vtkMRMLSubjectHierarchyNode.cxx:2983) - vtkSubjectHierarchyItem::DataNodeCache inconsistency found
[DEBUG][Qt] 21.03.2024 16:39:44 [] (unknown:0) - "Volume" Reader has successfully read the file "D:\\Code\\3D_slicer\\Navigation_robotics\\Data\\Week_2_4_TestSet_Path_planning\\r_hippoTest.nii.gz" "[0.02s]"
[DEBUG][Qt] 21.03.2024 16:39:44 [] (unknown:0) - "Volume" Reader has successfully read the file "D:\\Code\\3D_slicer\\Navigation_robotics\\Data\\Week_2_4_TestSet_Path_planning\\ventriclesTest.nii.gz" "[0.02s]"
[ERROR][VTK] 21.03.2024 16:39:44 [vtkMRMLSubjectHierarchyNode (0000026662FAB1D0)] (vtkMRMLSubjectHierarchyNode.cxx:2983) - vtkSubjectHierarchyItem::DataNodeCache inconsistency found
[DEBUG][Qt] 21.03.2024 16:39:44 [] (unknown:0) - "Volume" Reader has successfully read the file "D:\\Code\\3D_slicer\\Navigation_robotics\\Data\\Week_2_4_TestSet_Path_planning\\vesselsTestDilate1.nii.gz" "[0.02s]"
[DEBUG][Qt] 21.03.2024 16:39:44 [] (unknown:0) - "Volume" Reader has successfully read the file "D:\\Code\\3D_slicer\\Navigation_robotics\\Data\\Week_2_4_TestSet_Path_planning\\fakeBrainTest.nii.gz" "[0.03s]"
[INFO][Stream] 21.03.2024 16:39:44 [] (unknown:0) - Number of entries is: 48
[INFO][Stream] 21.03.2024 16:39:44 [] (unknown:0) - Number of targets is: 21
[ERROR][VTK] 21.03.2024 16:39:44 [vtkMRMLSubjectHierarchyNode (0000026662FAB1D0)] (vtkMRMLSubjectHierarchyNode.cxx:2983) - vtkSubjectHierarchyItem::DataNodeCache inconsistency found
[CRITICAL][Stream] 21.03.2024 16:39:44 [] (unknown:0) - Test passed: Model Creation
[INFO][Python] 21.03.2024 16:39:44 [Python] (C:/Users/DANG THE HUNG/OneDrive - King's College London/Msc study/7MRI0070 - Navigation in Robotic/Module/My_extension/Pathway_planning/Pathway_planning.py:629) - Test passed: Model Creation
[CRITICAL][Stream] 21.03.2024 16:39:45 [] (unknown:0) - Test failed: Check A Point Is In A Label Volume Node
[WARNING][Python] 21.03.2024 16:39:45 [Python] (C:/Users/DANG THE HUNG/OneDrive - King's College London/Msc study/7MRI0070 - Navigation in Robotic/Module/My_extension/Pathway_planning/Pathway_planning.py:632) - Test failed: Check A Point Is In A Label Volume Node
[CRITICAL][Stream] 21.03.2024 16:39:45 [] (unknown:0) - Unit test failed: Convert IJK to RAS
[WARNING][Python] 21.03.2024 16:39:45 [Python] (C:/Users/DANG THE HUNG/OneDrive - King's College London/Msc study/7MRI0070 - Navigation in Robotic/Module/My_extension/Pathway_planning/Pathway_planning.py:637) - Unit test failed: Convert IJK to RAS
[CRITICAL][Stream] 21.03.2024 16:39:45 [] (unknown:0) - Unit test failed: Convert RAS to IJK
[WARNING][Python] 21.03.2024 16:39:45 [Python] (C:/Users/DANG THE HUNG/OneDrive - King's College London/Msc study/7MRI0070 - Navigation in Robotic/Module/My_extension/Pathway_planning/Pathway_planning.py:637) - Unit test failed: Convert RAS to IJK
[INFO][Stream] 21.03.2024 16:40:30 [] (unknown:0) -
[INFO][Stream] 21.03.2024 16:40:30 [] (unknown:0) -
[INFO][Stream] 21.03.2024 16:40:30 [] (unknown:0) -
[INFO][Stream] 21.03.2024 16:40:30 [] (unknown:0) - ------------------------------
[INFO][Stream] 21.03.2024 16:40:30 [] (unknown:0) - Reloading module: Pathway_planning
[INFO][Stream] 21.03.2024 16:40:30 [] (unknown:0) - ------------------------------
[INFO][Stream] 21.03.2024 16:40:30 [] (unknown:0) -
[INFO][Stream] 21.03.2024 16:40:30 [] (unknown:0) -
[INFO][Stream] 21.03.2024 16:40:30 [] (unknown:0) -
[ERROR][VTK] 21.03.2024 16:40:30 [vtkMRMLSubjectHierarchyNode (000002666C8A5400)] (vtkMRMLSubjectHierarchyNode.cxx:2983) - vtkSubjectHierarchyItem::DataNodeCache inconsistency found
[DEBUG][Qt] 21.03.2024 16:40:30 [] (unknown:0) - "Markups" Reader has successfully read the file "D:\\Code\\3D_slicer\\Navigation_robotics\\Data\\Week_2_4_TestSet_Path_planning\\entriesSubsample.fcsv" "[0.02s]"
[ERROR][VTK] 21.03.2024 16:40:30 [vtkMRMLSubjectHierarchyNode (000002666C8A5400)] (vtkMRMLSubjectHierarchyNode.cxx:2983) - vtkSubjectHierarchyItem::DataNodeCache inconsistency found
[DEBUG][Qt] 21.03.2024 16:40:30 [] (unknown:0) - "Markups" Reader has successfully read the file "D:\\Code\\3D_slicer\\Navigation_robotics\\Data\\Week_2_4_TestSet_Path_planning\\targetsSubsample.fcsv" "[0.02s]"
[DEBUG][Qt] 21.03.2024 16:40:30 [] (unknown:0) - "Volume" Reader has successfully read the file "D:\\Code\\3D_slicer\\Navigation_robotics\\Data\\Week_2_4_TestSet_Path_planning\\r_cortexTest.nii.gz" "[0.03s]"
[ERROR][VTK] 21.03.2024 16:40:30 [vtkMRMLSubjectHierarchyNode (000002666C8A5400)] (vtkMRMLSubjectHierarchyNode.cxx:2983) - vtkSubjectHierarchyItem::DataNodeCache inconsistency found
[DEBUG][Qt] 21.03.2024 16:40:30 [] (unknown:0) - "Volume" Reader has successfully read the file "D:\\Code\\3D_slicer\\Navigation_robotics\\Data\\Week_2_4_TestSet_Path_planning\\r_hippoTest.nii.gz" "[0.02s]"
[DEBUG][Qt] 21.03.2024 16:40:30 [] (unknown:0) - "Volume" Reader has successfully read the file "D:\\Code\\3D_slicer\\Navigation_robotics\\Data\\Week_2_4_TestSet_Path_planning\\ventriclesTest.nii.gz" "[0.02s]"
[DEBUG][Qt] 21.03.2024 16:40:30 [] (unknown:0) - "Volume" Reader has successfully read the file "D:\\Code\\3D_slicer\\Navigation_robotics\\Data\\Week_2_4_TestSet_Path_planning\\vesselsTestDilate1.nii.gz" "[0.02s]"
[DEBUG][Qt] 21.03.2024 16:40:30 [] (unknown:0) - "Volume" Reader has successfully read the file "D:\\Code\\3D_slicer\\Navigation_robotics\\Data\\Week_2_4_TestSet_Path_planning\\fakeBrainTest.nii.gz" "[0.04s]"
[INFO][Stream] 21.03.2024 16:40:30 [] (unknown:0) - Number of entries is: 48
[INFO][Stream] 21.03.2024 16:40:30 [] (unknown:0) - Number of targets is: 21
[ERROR][VTK] 21.03.2024 16:40:30 [vtkMRMLSubjectHierarchyNode (000002666C8A5400)] (vtkMRMLSubjectHierarchyNode.cxx:2983) - vtkSubjectHierarchyItem::DataNodeCache inconsistency found
[ERROR][VTK] 21.03.2024 16:40:30 [vtkMRMLSubjectHierarchyNode (000002666C8A5400)] (vtkMRMLSubjectHierarchyNode.cxx:2983) - vtkSubjectHierarchyItem::DataNodeCache inconsistency found
[CRITICAL][Stream] 21.03.2024 16:40:30 [] (unknown:0) - Test passed: Model Creation
[INFO][Python] 21.03.2024 16:40:30 [Python] (C:/Users/DANG THE HUNG/OneDrive - King's College London/Msc study/7MRI0070 - Navigation in Robotic/Module/My_extension/Pathway_planning/Pathway_planning.py:629) - Test passed: Model Creation
[CRITICAL][Stream] 21.03.2024 16:40:31 [] (unknown:0) - Test failed: Check A Point Is In A Label Volume Node
[WARNING][Python] 21.03.2024 16:40:31 [Python] (C:/Users/DANG THE HUNG/OneDrive - King's College London/Msc study/7MRI0070 - Navigation in Robotic/Module/My_extension/Pathway_planning/Pathway_planning.py:632) - Test failed: Check A Point Is In A Label Volume Node
[CRITICAL][Stream] 21.03.2024 16:40:31 [] (unknown:0) - Unit test failed: Convert IJK to RAS
[WARNING][Python] 21.03.2024 16:40:31 [Python] (C:/Users/DANG THE HUNG/OneDrive - King's College London/Msc study/7MRI0070 - Navigation in Robotic/Module/My_extension/Pathway_planning/Pathway_planning.py:637) - Unit test failed: Convert IJK to RAS
[CRITICAL][Stream] 21.03.2024 16:40:31 [] (unknown:0) - Unit test failed: Convert RAS to IJK
[WARNING][Python] 21.03.2024 16:40:31 [Python] (C:/Users/DANG THE HUNG/OneDrive - King's College London/Msc study/7MRI0070 - Navigation in Robotic/Module/My_extension/Pathway_planning/Pathway_planning.py:637) - Unit test failed: Convert RAS to IJK
[DEBUG][Qt] 21.03.2024 16:41:16 [] (unknown:0) - Switch to module:  "My_function"
[DEBUG][Qt] 21.03.2024 16:45:43 [] (unknown:0) - Switch to module:  "Pathway_planning"
[CRITICAL][Stream] 21.03.2024 16:45:43 [] (unknown:0) - D:\Program\Slicer 5.6.1\bin\Python\slicer\util.py:2786: UserWarning: does not have observer
[CRITICAL][Stream] 21.03.2024 16:45:43 [] (unknown:0) -   warn("does not have observer")
[INFO][Stream] 21.03.2024 16:45:44 [] (unknown:0) -
[INFO][Stream] 21.03.2024 16:45:44 [] (unknown:0) -
[INFO][Stream] 21.03.2024 16:45:44 [] (unknown:0) -
[INFO][Stream] 21.03.2024 16:45:44 [] (unknown:0) - ------------------------------
[INFO][Stream] 21.03.2024 16:45:44 [] (unknown:0) - Reloading module: Pathway_planning
[INFO][Stream] 21.03.2024 16:45:44 [] (unknown:0) - ------------------------------
[INFO][Stream] 21.03.2024 16:45:44 [] (unknown:0) -
[INFO][Stream] 21.03.2024 16:45:44 [] (unknown:0) -
[INFO][Stream] 21.03.2024 16:45:44 [] (unknown:0) -
[ERROR][Python] 21.03.2024 16:45:44 [Python] (D:\Program\Slicer 5.6.1\bin\Python\slicer\util.py:3009) - Reload and Test failed.

name 'np' is not defined
[CRITICAL][Stream] 21.03.2024 16:45:48 [] (unknown:0) - Traceback (most recent call last):
[CRITICAL][Stream] 21.03.2024 16:45:48 [] (unknown:0) -   File "D:\Program\Slicer 5.6.1\bin\Python\slicer\ScriptedLoadableModule.py", line 263, in onReloadAndTest
[CRITICAL][Stream] 21.03.2024 16:45:48 [] (unknown:0) -     self.onReload()
[CRITICAL][Stream] 21.03.2024 16:45:48 [] (unknown:0) -   File "D:\Program\Slicer 5.6.1\bin\Python\slicer\ScriptedLoadableModule.py", line 246, in onReload
[CRITICAL][Stream] 21.03.2024 16:45:48 [] (unknown:0) -     slicer.util.reloadScriptedModule(self.moduleName)
[CRITICAL][Stream] 21.03.2024 16:45:48 [] (unknown:0) -   File "D:\Program\Slicer 5.6.1\bin\Python\slicer\util.py", line 1389, in reloadScriptedModule
[CRITICAL][Stream] 21.03.2024 16:45:48 [] (unknown:0) -     reloaded_module = imp.load_module(
[CRITICAL][Stream] 21.03.2024 16:45:48 [] (unknown:0) -   File "D:\Program\Slicer 5.6.1\lib\Python\Lib\imp.py", line 234, in load_module
[CRITICAL][Stream] 21.03.2024 16:45:48 [] (unknown:0) -     return load_source(name, filename, file)
[CRITICAL][Stream] 21.03.2024 16:45:48 [] (unknown:0) -   File "D:\Program\Slicer 5.6.1\lib\Python\Lib\imp.py", line 169, in load_source
[CRITICAL][Stream] 21.03.2024 16:45:48 [] (unknown:0) -     module = _exec(spec, sys.modules[name])
[CRITICAL][Stream] 21.03.2024 16:45:48 [] (unknown:0) -   File "<frozen importlib._bootstrap>", line 613, in _exec
[CRITICAL][Stream] 21.03.2024 16:45:48 [] (unknown:0) -   File "<frozen importlib._bootstrap_external>", line 850, in exec_module
[CRITICAL][Stream] 21.03.2024 16:45:48 [] (unknown:0) -   File "<frozen importlib._bootstrap>", line 228, in _call_with_frames_removed
[CRITICAL][Stream] 21.03.2024 16:45:48 [] (unknown:0) -   File "C:/Users/DANG THE HUNG/OneDrive - King's College London/Msc study/7MRI0070 - Navigation in Robotic/Module/My_extension/Pathway_planning/Pathway_planning.py", line 240, in <module>
[CRITICAL][Stream] 21.03.2024 16:45:48 [] (unknown:0) -     class Pathway_planningLogic(ScriptedLoadableModuleLogic):
[CRITICAL][Stream] 21.03.2024 16:45:48 [] (unknown:0) -   File "C:/Users/DANG THE HUNG/OneDrive - King's College London/Msc study/7MRI0070 - Navigation in Robotic/Module/My_extension/Pathway_planning/Pathway_planning.py", line 274, in Pathway_planningLogic
[CRITICAL][Stream] 21.03.2024 16:45:48 [] (unknown:0) -     spacing: np.ndarray((3,)) = np.array([1,1,1]),
[CRITICAL][Stream] 21.03.2024 16:45:48 [] (unknown:0) - NameError: name 'np' is not defined
[INFO][Stream] 21.03.2024 16:46:14 [] (unknown:0) -
[INFO][Stream] 21.03.2024 16:46:14 [] (unknown:0) -
[INFO][Stream] 21.03.2024 16:46:14 [] (unknown:0) -
[INFO][Stream] 21.03.2024 16:46:14 [] (unknown:0) - ------------------------------
[INFO][Stream] 21.03.2024 16:46:14 [] (unknown:0) - Reloading module: Pathway_planning
[INFO][Stream] 21.03.2024 16:46:14 [] (unknown:0) - ------------------------------
[INFO][Stream] 21.03.2024 16:46:14 [] (unknown:0) -
[INFO][Stream] 21.03.2024 16:46:14 [] (unknown:0) -
[INFO][Stream] 21.03.2024 16:46:14 [] (unknown:0) -
[ERROR][VTK] 21.03.2024 16:46:15 [vtkMRMLSubjectHierarchyNode (000002666C8A51A0)] (vtkMRMLSubjectHierarchyNode.cxx:2983) - vtkSubjectHierarchyItem::DataNodeCache inconsistency found
[DEBUG][Qt] 21.03.2024 16:46:15 [] (unknown:0) - "Markups" Reader has successfully read the file "D:\\Code\\3D_slicer\\Navigation_robotics\\Data\\Week_2_4_TestSet_Path_planning\\entriesSubsample.fcsv" "[0.02s]"
[ERROR][VTK] 21.03.2024 16:46:15 [vtkMRMLSubjectHierarchyNode (000002666C8A51A0)] (vtkMRMLSubjectHierarchyNode.cxx:2983) - vtkSubjectHierarchyItem::DataNodeCache inconsistency found
[DEBUG][Qt] 21.03.2024 16:46:15 [] (unknown:0) - "Markups" Reader has successfully read the file "D:\\Code\\3D_slicer\\Navigation_robotics\\Data\\Week_2_4_TestSet_Path_planning\\targetsSubsample.fcsv" "[0.02s]"
[DEBUG][Qt] 21.03.2024 16:46:15 [] (unknown:0) - "Volume" Reader has successfully read the file "D:\\Code\\3D_slicer\\Navigation_robotics\\Data\\Week_2_4_TestSet_Path_planning\\r_cortexTest.nii.gz" "[0.03s]"
[ERROR][VTK] 21.03.2024 16:46:15 [vtkMRMLSubjectHierarchyNode (000002666C8A51A0)] (vtkMRMLSubjectHierarchyNode.cxx:2983) - vtkSubjectHierarchyItem::DataNodeCache inconsistency found
[DEBUG][Qt] 21.03.2024 16:46:15 [] (unknown:0) - "Volume" Reader has successfully read the file "D:\\Code\\3D_slicer\\Navigation_robotics\\Data\\Week_2_4_TestSet_Path_planning\\r_hippoTest.nii.gz" "[0.02s]"
[DEBUG][Qt] 21.03.2024 16:46:15 [] (unknown:0) - "Volume" Reader has successfully read the file "D:\\Code\\3D_slicer\\Navigation_robotics\\Data\\Week_2_4_TestSet_Path_planning\\ventriclesTest.nii.gz" "[0.02s]"
[ERROR][VTK] 21.03.2024 16:46:15 [vtkMRMLSubjectHierarchyNode (000002666C8A51A0)] (vtkMRMLSubjectHierarchyNode.cxx:2983) - vtkSubjectHierarchyItem::DataNodeCache inconsistency found
[DEBUG][Qt] 21.03.2024 16:46:15 [] (unknown:0) - "Volume" Reader has successfully read the file "D:\\Code\\3D_slicer\\Navigation_robotics\\Data\\Week_2_4_TestSet_Path_planning\\vesselsTestDilate1.nii.gz" "[0.02s]"
[ERROR][VTK] 21.03.2024 16:46:15 [vtkMRMLSubjectHierarchyNode (000002666C8A51A0)] (vtkMRMLSubjectHierarchyNode.cxx:2983) - vtkSubjectHierarchyItem::DataNodeCache inconsistency found
[DEBUG][Qt] 21.03.2024 16:46:15 [] (unknown:0) - "Volume" Reader has successfully read the file "D:\\Code\\3D_slicer\\Navigation_robotics\\Data\\Week_2_4_TestSet_Path_planning\\fakeBrainTest.nii.gz" "[0.03s]"
[INFO][Stream] 21.03.2024 16:46:15 [] (unknown:0) - Number of entries is: 48
[INFO][Stream] 21.03.2024 16:46:15 [] (unknown:0) - Number of targets is: 21
[CRITICAL][Stream] 21.03.2024 16:46:15 [] (unknown:0) - Test passed: Model Creation
[INFO][Python] 21.03.2024 16:46:15 [Python] (C:/Users/DANG THE HUNG/OneDrive - King's College London/Msc study/7MRI0070 - Navigation in Robotic/Module/My_extension/Pathway_planning/Pathway_planning.py:664) - Test passed: Model Creation
[CRITICAL][Stream] 21.03.2024 16:46:16 [] (unknown:0) - Test failed: Check A Point Is In A Label Volume Node
[WARNING][Python] 21.03.2024 16:46:16 [Python] (C:/Users/DANG THE HUNG/OneDrive - King's College London/Msc study/7MRI0070 - Navigation in Robotic/Module/My_extension/Pathway_planning/Pathway_planning.py:667) - Test failed: Check A Point Is In A Label Volume Node
[CRITICAL][Stream] 21.03.2024 16:46:16 [] (unknown:0) - Unit test failed: Convert IJK to RAS
[WARNING][Python] 21.03.2024 16:46:16 [Python] (C:/Users/DANG THE HUNG/OneDrive - King's College London/Msc study/7MRI0070 - Navigation in Robotic/Module/My_extension/Pathway_planning/Pathway_planning.py:673) - Unit test failed: Convert IJK to RAS
[CRITICAL][Stream] 21.03.2024 16:46:16 [] (unknown:0) - Unit test failed: Convert RAS to IJK
[WARNING][Python] 21.03.2024 16:46:16 [Python] (C:/Users/DANG THE HUNG/OneDrive - King's College London/Msc study/7MRI0070 - Navigation in Robotic/Module/My_extension/Pathway_planning/Pathway_planning.py:673) - Unit test failed: Convert RAS to IJK
[INFO][Stream] 21.03.2024 17:02:09 [] (unknown:0) -
[INFO][Stream] 21.03.2024 17:02:09 [] (unknown:0) -
[INFO][Stream] 21.03.2024 17:02:09 [] (unknown:0) -
[INFO][Stream] 21.03.2024 17:02:09 [] (unknown:0) - ------------------------------
[INFO][Stream] 21.03.2024 17:02:09 [] (unknown:0) - Reloading module: Pathway_planning
[INFO][Stream] 21.03.2024 17:02:09 [] (unknown:0) - ------------------------------
[INFO][Stream] 21.03.2024 17:02:09 [] (unknown:0) -
[INFO][Stream] 21.03.2024 17:02:09 [] (unknown:0) -
[INFO][Stream] 21.03.2024 17:02:09 [] (unknown:0) -
[ERROR][VTK] 21.03.2024 17:02:09 [vtkMRMLSubjectHierarchyNode (000002666C8A5C50)] (vtkMRMLSubjectHierarchyNode.cxx:2983) - vtkSubjectHierarchyItem::DataNodeCache inconsistency found
[DEBUG][Qt] 21.03.2024 17:02:09 [] (unknown:0) - "Markups" Reader has successfully read the file "D:\\Code\\3D_slicer\\Navigation_robotics\\Data\\Week_2_4_TestSet_Path_planning\\entriesSubsample.fcsv" "[0.03s]"
[ERROR][VTK] 21.03.2024 17:02:09 [vtkMRMLSubjectHierarchyNode (000002666C8A5C50)] (vtkMRMLSubjectHierarchyNode.cxx:2983) - vtkSubjectHierarchyItem::DataNodeCache inconsistency found
[DEBUG][Qt] 21.03.2024 17:02:09 [] (unknown:0) - "Markups" Reader has successfully read the file "D:\\Code\\3D_slicer\\Navigation_robotics\\Data\\Week_2_4_TestSet_Path_planning\\targetsSubsample.fcsv" "[0.02s]"
[ERROR][VTK] 21.03.2024 17:02:09 [vtkMRMLSubjectHierarchyNode (000002666C8A5C50)] (vtkMRMLSubjectHierarchyNode.cxx:2983) - vtkSubjectHierarchyItem::DataNodeCache inconsistency found
[DEBUG][Qt] 21.03.2024 17:02:09 [] (unknown:0) - "Volume" Reader has successfully read the file "D:\\Code\\3D_slicer\\Navigation_robotics\\Data\\Week_2_4_TestSet_Path_planning\\r_cortexTest.nii.gz" "[0.04s]"
[DEBUG][Qt] 21.03.2024 17:02:09 [] (unknown:0) - "Volume" Reader has successfully read the file "D:\\Code\\3D_slicer\\Navigation_robotics\\Data\\Week_2_4_TestSet_Path_planning\\r_hippoTest.nii.gz" "[0.02s]"
[DEBUG][Qt] 21.03.2024 17:02:09 [] (unknown:0) - "Volume" Reader has successfully read the file "D:\\Code\\3D_slicer\\Navigation_robotics\\Data\\Week_2_4_TestSet_Path_planning\\ventriclesTest.nii.gz" "[0.02s]"
[DEBUG][Qt] 21.03.2024 17:02:09 [] (unknown:0) - "Volume" Reader has successfully read the file "D:\\Code\\3D_slicer\\Navigation_robotics\\Data\\Week_2_4_TestSet_Path_planning\\vesselsTestDilate1.nii.gz" "[0.02s]"
[DEBUG][Qt] 21.03.2024 17:02:09 [] (unknown:0) - "Volume" Reader has successfully read the file "D:\\Code\\3D_slicer\\Navigation_robotics\\Data\\Week_2_4_TestSet_Path_planning\\fakeBrainTest.nii.gz" "[0.04s]"
[INFO][Stream] 21.03.2024 17:02:09 [] (unknown:0) - Number of entries is: 48
[INFO][Stream] 21.03.2024 17:02:09 [] (unknown:0) - Number of targets is: 21
[CRITICAL][Stream] 21.03.2024 17:02:09 [] (unknown:0) - Test passed: Model Creation
[INFO][Python] 21.03.2024 17:02:09 [Python] (C:/Users/DANG THE HUNG/OneDrive - King's College London/Msc study/7MRI0070 - Navigation in Robotic/Module/My_extension/Pathway_planning/Pathway_planning.py:672) - Test passed: Model Creation
[CRITICAL][Stream] 21.03.2024 17:02:10 [] (unknown:0) - Test failed: Check A Point Is In A Label Volume Node
[WARNING][Python] 21.03.2024 17:02:10 [Python] (C:/Users/DANG THE HUNG/OneDrive - King's College London/Msc study/7MRI0070 - Navigation in Robotic/Module/My_extension/Pathway_planning/Pathway_planning.py:675) - Test failed: Check A Point Is In A Label Volume Node
[CRITICAL][Stream] 21.03.2024 17:02:10 [] (unknown:0) - Unit test passed: Convert IJK to RAS
[INFO][Python] 21.03.2024 17:02:10 [Python] (C:/Users/DANG THE HUNG/OneDrive - King's College London/Msc study/7MRI0070 - Navigation in Robotic/Module/My_extension/Pathway_planning/Pathway_planning.py:679) - Unit test passed: Convert IJK to RAS
[CRITICAL][Stream] 21.03.2024 17:02:10 [] (unknown:0) - Unit test failed: Convert RAS to IJK
[WARNING][Python] 21.03.2024 17:02:10 [Python] (C:/Users/DANG THE HUNG/OneDrive - King's College London/Msc study/7MRI0070 - Navigation in Robotic/Module/My_extension/Pathway_planning/Pathway_planning.py:681) - Unit test failed: Convert RAS to IJK
[INFO][Stream] 21.03.2024 17:02:21 [] (unknown:0) -
[INFO][Stream] 21.03.2024 17:02:21 [] (unknown:0) -
[INFO][Stream] 21.03.2024 17:02:21 [] (unknown:0) -
[INFO][Stream] 21.03.2024 17:02:21 [] (unknown:0) - ------------------------------
[INFO][Stream] 21.03.2024 17:02:21 [] (unknown:0) - Reloading module: Pathway_planning
[INFO][Stream] 21.03.2024 17:02:21 [] (unknown:0) - ------------------------------
[INFO][Stream] 21.03.2024 17:02:21 [] (unknown:0) -
[INFO][Stream] 21.03.2024 17:02:21 [] (unknown:0) -
[INFO][Stream] 21.03.2024 17:02:21 [] (unknown:0) -
[ERROR][VTK] 21.03.2024 17:02:21 [vtkMRMLSubjectHierarchyNode (0000026662FB7100)] (vtkMRMLSubjectHierarchyNode.cxx:2983) - vtkSubjectHierarchyItem::DataNodeCache inconsistency found
[DEBUG][Qt] 21.03.2024 17:02:21 [] (unknown:0) - "Markups" Reader has successfully read the file "D:\\Code\\3D_slicer\\Navigation_robotics\\Data\\Week_2_4_TestSet_Path_planning\\entriesSubsample.fcsv" "[0.03s]"
[ERROR][VTK] 21.03.2024 17:02:21 [vtkMRMLSubjectHierarchyNode (0000026662FB7100)] (vtkMRMLSubjectHierarchyNode.cxx:2983) - vtkSubjectHierarchyItem::DataNodeCache inconsistency found
[DEBUG][Qt] 21.03.2024 17:02:22 [] (unknown:0) - "Markups" Reader has successfully read the file "D:\\Code\\3D_slicer\\Navigation_robotics\\Data\\Week_2_4_TestSet_Path_planning\\targetsSubsample.fcsv" "[0.02s]"
[DEBUG][Qt] 21.03.2024 17:02:22 [] (unknown:0) - "Volume" Reader has successfully read the file "D:\\Code\\3D_slicer\\Navigation_robotics\\Data\\Week_2_4_TestSet_Path_planning\\r_cortexTest.nii.gz" "[0.04s]"
[DEBUG][Qt] 21.03.2024 17:02:22 [] (unknown:0) - "Volume" Reader has successfully read the file "D:\\Code\\3D_slicer\\Navigation_robotics\\Data\\Week_2_4_TestSet_Path_planning\\r_hippoTest.nii.gz" "[0.02s]"
[ERROR][VTK] 21.03.2024 17:02:22 [vtkMRMLSubjectHierarchyNode (0000026662FB7100)] (vtkMRMLSubjectHierarchyNode.cxx:2983) - vtkSubjectHierarchyItem::DataNodeCache inconsistency found
[DEBUG][Qt] 21.03.2024 17:02:22 [] (unknown:0) - "Volume" Reader has successfully read the file "D:\\Code\\3D_slicer\\Navigation_robotics\\Data\\Week_2_4_TestSet_Path_planning\\ventriclesTest.nii.gz" "[0.02s]"
[ERROR][VTK] 21.03.2024 17:02:22 [vtkMRMLSubjectHierarchyNode (0000026662FB7100)] (vtkMRMLSubjectHierarchyNode.cxx:2983) - vtkSubjectHierarchyItem::DataNodeCache inconsistency found
[DEBUG][Qt] 21.03.2024 17:02:22 [] (unknown:0) - "Volume" Reader has successfully read the file "D:\\Code\\3D_slicer\\Navigation_robotics\\Data\\Week_2_4_TestSet_Path_planning\\vesselsTestDilate1.nii.gz" "[0.02s]"
[DEBUG][Qt] 21.03.2024 17:02:22 [] (unknown:0) - "Volume" Reader has successfully read the file "D:\\Code\\3D_slicer\\Navigation_robotics\\Data\\Week_2_4_TestSet_Path_planning\\fakeBrainTest.nii.gz" "[0.04s]"
[INFO][Stream] 21.03.2024 17:02:22 [] (unknown:0) - Number of entries is: 48
[INFO][Stream] 21.03.2024 17:02:22 [] (unknown:0) - Number of targets is: 21
[ERROR][VTK] 21.03.2024 17:02:22 [vtkMRMLSubjectHierarchyNode (0000026662FB7100)] (vtkMRMLSubjectHierarchyNode.cxx:2983) - vtkSubjectHierarchyItem::DataNodeCache inconsistency found
[CRITICAL][Stream] 21.03.2024 17:02:22 [] (unknown:0) - Test passed: Model Creation
[INFO][Python] 21.03.2024 17:02:22 [Python] (C:/Users/DANG THE HUNG/OneDrive - King's College London/Msc study/7MRI0070 - Navigation in Robotic/Module/My_extension/Pathway_planning/Pathway_planning.py:672) - Test passed: Model Creation
[CRITICAL][Stream] 21.03.2024 17:02:23 [] (unknown:0) - Test failed: Check A Point Is In A Label Volume Node
[WARNING][Python] 21.03.2024 17:02:23 [Python] (C:/Users/DANG THE HUNG/OneDrive - King's College London/Msc study/7MRI0070 - Navigation in Robotic/Module/My_extension/Pathway_planning/Pathway_planning.py:675) - Test failed: Check A Point Is In A Label Volume Node
[CRITICAL][Stream] 21.03.2024 17:02:23 [] (unknown:0) - Unit test failed: Convert IJK to RAS
[WARNING][Python] 21.03.2024 17:02:23 [Python] (C:/Users/DANG THE HUNG/OneDrive - King's College London/Msc study/7MRI0070 - Navigation in Robotic/Module/My_extension/Pathway_planning/Pathway_planning.py:681) - Unit test failed: Convert IJK to RAS
[CRITICAL][Stream] 21.03.2024 17:02:23 [] (unknown:0) - Unit test failed: Convert RAS to IJK
[WARNING][Python] 21.03.2024 17:02:23 [Python] (C:/Users/DANG THE HUNG/OneDrive - King's College London/Msc study/7MRI0070 - Navigation in Robotic/Module/My_extension/Pathway_planning/Pathway_planning.py:681) - Unit test failed: Convert RAS to IJK
[INFO][Stream] 21.03.2024 17:02:32 [] (unknown:0) -
[INFO][Stream] 21.03.2024 17:02:32 [] (unknown:0) -
[INFO][Stream] 21.03.2024 17:02:32 [] (unknown:0) -
[INFO][Stream] 21.03.2024 17:02:32 [] (unknown:0) - ------------------------------
[INFO][Stream] 21.03.2024 17:02:32 [] (unknown:0) - Reloading module: Pathway_planning
[INFO][Stream] 21.03.2024 17:02:32 [] (unknown:0) - ------------------------------
[INFO][Stream] 21.03.2024 17:02:32 [] (unknown:0) -
[INFO][Stream] 21.03.2024 17:02:32 [] (unknown:0) -
[INFO][Stream] 21.03.2024 17:02:32 [] (unknown:0) -
[ERROR][VTK] 21.03.2024 17:02:33 [vtkMRMLSubjectHierarchyNode (00000266600C5DD0)] (vtkMRMLSubjectHierarchyNode.cxx:2983) - vtkSubjectHierarchyItem::DataNodeCache inconsistency found
[DEBUG][Qt] 21.03.2024 17:02:33 [] (unknown:0) - "Markups" Reader has successfully read the file "D:\\Code\\3D_slicer\\Navigation_robotics\\Data\\Week_2_4_TestSet_Path_planning\\entriesSubsample.fcsv" "[0.02s]"
[ERROR][VTK] 21.03.2024 17:02:33 [vtkMRMLSubjectHierarchyNode (00000266600C5DD0)] (vtkMRMLSubjectHierarchyNode.cxx:2983) - vtkSubjectHierarchyItem::DataNodeCache inconsistency found
[DEBUG][Qt] 21.03.2024 17:02:33 [] (unknown:0) - "Markups" Reader has successfully read the file "D:\\Code\\3D_slicer\\Navigation_robotics\\Data\\Week_2_4_TestSet_Path_planning\\targetsSubsample.fcsv" "[0.02s]"
[DEBUG][Qt] 21.03.2024 17:02:33 [] (unknown:0) - "Volume" Reader has successfully read the file "D:\\Code\\3D_slicer\\Navigation_robotics\\Data\\Week_2_4_TestSet_Path_planning\\r_cortexTest.nii.gz" "[0.04s]"
[DEBUG][Qt] 21.03.2024 17:02:33 [] (unknown:0) - "Volume" Reader has successfully read the file "D:\\Code\\3D_slicer\\Navigation_robotics\\Data\\Week_2_4_TestSet_Path_planning\\r_hippoTest.nii.gz" "[0.02s]"
[ERROR][VTK] 21.03.2024 17:02:33 [vtkMRMLSubjectHierarchyNode (00000266600C5DD0)] (vtkMRMLSubjectHierarchyNode.cxx:2983) - vtkSubjectHierarchyItem::DataNodeCache inconsistency found
[DEBUG][Qt] 21.03.2024 17:02:33 [] (unknown:0) - "Volume" Reader has successfully read the file "D:\\Code\\3D_slicer\\Navigation_robotics\\Data\\Week_2_4_TestSet_Path_planning\\ventriclesTest.nii.gz" "[0.02s]"
[ERROR][VTK] 21.03.2024 17:02:33 [vtkMRMLSubjectHierarchyNode (00000266600C5DD0)] (vtkMRMLSubjectHierarchyNode.cxx:2983) - vtkSubjectHierarchyItem::DataNodeCache inconsistency found
[DEBUG][Qt] 21.03.2024 17:02:33 [] (unknown:0) - "Volume" Reader has successfully read the file "D:\\Code\\3D_slicer\\Navigation_robotics\\Data\\Week_2_4_TestSet_Path_planning\\vesselsTestDilate1.nii.gz" "[0.02s]"
[ERROR][VTK] 21.03.2024 17:02:33 [vtkMRMLSubjectHierarchyNode (00000266600C5DD0)] (vtkMRMLSubjectHierarchyNode.cxx:2983) - vtkSubjectHierarchyItem::DataNodeCache inconsistency found
[DEBUG][Qt] 21.03.2024 17:02:33 [] (unknown:0) - "Volume" Reader has successfully read the file "D:\\Code\\3D_slicer\\Navigation_robotics\\Data\\Week_2_4_TestSet_Path_planning\\fakeBrainTest.nii.gz" "[0.04s]"
[INFO][Stream] 21.03.2024 17:02:33 [] (unknown:0) - Number of entries is: 48
[INFO][Stream] 21.03.2024 17:02:33 [] (unknown:0) - Number of targets is: 21
[ERROR][VTK] 21.03.2024 17:02:33 [vtkMRMLSubjectHierarchyNode (00000266600C5DD0)] (vtkMRMLSubjectHierarchyNode.cxx:2983) - vtkSubjectHierarchyItem::DataNodeCache inconsistency found
[CRITICAL][Stream] 21.03.2024 17:02:33 [] (unknown:0) - Test passed: Model Creation
[INFO][Python] 21.03.2024 17:02:33 [Python] (C:/Users/DANG THE HUNG/OneDrive - King's College London/Msc study/7MRI0070 - Navigation in Robotic/Module/My_extension/Pathway_planning/Pathway_planning.py:672) - Test passed: Model Creation
[CRITICAL][Stream] 21.03.2024 17:02:34 [] (unknown:0) - Test failed: Check A Point Is In A Label Volume Node
[WARNING][Python] 21.03.2024 17:02:34 [Python] (C:/Users/DANG THE HUNG/OneDrive - King's College London/Msc study/7MRI0070 - Navigation in Robotic/Module/My_extension/Pathway_planning/Pathway_planning.py:675) - Test failed: Check A Point Is In A Label Volume Node
[CRITICAL][Stream] 21.03.2024 17:02:34 [] (unknown:0) - Unit test passed: Convert IJK to RAS
[INFO][Python] 21.03.2024 17:02:34 [Python] (C:/Users/DANG THE HUNG/OneDrive - King's College London/Msc study/7MRI0070 - Navigation in Robotic/Module/My_extension/Pathway_planning/Pathway_planning.py:679) - Unit test passed: Convert IJK to RAS
[CRITICAL][Stream] 21.03.2024 17:02:34 [] (unknown:0) - Unit test failed: Convert RAS to IJK
[WARNING][Python] 21.03.2024 17:02:34 [Python] (C:/Users/DANG THE HUNG/OneDrive - King's College London/Msc study/7MRI0070 - Navigation in Robotic/Module/My_extension/Pathway_planning/Pathway_planning.py:681) - Unit test failed: Convert RAS to IJK
[INFO][Stream] 21.03.2024 17:04:44 [] (unknown:0) -
[INFO][Stream] 21.03.2024 17:04:44 [] (unknown:0) -
[INFO][Stream] 21.03.2024 17:04:44 [] (unknown:0) -
[INFO][Stream] 21.03.2024 17:04:44 [] (unknown:0) - ------------------------------
[INFO][Stream] 21.03.2024 17:04:44 [] (unknown:0) - Reloading module: Pathway_planning
[INFO][Stream] 21.03.2024 17:04:44 [] (unknown:0) - ------------------------------
[INFO][Stream] 21.03.2024 17:04:44 [] (unknown:0) -
[INFO][Stream] 21.03.2024 17:04:44 [] (unknown:0) -
[INFO][Stream] 21.03.2024 17:04:44 [] (unknown:0) -
[ERROR][VTK] 21.03.2024 17:04:44 [vtkMRMLSubjectHierarchyNode (000002666F9B4F70)] (vtkMRMLSubjectHierarchyNode.cxx:2983) - vtkSubjectHierarchyItem::DataNodeCache inconsistency found
[ERROR][VTK] 21.03.2024 17:04:44 [vtkMRMLSubjectHierarchyNode (000002666F9B4F70)] (vtkMRMLSubjectHierarchyNode.cxx:2983) - vtkSubjectHierarchyItem::DataNodeCache inconsistency found
[DEBUG][Qt] 21.03.2024 17:04:44 [] (unknown:0) - "Markups" Reader has successfully read the file "D:\\Code\\3D_slicer\\Navigation_robotics\\Data\\Week_2_4_TestSet_Path_planning\\entriesSubsample.fcsv" "[0.03s]"
[ERROR][VTK] 21.03.2024 17:04:44 [vtkMRMLSubjectHierarchyNode (000002666F9B4F70)] (vtkMRMLSubjectHierarchyNode.cxx:2983) - vtkSubjectHierarchyItem::DataNodeCache inconsistency found
[DEBUG][Qt] 21.03.2024 17:04:44 [] (unknown:0) - "Markups" Reader has successfully read the file "D:\\Code\\3D_slicer\\Navigation_robotics\\Data\\Week_2_4_TestSet_Path_planning\\targetsSubsample.fcsv" "[0.02s]"
[DEBUG][Qt] 21.03.2024 17:04:44 [] (unknown:0) - "Volume" Reader has successfully read the file "D:\\Code\\3D_slicer\\Navigation_robotics\\Data\\Week_2_4_TestSet_Path_planning\\r_cortexTest.nii.gz" "[0.04s]"
[ERROR][VTK] 21.03.2024 17:04:44 [vtkMRMLSubjectHierarchyNode (000002666F9B4F70)] (vtkMRMLSubjectHierarchyNode.cxx:2983) - vtkSubjectHierarchyItem::DataNodeCache inconsistency found
[DEBUG][Qt] 21.03.2024 17:04:44 [] (unknown:0) - "Volume" Reader has successfully read the file "D:\\Code\\3D_slicer\\Navigation_robotics\\Data\\Week_2_4_TestSet_Path_planning\\r_hippoTest.nii.gz" "[0.03s]"
[ERROR][VTK] 21.03.2024 17:04:44 [vtkMRMLSubjectHierarchyNode (000002666F9B4F70)] (vtkMRMLSubjectHierarchyNode.cxx:2983) - vtkSubjectHierarchyItem::DataNodeCache inconsistency found
[DEBUG][Qt] 21.03.2024 17:04:44 [] (unknown:0) - "Volume" Reader has successfully read the file "D:\\Code\\3D_slicer\\Navigation_robotics\\Data\\Week_2_4_TestSet_Path_planning\\ventriclesTest.nii.gz" "[0.02s]"
[ERROR][VTK] 21.03.2024 17:04:44 [vtkMRMLSubjectHierarchyNode (000002666F9B4F70)] (vtkMRMLSubjectHierarchyNode.cxx:2983) - vtkSubjectHierarchyItem::DataNodeCache inconsistency found
[DEBUG][Qt] 21.03.2024 17:04:44 [] (unknown:0) - "Volume" Reader has successfully read the file "D:\\Code\\3D_slicer\\Navigation_robotics\\Data\\Week_2_4_TestSet_Path_planning\\vesselsTestDilate1.nii.gz" "[0.03s]"
[DEBUG][Qt] 21.03.2024 17:04:44 [] (unknown:0) - "Volume" Reader has successfully read the file "D:\\Code\\3D_slicer\\Navigation_robotics\\Data\\Week_2_4_TestSet_Path_planning\\fakeBrainTest.nii.gz" "[0.04s]"
[INFO][Stream] 21.03.2024 17:04:45 [] (unknown:0) - Number of entries is: 48
[INFO][Stream] 21.03.2024 17:04:45 [] (unknown:0) - Number of targets is: 21
[CRITICAL][Stream] 21.03.2024 17:04:45 [] (unknown:0) - Test passed: Model Creation
[INFO][Python] 21.03.2024 17:04:45 [Python] (C:/Users/DANG THE HUNG/OneDrive - King's College London/Msc study/7MRI0070 - Navigation in Robotic/Module/My_extension/Pathway_planning/Pathway_planning.py:682) - Test passed: Model Creation
[CRITICAL][Stream] 21.03.2024 17:04:45 [] (unknown:0) - Test failed: Check A Point Is In A Label Volume Node
[WARNING][Python] 21.03.2024 17:04:45 [Python] (C:/Users/DANG THE HUNG/OneDrive - King's College London/Msc study/7MRI0070 - Navigation in Robotic/Module/My_extension/Pathway_planning/Pathway_planning.py:685) - Test failed: Check A Point Is In A Label Volume Node
[CRITICAL][Stream] 21.03.2024 17:04:45 [] (unknown:0) - Unit test failed: Convert IJK to RAS
[WARNING][Python] 21.03.2024 17:04:45 [Python] (C:/Users/DANG THE HUNG/OneDrive - King's College London/Msc study/7MRI0070 - Navigation in Robotic/Module/My_extension/Pathway_planning/Pathway_planning.py:691) - Unit test failed: Convert IJK to RAS
[CRITICAL][Stream] 21.03.2024 17:04:45 [] (unknown:0) - Unit test failed: Convert RAS to IJK
[WARNING][Python] 21.03.2024 17:04:45 [Python] (C:/Users/DANG THE HUNG/OneDrive - King's College London/Msc study/7MRI0070 - Navigation in Robotic/Module/My_extension/Pathway_planning/Pathway_planning.py:691) - Unit test failed: Convert RAS to IJK
[INFO][Stream] 21.03.2024 17:04:54 [] (unknown:0) -
[INFO][Stream] 21.03.2024 17:04:54 [] (unknown:0) -
[INFO][Stream] 21.03.2024 17:04:54 [] (unknown:0) -
[INFO][Stream] 21.03.2024 17:04:54 [] (unknown:0) - ------------------------------
[INFO][Stream] 21.03.2024 17:04:54 [] (unknown:0) - Reloading module: Pathway_planning
[INFO][Stream] 21.03.2024 17:04:54 [] (unknown:0) - ------------------------------
[INFO][Stream] 21.03.2024 17:04:54 [] (unknown:0) -
[INFO][Stream] 21.03.2024 17:04:54 [] (unknown:0) -
[INFO][Stream] 21.03.2024 17:04:54 [] (unknown:0) -
[ERROR][VTK] 21.03.2024 17:04:54 [vtkMRMLSubjectHierarchyNode (000002666F9B3B40)] (vtkMRMLSubjectHierarchyNode.cxx:2983) - vtkSubjectHierarchyItem::DataNodeCache inconsistency found
[ERROR][VTK] 21.03.2024 17:04:54 [vtkMRMLSubjectHierarchyNode (000002666F9B3B40)] (vtkMRMLSubjectHierarchyNode.cxx:2983) - vtkSubjectHierarchyItem::DataNodeCache inconsistency found
[DEBUG][Qt] 21.03.2024 17:04:54 [] (unknown:0) - "Markups" Reader has successfully read the file "D:\\Code\\3D_slicer\\Navigation_robotics\\Data\\Week_2_4_TestSet_Path_planning\\entriesSubsample.fcsv" "[0.03s]"
[ERROR][VTK] 21.03.2024 17:04:54 [vtkMRMLSubjectHierarchyNode (000002666F9B3B40)] (vtkMRMLSubjectHierarchyNode.cxx:2983) - vtkSubjectHierarchyItem::DataNodeCache inconsistency found
[DEBUG][Qt] 21.03.2024 17:04:54 [] (unknown:0) - "Markups" Reader has successfully read the file "D:\\Code\\3D_slicer\\Navigation_robotics\\Data\\Week_2_4_TestSet_Path_planning\\targetsSubsample.fcsv" "[0.02s]"
[ERROR][VTK] 21.03.2024 17:04:54 [vtkMRMLSubjectHierarchyNode (000002666F9B3B40)] (vtkMRMLSubjectHierarchyNode.cxx:2983) - vtkSubjectHierarchyItem::DataNodeCache inconsistency found
[DEBUG][Qt] 21.03.2024 17:04:54 [] (unknown:0) - "Volume" Reader has successfully read the file "D:\\Code\\3D_slicer\\Navigation_robotics\\Data\\Week_2_4_TestSet_Path_planning\\r_cortexTest.nii.gz" "[0.04s]"
[DEBUG][Qt] 21.03.2024 17:04:54 [] (unknown:0) - "Volume" Reader has successfully read the file "D:\\Code\\3D_slicer\\Navigation_robotics\\Data\\Week_2_4_TestSet_Path_planning\\r_hippoTest.nii.gz" "[0.02s]"
[DEBUG][Qt] 21.03.2024 17:04:54 [] (unknown:0) - "Volume" Reader has successfully read the file "D:\\Code\\3D_slicer\\Navigation_robotics\\Data\\Week_2_4_TestSet_Path_planning\\ventriclesTest.nii.gz" "[0.02s]"
[ERROR][VTK] 21.03.2024 17:04:54 [vtkMRMLSubjectHierarchyNode (000002666F9B3B40)] (vtkMRMLSubjectHierarchyNode.cxx:2983) - vtkSubjectHierarchyItem::DataNodeCache inconsistency found
[DEBUG][Qt] 21.03.2024 17:04:54 [] (unknown:0) - "Volume" Reader has successfully read the file "D:\\Code\\3D_slicer\\Navigation_robotics\\Data\\Week_2_4_TestSet_Path_planning\\vesselsTestDilate1.nii.gz" "[0.03s]"
[DEBUG][Qt] 21.03.2024 17:04:55 [] (unknown:0) - "Volume" Reader has successfully read the file "D:\\Code\\3D_slicer\\Navigation_robotics\\Data\\Week_2_4_TestSet_Path_planning\\fakeBrainTest.nii.gz" "[0.04s]"
[INFO][Stream] 21.03.2024 17:04:55 [] (unknown:0) - Number of entries is: 48
[INFO][Stream] 21.03.2024 17:04:55 [] (unknown:0) - Number of targets is: 21
[CRITICAL][Stream] 21.03.2024 17:04:55 [] (unknown:0) - Test passed: Model Creation
[INFO][Python] 21.03.2024 17:04:55 [Python] (C:/Users/DANG THE HUNG/OneDrive - King's College London/Msc study/7MRI0070 - Navigation in Robotic/Module/My_extension/Pathway_planning/Pathway_planning.py:682) - Test passed: Model Creation
[CRITICAL][Stream] 21.03.2024 17:04:55 [] (unknown:0) - Test failed: Check A Point Is In A Label Volume Node
[WARNING][Python] 21.03.2024 17:04:55 [Python] (C:/Users/DANG THE HUNG/OneDrive - King's College London/Msc study/7MRI0070 - Navigation in Robotic/Module/My_extension/Pathway_planning/Pathway_planning.py:685) - Test failed: Check A Point Is In A Label Volume Node
[CRITICAL][Stream] 21.03.2024 17:04:55 [] (unknown:0) - Unit test failed: Convert IJK to RAS
[WARNING][Python] 21.03.2024 17:04:55 [Python] (C:/Users/DANG THE HUNG/OneDrive - King's College London/Msc study/7MRI0070 - Navigation in Robotic/Module/My_extension/Pathway_planning/Pathway_planning.py:691) - Unit test failed: Convert IJK to RAS
[CRITICAL][Stream] 21.03.2024 17:04:55 [] (unknown:0) - Unit test failed: Convert RAS to IJK
[WARNING][Python] 21.03.2024 17:04:55 [Python] (C:/Users/DANG THE HUNG/OneDrive - King's College London/Msc study/7MRI0070 - Navigation in Robotic/Module/My_extension/Pathway_planning/Pathway_planning.py:691) - Unit test failed: Convert RAS to IJK
[INFO][Stream] 21.03.2024 17:05:03 [] (unknown:0) -
[INFO][Stream] 21.03.2024 17:05:03 [] (unknown:0) -
[INFO][Stream] 21.03.2024 17:05:03 [] (unknown:0) -
[INFO][Stream] 21.03.2024 17:05:03 [] (unknown:0) - ------------------------------
[INFO][Stream] 21.03.2024 17:05:03 [] (unknown:0) - Reloading module: Pathway_planning
[INFO][Stream] 21.03.2024 17:05:03 [] (unknown:0) - ------------------------------
[INFO][Stream] 21.03.2024 17:05:03 [] (unknown:0) -
[INFO][Stream] 21.03.2024 17:05:03 [] (unknown:0) -
[INFO][Stream] 21.03.2024 17:05:03 [] (unknown:0) -
[ERROR][VTK] 21.03.2024 17:05:03 [vtkMRMLSubjectHierarchyNode (000002666F9B5560)] (vtkMRMLSubjectHierarchyNode.cxx:2983) - vtkSubjectHierarchyItem::DataNodeCache inconsistency found
[DEBUG][Qt] 21.03.2024 17:05:03 [] (unknown:0) - "Markups" Reader has successfully read the file "D:\\Code\\3D_slicer\\Navigation_robotics\\Data\\Week_2_4_TestSet_Path_planning\\entriesSubsample.fcsv" "[0.03s]"
[ERROR][VTK] 21.03.2024 17:05:03 [vtkMRMLSubjectHierarchyNode (000002666F9B5560)] (vtkMRMLSubjectHierarchyNode.cxx:2983) - vtkSubjectHierarchyItem::DataNodeCache inconsistency found
[DEBUG][Qt] 21.03.2024 17:05:03 [] (unknown:0) - "Markups" Reader has successfully read the file "D:\\Code\\3D_slicer\\Navigation_robotics\\Data\\Week_2_4_TestSet_Path_planning\\targetsSubsample.fcsv" "[0.02s]"
[ERROR][VTK] 21.03.2024 17:05:03 [vtkMRMLSubjectHierarchyNode (000002666F9B5560)] (vtkMRMLSubjectHierarchyNode.cxx:2983) - vtkSubjectHierarchyItem::DataNodeCache inconsistency found
[DEBUG][Qt] 21.03.2024 17:05:03 [] (unknown:0) - "Volume" Reader has successfully read the file "D:\\Code\\3D_slicer\\Navigation_robotics\\Data\\Week_2_4_TestSet_Path_planning\\r_cortexTest.nii.gz" "[0.04s]"
[ERROR][VTK] 21.03.2024 17:05:03 [vtkMRMLSubjectHierarchyNode (000002666F9B5560)] (vtkMRMLSubjectHierarchyNode.cxx:2983) - vtkSubjectHierarchyItem::DataNodeCache inconsistency found
[DEBUG][Qt] 21.03.2024 17:05:03 [] (unknown:0) - "Volume" Reader has successfully read the file "D:\\Code\\3D_slicer\\Navigation_robotics\\Data\\Week_2_4_TestSet_Path_planning\\r_hippoTest.nii.gz" "[0.02s]"
[DEBUG][Qt] 21.03.2024 17:05:03 [] (unknown:0) - "Volume" Reader has successfully read the file "D:\\Code\\3D_slicer\\Navigation_robotics\\Data\\Week_2_4_TestSet_Path_planning\\ventriclesTest.nii.gz" "[0.02s]"
[ERROR][VTK] 21.03.2024 17:05:03 [vtkMRMLSubjectHierarchyNode (000002666F9B5560)] (vtkMRMLSubjectHierarchyNode.cxx:2983) - vtkSubjectHierarchyItem::DataNodeCache inconsistency found
[DEBUG][Qt] 21.03.2024 17:05:03 [] (unknown:0) - "Volume" Reader has successfully read the file "D:\\Code\\3D_slicer\\Navigation_robotics\\Data\\Week_2_4_TestSet_Path_planning\\vesselsTestDilate1.nii.gz" "[0.03s]"
[ERROR][VTK] 21.03.2024 17:05:03 [vtkMRMLSubjectHierarchyNode (000002666F9B5560)] (vtkMRMLSubjectHierarchyNode.cxx:2983) - vtkSubjectHierarchyItem::DataNodeCache inconsistency found
[DEBUG][Qt] 21.03.2024 17:05:03 [] (unknown:0) - "Volume" Reader has successfully read the file "D:\\Code\\3D_slicer\\Navigation_robotics\\Data\\Week_2_4_TestSet_Path_planning\\fakeBrainTest.nii.gz" "[0.04s]"
[INFO][Stream] 21.03.2024 17:05:03 [] (unknown:0) - Number of entries is: 48
[INFO][Stream] 21.03.2024 17:05:03 [] (unknown:0) - Number of targets is: 21
[ERROR][VTK] 21.03.2024 17:05:03 [vtkMRMLSubjectHierarchyNode (000002666F9B5560)] (vtkMRMLSubjectHierarchyNode.cxx:2983) - vtkSubjectHierarchyItem::DataNodeCache inconsistency found
[ERROR][VTK] 21.03.2024 17:05:03 [vtkMRMLSubjectHierarchyNode (000002666F9B5560)] (vtkMRMLSubjectHierarchyNode.cxx:2983) - vtkSubjectHierarchyItem::DataNodeCache inconsistency found
[CRITICAL][Stream] 21.03.2024 17:05:03 [] (unknown:0) - Test passed: Model Creation
[INFO][Python] 21.03.2024 17:05:03 [Python] (C:/Users/DANG THE HUNG/OneDrive - King's College London/Msc study/7MRI0070 - Navigation in Robotic/Module/My_extension/Pathway_planning/Pathway_planning.py:682) - Test passed: Model Creation
[CRITICAL][Stream] 21.03.2024 17:05:04 [] (unknown:0) - Test failed: Check A Point Is In A Label Volume Node
[WARNING][Python] 21.03.2024 17:05:04 [Python] (C:/Users/DANG THE HUNG/OneDrive - King's College London/Msc study/7MRI0070 - Navigation in Robotic/Module/My_extension/Pathway_planning/Pathway_planning.py:685) - Test failed: Check A Point Is In A Label Volume Node
[CRITICAL][Stream] 21.03.2024 17:05:04 [] (unknown:0) - Unit test passed: Convert IJK to RAS
[INFO][Python] 21.03.2024 17:05:04 [Python] (C:/Users/DANG THE HUNG/OneDrive - King's College London/Msc study/7MRI0070 - Navigation in Robotic/Module/My_extension/Pathway_planning/Pathway_planning.py:689) - Unit test passed: Convert IJK to RAS
[CRITICAL][Stream] 21.03.2024 17:05:04 [] (unknown:0) - Unit test failed: Convert RAS to IJK
[WARNING][Python] 21.03.2024 17:05:04 [Python] (C:/Users/DANG THE HUNG/OneDrive - King's College London/Msc study/7MRI0070 - Navigation in Robotic/Module/My_extension/Pathway_planning/Pathway_planning.py:691) - Unit test failed: Convert RAS to IJK
[INFO][Stream] 21.03.2024 17:07:23 [] (unknown:0) -
[INFO][Stream] 21.03.2024 17:07:23 [] (unknown:0) -
[INFO][Stream] 21.03.2024 17:07:23 [] (unknown:0) -
[INFO][Stream] 21.03.2024 17:07:23 [] (unknown:0) - ------------------------------
[INFO][Stream] 21.03.2024 17:07:23 [] (unknown:0) - Reloading module: Pathway_planning
[INFO][Stream] 21.03.2024 17:07:23 [] (unknown:0) - ------------------------------
[INFO][Stream] 21.03.2024 17:07:23 [] (unknown:0) -
[INFO][Stream] 21.03.2024 17:07:23 [] (unknown:0) -
[INFO][Stream] 21.03.2024 17:07:23 [] (unknown:0) -
[ERROR][Python] 21.03.2024 17:07:23 [Python] (D:\Program\Slicer 5.6.1\bin\Python\slicer\util.py:3009) - Reload and Test failed.

invalid syntax (C:/Users/DANG THE HUNG/OneDrive - King's College London/Msc study/7MRI0070 - Navigation in Robotic/Module/My_extension/Pathway_planning/Pathway_planning.py, line 427)
[CRITICAL][Stream] 21.03.2024 17:07:25 [] (unknown:0) - Traceback (most recent call last):
[CRITICAL][Stream] 21.03.2024 17:07:25 [] (unknown:0) -   File "D:\Program\Slicer 5.6.1\bin\Python\slicer\ScriptedLoadableModule.py", line 263, in onReloadAndTest
[CRITICAL][Stream] 21.03.2024 17:07:25 [] (unknown:0) -     self.onReload()
[CRITICAL][Stream] 21.03.2024 17:07:25 [] (unknown:0) -   File "D:\Program\Slicer 5.6.1\bin\Python\slicer\ScriptedLoadableModule.py", line 246, in onReload
[CRITICAL][Stream] 21.03.2024 17:07:25 [] (unknown:0) -     slicer.util.reloadScriptedModule(self.moduleName)
[CRITICAL][Stream] 21.03.2024 17:07:25 [] (unknown:0) -   File "D:\Program\Slicer 5.6.1\bin\Python\slicer\util.py", line 1389, in reloadScriptedModule
[CRITICAL][Stream] 21.03.2024 17:07:25 [] (unknown:0) -     reloaded_module = imp.load_module(
[CRITICAL][Stream] 21.03.2024 17:07:25 [] (unknown:0) -   File "D:\Program\Slicer 5.6.1\lib\Python\Lib\imp.py", line 234, in load_module
[CRITICAL][Stream] 21.03.2024 17:07:25 [] (unknown:0) -     return load_source(name, filename, file)
[CRITICAL][Stream] 21.03.2024 17:07:25 [] (unknown:0) -   File "D:\Program\Slicer 5.6.1\lib\Python\Lib\imp.py", line 169, in load_source
[CRITICAL][Stream] 21.03.2024 17:07:25 [] (unknown:0) -     module = _exec(spec, sys.modules[name])
[CRITICAL][Stream] 21.03.2024 17:07:25 [] (unknown:0) -   File "<frozen importlib._bootstrap>", line 613, in _exec
[CRITICAL][Stream] 21.03.2024 17:07:25 [] (unknown:0) -   File "<frozen importlib._bootstrap_external>", line 846, in exec_module
[CRITICAL][Stream] 21.03.2024 17:07:25 [] (unknown:0) -   File "<frozen importlib._bootstrap_external>", line 983, in get_code
[CRITICAL][Stream] 21.03.2024 17:07:25 [] (unknown:0) -   File "<frozen importlib._bootstrap_external>", line 913, in source_to_code
[CRITICAL][Stream] 21.03.2024 17:07:25 [] (unknown:0) -   File "<frozen importlib._bootstrap>", line 228, in _call_with_frames_removed
[CRITICAL][Stream] 21.03.2024 17:07:25 [] (unknown:0) -   File "C:/Users/DANG THE HUNG/OneDrive - King's College London/Msc study/7MRI0070 - Navigation in Robotic/Module/My_extension/Pathway_planning/Pathway_planning.py", line 427
[CRITICAL][Stream] 21.03.2024 17:07:25 [] (unknown:0) -     rotation = np.array[],
[CRITICAL][Stream] 21.03.2024 17:07:25 [] (unknown:0) -                         ^
[CRITICAL][Stream] 21.03.2024 17:07:25 [] (unknown:0) - SyntaxError: invalid syntax
[INFO][Stream] 21.03.2024 17:07:41 [] (unknown:0) -
[INFO][Stream] 21.03.2024 17:07:41 [] (unknown:0) -
[INFO][Stream] 21.03.2024 17:07:41 [] (unknown:0) -
[INFO][Stream] 21.03.2024 17:07:41 [] (unknown:0) - ------------------------------
[INFO][Stream] 21.03.2024 17:07:41 [] (unknown:0) - Reloading module: Pathway_planning
[INFO][Stream] 21.03.2024 17:07:41 [] (unknown:0) - ------------------------------
[INFO][Stream] 21.03.2024 17:07:41 [] (unknown:0) -
[INFO][Stream] 21.03.2024 17:07:41 [] (unknown:0) -
[INFO][Stream] 21.03.2024 17:07:41 [] (unknown:0) -
[ERROR][VTK] 21.03.2024 17:07:41 [vtkMRMLSubjectHierarchyNode (000002666F9B4130)] (vtkMRMLSubjectHierarchyNode.cxx:2983) - vtkSubjectHierarchyItem::DataNodeCache inconsistency found
[DEBUG][Qt] 21.03.2024 17:07:41 [] (unknown:0) - "Markups" Reader has successfully read the file "D:\\Code\\3D_slicer\\Navigation_robotics\\Data\\Week_2_4_TestSet_Path_planning\\entriesSubsample.fcsv" "[0.03s]"
[ERROR][VTK] 21.03.2024 17:07:41 [vtkMRMLSubjectHierarchyNode (000002666F9B4130)] (vtkMRMLSubjectHierarchyNode.cxx:2983) - vtkSubjectHierarchyItem::DataNodeCache inconsistency found
[DEBUG][Qt] 21.03.2024 17:07:41 [] (unknown:0) - "Markups" Reader has successfully read the file "D:\\Code\\3D_slicer\\Navigation_robotics\\Data\\Week_2_4_TestSet_Path_planning\\targetsSubsample.fcsv" "[0.02s]"
[ERROR][VTK] 21.03.2024 17:07:41 [vtkMRMLSubjectHierarchyNode (000002666F9B4130)] (vtkMRMLSubjectHierarchyNode.cxx:2983) - vtkSubjectHierarchyItem::DataNodeCache inconsistency found
[DEBUG][Qt] 21.03.2024 17:07:41 [] (unknown:0) - "Volume" Reader has successfully read the file "D:\\Code\\3D_slicer\\Navigation_robotics\\Data\\Week_2_4_TestSet_Path_planning\\r_cortexTest.nii.gz" "[0.04s]"
[ERROR][VTK] 21.03.2024 17:07:41 [vtkMRMLSubjectHierarchyNode (000002666F9B4130)] (vtkMRMLSubjectHierarchyNode.cxx:2983) - vtkSubjectHierarchyItem::DataNodeCache inconsistency found
[DEBUG][Qt] 21.03.2024 17:07:41 [] (unknown:0) - "Volume" Reader has successfully read the file "D:\\Code\\3D_slicer\\Navigation_robotics\\Data\\Week_2_4_TestSet_Path_planning\\r_hippoTest.nii.gz" "[0.03s]"
[ERROR][VTK] 21.03.2024 17:07:41 [vtkMRMLSubjectHierarchyNode (000002666F9B4130)] (vtkMRMLSubjectHierarchyNode.cxx:2983) - vtkSubjectHierarchyItem::DataNodeCache inconsistency found
[DEBUG][Qt] 21.03.2024 17:07:41 [] (unknown:0) - "Volume" Reader has successfully read the file "D:\\Code\\3D_slicer\\Navigation_robotics\\Data\\Week_2_4_TestSet_Path_planning\\ventriclesTest.nii.gz" "[0.03s]"
[ERROR][VTK] 21.03.2024 17:07:41 [vtkMRMLSubjectHierarchyNode (000002666F9B4130)] (vtkMRMLSubjectHierarchyNode.cxx:2983) - vtkSubjectHierarchyItem::DataNodeCache inconsistency found
[DEBUG][Qt] 21.03.2024 17:07:41 [] (unknown:0) - "Volume" Reader has successfully read the file "D:\\Code\\3D_slicer\\Navigation_robotics\\Data\\Week_2_4_TestSet_Path_planning\\vesselsTestDilate1.nii.gz" "[0.03s]"
[ERROR][VTK] 21.03.2024 17:07:41 [vtkMRMLSubjectHierarchyNode (000002666F9B4130)] (vtkMRMLSubjectHierarchyNode.cxx:2983) - vtkSubjectHierarchyItem::DataNodeCache inconsistency found
[DEBUG][Qt] 21.03.2024 17:07:41 [] (unknown:0) - "Volume" Reader has successfully read the file "D:\\Code\\3D_slicer\\Navigation_robotics\\Data\\Week_2_4_TestSet_Path_planning\\fakeBrainTest.nii.gz" "[0.04s]"
[INFO][Stream] 21.03.2024 17:07:41 [] (unknown:0) - Number of entries is: 48
[INFO][Stream] 21.03.2024 17:07:41 [] (unknown:0) - Number of targets is: 21
[CRITICAL][Stream] 21.03.2024 17:07:42 [] (unknown:0) - Test passed: Model Creation
[INFO][Python] 21.03.2024 17:07:42 [Python] (C:/Users/DANG THE HUNG/OneDrive - King's College London/Msc study/7MRI0070 - Navigation in Robotic/Module/My_extension/Pathway_planning/Pathway_planning.py:682) - Test passed: Model Creation
[CRITICAL][Stream] 21.03.2024 17:07:42 [] (unknown:0) - Test failed: Check A Point Is In A Label Volume Node
[WARNING][Python] 21.03.2024 17:07:42 [Python] (C:/Users/DANG THE HUNG/OneDrive - King's College London/Msc study/7MRI0070 - Navigation in Robotic/Module/My_extension/Pathway_planning/Pathway_planning.py:685) - Test failed: Check A Point Is In A Label Volume Node
[CRITICAL][Stream] 21.03.2024 17:07:42 [] (unknown:0) - Unit test passed: Convert IJK to RAS
[INFO][Python] 21.03.2024 17:07:42 [Python] (C:/Users/DANG THE HUNG/OneDrive - King's College London/Msc study/7MRI0070 - Navigation in Robotic/Module/My_extension/Pathway_planning/Pathway_planning.py:689) - Unit test passed: Convert IJK to RAS
[CRITICAL][Stream] 21.03.2024 17:07:42 [] (unknown:0) - Unit test failed: Convert RAS to IJK
[WARNING][Python] 21.03.2024 17:07:42 [Python] (C:/Users/DANG THE HUNG/OneDrive - King's College London/Msc study/7MRI0070 - Navigation in Robotic/Module/My_extension/Pathway_planning/Pathway_planning.py:691) - Unit test failed: Convert RAS to IJK
[INFO][Stream] 21.03.2024 17:10:00 [] (unknown:0) -
[INFO][Stream] 21.03.2024 17:10:00 [] (unknown:0) -
[INFO][Stream] 21.03.2024 17:10:00 [] (unknown:0) -
[INFO][Stream] 21.03.2024 17:10:00 [] (unknown:0) - ------------------------------
[INFO][Stream] 21.03.2024 17:10:00 [] (unknown:0) - Reloading module: Pathway_planning
[INFO][Stream] 21.03.2024 17:10:00 [] (unknown:0) - ------------------------------
[INFO][Stream] 21.03.2024 17:10:00 [] (unknown:0) -
[INFO][Stream] 21.03.2024 17:10:00 [] (unknown:0) -
[INFO][Stream] 21.03.2024 17:10:00 [] (unknown:0) -
[ERROR][VTK] 21.03.2024 17:10:00 [vtkMRMLSubjectHierarchyNode (000002666F9B7B60)] (vtkMRMLSubjectHierarchyNode.cxx:2983) - vtkSubjectHierarchyItem::DataNodeCache inconsistency found
[ERROR][VTK] 21.03.2024 17:10:00 [vtkMRMLSubjectHierarchyNode (000002666F9B7B60)] (vtkMRMLSubjectHierarchyNode.cxx:2983) - vtkSubjectHierarchyItem::DataNodeCache inconsistency found
[DEBUG][Qt] 21.03.2024 17:10:00 [] (unknown:0) - "Markups" Reader has successfully read the file "D:\\Code\\3D_slicer\\Navigation_robotics\\Data\\Week_2_4_TestSet_Path_planning\\entriesSubsample.fcsv" "[0.03s]"
[ERROR][VTK] 21.03.2024 17:10:00 [vtkMRMLSubjectHierarchyNode (000002666F9B7B60)] (vtkMRMLSubjectHierarchyNode.cxx:2983) - vtkSubjectHierarchyItem::DataNodeCache inconsistency found
[DEBUG][Qt] 21.03.2024 17:10:00 [] (unknown:0) - "Markups" Reader has successfully read the file "D:\\Code\\3D_slicer\\Navigation_robotics\\Data\\Week_2_4_TestSet_Path_planning\\targetsSubsample.fcsv" "[0.02s]"
[ERROR][VTK] 21.03.2024 17:10:00 [vtkMRMLSubjectHierarchyNode (000002666F9B7B60)] (vtkMRMLSubjectHierarchyNode.cxx:2983) - vtkSubjectHierarchyItem::DataNodeCache inconsistency found
[DEBUG][Qt] 21.03.2024 17:10:00 [] (unknown:0) - "Volume" Reader has successfully read the file "D:\\Code\\3D_slicer\\Navigation_robotics\\Data\\Week_2_4_TestSet_Path_planning\\r_cortexTest.nii.gz" "[0.04s]"
[ERROR][VTK] 21.03.2024 17:10:01 [vtkMRMLSubjectHierarchyNode (000002666F9B7B60)] (vtkMRMLSubjectHierarchyNode.cxx:2983) - vtkSubjectHierarchyItem::DataNodeCache inconsistency found
[DEBUG][Qt] 21.03.2024 17:10:01 [] (unknown:0) - "Volume" Reader has successfully read the file "D:\\Code\\3D_slicer\\Navigation_robotics\\Data\\Week_2_4_TestSet_Path_planning\\r_hippoTest.nii.gz" "[0.02s]"
[ERROR][VTK] 21.03.2024 17:10:01 [vtkMRMLSubjectHierarchyNode (000002666F9B7B60)] (vtkMRMLSubjectHierarchyNode.cxx:2983) - vtkSubjectHierarchyItem::DataNodeCache inconsistency found
[DEBUG][Qt] 21.03.2024 17:10:01 [] (unknown:0) - "Volume" Reader has successfully read the file "D:\\Code\\3D_slicer\\Navigation_robotics\\Data\\Week_2_4_TestSet_Path_planning\\ventriclesTest.nii.gz" "[0.03s]"
[ERROR][VTK] 21.03.2024 17:10:01 [vtkMRMLSubjectHierarchyNode (000002666F9B7B60)] (vtkMRMLSubjectHierarchyNode.cxx:2983) - vtkSubjectHierarchyItem::DataNodeCache inconsistency found
[DEBUG][Qt] 21.03.2024 17:10:01 [] (unknown:0) - "Volume" Reader has successfully read the file "D:\\Code\\3D_slicer\\Navigation_robotics\\Data\\Week_2_4_TestSet_Path_planning\\vesselsTestDilate1.nii.gz" "[0.03s]"
[ERROR][VTK] 21.03.2024 17:10:01 [vtkMRMLSubjectHierarchyNode (000002666F9B7B60)] (vtkMRMLSubjectHierarchyNode.cxx:2983) - vtkSubjectHierarchyItem::DataNodeCache inconsistency found
[DEBUG][Qt] 21.03.2024 17:10:01 [] (unknown:0) - "Volume" Reader has successfully read the file "D:\\Code\\3D_slicer\\Navigation_robotics\\Data\\Week_2_4_TestSet_Path_planning\\fakeBrainTest.nii.gz" "[0.04s]"
[INFO][Stream] 21.03.2024 17:10:01 [] (unknown:0) - Number of entries is: 48
[INFO][Stream] 21.03.2024 17:10:01 [] (unknown:0) - Number of targets is: 21
[CRITICAL][Stream] 21.03.2024 17:10:01 [] (unknown:0) - Test passed: Model Creation
[INFO][Python] 21.03.2024 17:10:01 [Python] (C:/Users/DANG THE HUNG/OneDrive - King's College London/Msc study/7MRI0070 - Navigation in Robotic/Module/My_extension/Pathway_planning/Pathway_planning.py:682) - Test passed: Model Creation
[CRITICAL][Stream] 21.03.2024 17:10:02 [] (unknown:0) - Test failed: Check A Point Is In A Label Volume Node
[WARNING][Python] 21.03.2024 17:10:02 [Python] (C:/Users/DANG THE HUNG/OneDrive - King's College London/Msc study/7MRI0070 - Navigation in Robotic/Module/My_extension/Pathway_planning/Pathway_planning.py:685) - Test failed: Check A Point Is In A Label Volume Node
[CRITICAL][Stream] 21.03.2024 17:10:02 [] (unknown:0) - Unit test passed: Convert IJK to RAS
[INFO][Python] 21.03.2024 17:10:02 [Python] (C:/Users/DANG THE HUNG/OneDrive - King's College London/Msc study/7MRI0070 - Navigation in Robotic/Module/My_extension/Pathway_planning/Pathway_planning.py:689) - Unit test passed: Convert IJK to RAS
[CRITICAL][Stream] 21.03.2024 17:10:02 [] (unknown:0) - Unit test failed: Convert RAS to IJK
[WARNING][Python] 21.03.2024 17:10:02 [Python] (C:/Users/DANG THE HUNG/OneDrive - King's College London/Msc study/7MRI0070 - Navigation in Robotic/Module/My_extension/Pathway_planning/Pathway_planning.py:691) - Unit test failed: Convert RAS to IJK
[INFO][Stream] 21.03.2024 17:10:09 [] (unknown:0) -
[INFO][Stream] 21.03.2024 17:10:09 [] (unknown:0) -
[INFO][Stream] 21.03.2024 17:10:09 [] (unknown:0) -
[INFO][Stream] 21.03.2024 17:10:09 [] (unknown:0) - ------------------------------
[INFO][Stream] 21.03.2024 17:10:09 [] (unknown:0) - Reloading module: Pathway_planning
[INFO][Stream] 21.03.2024 17:10:09 [] (unknown:0) - ------------------------------
[INFO][Stream] 21.03.2024 17:10:09 [] (unknown:0) -
[INFO][Stream] 21.03.2024 17:10:09 [] (unknown:0) -
[INFO][Stream] 21.03.2024 17:10:09 [] (unknown:0) -
[ERROR][VTK] 21.03.2024 17:10:09 [vtkMRMLSubjectHierarchyNode (000002666F9B4E40)] (vtkMRMLSubjectHierarchyNode.cxx:2983) - vtkSubjectHierarchyItem::DataNodeCache inconsistency found
[DEBUG][Qt] 21.03.2024 17:10:09 [] (unknown:0) - "Markups" Reader has successfully read the file "D:\\Code\\3D_slicer\\Navigation_robotics\\Data\\Week_2_4_TestSet_Path_planning\\entriesSubsample.fcsv" "[0.03s]"
[ERROR][VTK] 21.03.2024 17:10:09 [vtkMRMLSubjectHierarchyNode (000002666F9B4E40)] (vtkMRMLSubjectHierarchyNode.cxx:2983) - vtkSubjectHierarchyItem::DataNodeCache inconsistency found
[DEBUG][Qt] 21.03.2024 17:10:09 [] (unknown:0) - "Markups" Reader has successfully read the file "D:\\Code\\3D_slicer\\Navigation_robotics\\Data\\Week_2_4_TestSet_Path_planning\\targetsSubsample.fcsv" "[0.02s]"
[ERROR][VTK] 21.03.2024 17:10:09 [vtkMRMLSubjectHierarchyNode (000002666F9B4E40)] (vtkMRMLSubjectHierarchyNode.cxx:2983) - vtkSubjectHierarchyItem::DataNodeCache inconsistency found
[DEBUG][Qt] 21.03.2024 17:10:09 [] (unknown:0) - "Volume" Reader has successfully read the file "D:\\Code\\3D_slicer\\Navigation_robotics\\Data\\Week_2_4_TestSet_Path_planning\\r_cortexTest.nii.gz" "[0.04s]"
[DEBUG][Qt] 21.03.2024 17:10:09 [] (unknown:0) - "Volume" Reader has successfully read the file "D:\\Code\\3D_slicer\\Navigation_robotics\\Data\\Week_2_4_TestSet_Path_planning\\r_hippoTest.nii.gz" "[0.03s]"
[ERROR][VTK] 21.03.2024 17:10:09 [vtkMRMLSubjectHierarchyNode (000002666F9B4E40)] (vtkMRMLSubjectHierarchyNode.cxx:2983) - vtkSubjectHierarchyItem::DataNodeCache inconsistency found
[DEBUG][Qt] 21.03.2024 17:10:09 [] (unknown:0) - "Volume" Reader has successfully read the file "D:\\Code\\3D_slicer\\Navigation_robotics\\Data\\Week_2_4_TestSet_Path_planning\\ventriclesTest.nii.gz" "[0.03s]"
[ERROR][VTK] 21.03.2024 17:10:09 [vtkMRMLSubjectHierarchyNode (000002666F9B4E40)] (vtkMRMLSubjectHierarchyNode.cxx:2983) - vtkSubjectHierarchyItem::DataNodeCache inconsistency found
[DEBUG][Qt] 21.03.2024 17:10:09 [] (unknown:0) - "Volume" Reader has successfully read the file "D:\\Code\\3D_slicer\\Navigation_robotics\\Data\\Week_2_4_TestSet_Path_planning\\vesselsTestDilate1.nii.gz" "[0.03s]"
[ERROR][VTK] 21.03.2024 17:10:09 [vtkMRMLSubjectHierarchyNode (000002666F9B4E40)] (vtkMRMLSubjectHierarchyNode.cxx:2983) - vtkSubjectHierarchyItem::DataNodeCache inconsistency found
[DEBUG][Qt] 21.03.2024 17:10:09 [] (unknown:0) - "Volume" Reader has successfully read the file "D:\\Code\\3D_slicer\\Navigation_robotics\\Data\\Week_2_4_TestSet_Path_planning\\fakeBrainTest.nii.gz" "[0.04s]"
[INFO][Stream] 21.03.2024 17:10:09 [] (unknown:0) - Number of entries is: 48
[INFO][Stream] 21.03.2024 17:10:09 [] (unknown:0) - Number of targets is: 21
[CRITICAL][Stream] 21.03.2024 17:10:09 [] (unknown:0) - Test passed: Model Creation
[INFO][Python] 21.03.2024 17:10:09 [Python] (C:/Users/DANG THE HUNG/OneDrive - King's College London/Msc study/7MRI0070 - Navigation in Robotic/Module/My_extension/Pathway_planning/Pathway_planning.py:682) - Test passed: Model Creation
[CRITICAL][Stream] 21.03.2024 17:10:10 [] (unknown:0) - Test failed: Check A Point Is In A Label Volume Node
[WARNING][Python] 21.03.2024 17:10:10 [Python] (C:/Users/DANG THE HUNG/OneDrive - King's College London/Msc study/7MRI0070 - Navigation in Robotic/Module/My_extension/Pathway_planning/Pathway_planning.py:685) - Test failed: Check A Point Is In A Label Volume Node
[CRITICAL][Stream] 21.03.2024 17:10:10 [] (unknown:0) - Unit test failed: Convert IJK to RAS
[WARNING][Python] 21.03.2024 17:10:10 [Python] (C:/Users/DANG THE HUNG/OneDrive - King's College London/Msc study/7MRI0070 - Navigation in Robotic/Module/My_extension/Pathway_planning/Pathway_planning.py:691) - Unit test failed: Convert IJK to RAS
[CRITICAL][Stream] 21.03.2024 17:10:10 [] (unknown:0) - Unit test failed: Convert RAS to IJK
[WARNING][Python] 21.03.2024 17:10:10 [Python] (C:/Users/DANG THE HUNG/OneDrive - King's College London/Msc study/7MRI0070 - Navigation in Robotic/Module/My_extension/Pathway_planning/Pathway_planning.py:691) - Unit test failed: Convert RAS to IJK
[INFO][Stream] 21.03.2024 17:12:35 [] (unknown:0) -
[INFO][Stream] 21.03.2024 17:12:35 [] (unknown:0) -
[INFO][Stream] 21.03.2024 17:12:35 [] (unknown:0) -
[INFO][Stream] 21.03.2024 17:12:35 [] (unknown:0) - ------------------------------
[INFO][Stream] 21.03.2024 17:12:35 [] (unknown:0) - Reloading module: Pathway_planning
[INFO][Stream] 21.03.2024 17:12:35 [] (unknown:0) - ------------------------------
[INFO][Stream] 21.03.2024 17:12:35 [] (unknown:0) -
[INFO][Stream] 21.03.2024 17:12:35 [] (unknown:0) -
[INFO][Stream] 21.03.2024 17:12:35 [] (unknown:0) -
[ERROR][VTK] 21.03.2024 17:12:35 [vtkMRMLSubjectHierarchyNode (000002666F9BC040)] (vtkMRMLSubjectHierarchyNode.cxx:2983) - vtkSubjectHierarchyItem::DataNodeCache inconsistency found
[DEBUG][Qt] 21.03.2024 17:12:35 [] (unknown:0) - "Markups" Reader has successfully read the file "D:\\Code\\3D_slicer\\Navigation_robotics\\Data\\Week_2_4_TestSet_Path_planning\\entriesSubsample.fcsv" "[0.03s]"
[ERROR][VTK] 21.03.2024 17:12:35 [vtkMRMLSubjectHierarchyNode (000002666F9BC040)] (vtkMRMLSubjectHierarchyNode.cxx:2983) - vtkSubjectHierarchyItem::DataNodeCache inconsistency found
[DEBUG][Qt] 21.03.2024 17:12:35 [] (unknown:0) - "Markups" Reader has successfully read the file "D:\\Code\\3D_slicer\\Navigation_robotics\\Data\\Week_2_4_TestSet_Path_planning\\targetsSubsample.fcsv" "[0.02s]"
[ERROR][VTK] 21.03.2024 17:12:35 [vtkMRMLSubjectHierarchyNode (000002666F9BC040)] (vtkMRMLSubjectHierarchyNode.cxx:2983) - vtkSubjectHierarchyItem::DataNodeCache inconsistency found
[DEBUG][Qt] 21.03.2024 17:12:35 [] (unknown:0) - "Volume" Reader has successfully read the file "D:\\Code\\3D_slicer\\Navigation_robotics\\Data\\Week_2_4_TestSet_Path_planning\\r_cortexTest.nii.gz" "[0.05s]"
[ERROR][VTK] 21.03.2024 17:12:35 [vtkMRMLSubjectHierarchyNode (000002666F9BC040)] (vtkMRMLSubjectHierarchyNode.cxx:2983) - vtkSubjectHierarchyItem::DataNodeCache inconsistency found
[DEBUG][Qt] 21.03.2024 17:12:35 [] (unknown:0) - "Volume" Reader has successfully read the file "D:\\Code\\3D_slicer\\Navigation_robotics\\Data\\Week_2_4_TestSet_Path_planning\\r_hippoTest.nii.gz" "[0.03s]"
[ERROR][VTK] 21.03.2024 17:12:35 [vtkMRMLSubjectHierarchyNode (000002666F9BC040)] (vtkMRMLSubjectHierarchyNode.cxx:2983) - vtkSubjectHierarchyItem::DataNodeCache inconsistency found
[DEBUG][Qt] 21.03.2024 17:12:35 [] (unknown:0) - "Volume" Reader has successfully read the file "D:\\Code\\3D_slicer\\Navigation_robotics\\Data\\Week_2_4_TestSet_Path_planning\\ventriclesTest.nii.gz" "[0.03s]"
[ERROR][VTK] 21.03.2024 17:12:35 [vtkMRMLSubjectHierarchyNode (000002666F9BC040)] (vtkMRMLSubjectHierarchyNode.cxx:2983) - vtkSubjectHierarchyItem::DataNodeCache inconsistency found
[DEBUG][Qt] 21.03.2024 17:12:35 [] (unknown:0) - "Volume" Reader has successfully read the file "D:\\Code\\3D_slicer\\Navigation_robotics\\Data\\Week_2_4_TestSet_Path_planning\\vesselsTestDilate1.nii.gz" "[0.05s]"
[DEBUG][Qt] 21.03.2024 17:12:36 [] (unknown:0) - "Volume" Reader has successfully read the file "D:\\Code\\3D_slicer\\Navigation_robotics\\Data\\Week_2_4_TestSet_Path_planning\\fakeBrainTest.nii.gz" "[0.04s]"
[INFO][Stream] 21.03.2024 17:12:36 [] (unknown:0) - Number of entries is: 48
[INFO][Stream] 21.03.2024 17:12:36 [] (unknown:0) - Number of targets is: 21
[ERROR][VTK] 21.03.2024 17:12:36 [vtkMRMLSubjectHierarchyNode (000002666F9BC040)] (vtkMRMLSubjectHierarchyNode.cxx:2983) - vtkSubjectHierarchyItem::DataNodeCache inconsistency found
[CRITICAL][Stream] 21.03.2024 17:12:36 [] (unknown:0) - Test passed: Model Creation
[INFO][Python] 21.03.2024 17:12:36 [Python] (C:/Users/DANG THE HUNG/OneDrive - King's College London/Msc study/7MRI0070 - Navigation in Robotic/Module/My_extension/Pathway_planning/Pathway_planning.py:701) - Test passed: Model Creation
[CRITICAL][Stream] 21.03.2024 17:12:37 [] (unknown:0) - Test failed: Check A Point Is In A Label Volume Node
[WARNING][Python] 21.03.2024 17:12:37 [Python] (C:/Users/DANG THE HUNG/OneDrive - King's College London/Msc study/7MRI0070 - Navigation in Robotic/Module/My_extension/Pathway_planning/Pathway_planning.py:704) - Test failed: Check A Point Is In A Label Volume Node
[CRITICAL][Stream] 21.03.2024 17:12:37 [] (unknown:0) - Unit test passed: Convert IJK to RAS
[INFO][Python] 21.03.2024 17:12:37 [Python] (C:/Users/DANG THE HUNG/OneDrive - King's College London/Msc study/7MRI0070 - Navigation in Robotic/Module/My_extension/Pathway_planning/Pathway_planning.py:708) - Unit test passed: Convert IJK to RAS
[CRITICAL][Stream] 21.03.2024 17:12:37 [] (unknown:0) - Unit test passed: Convert RAS to IJK
[INFO][Python] 21.03.2024 17:12:37 [Python] (C:/Users/DANG THE HUNG/OneDrive - King's College London/Msc study/7MRI0070 - Navigation in Robotic/Module/My_extension/Pathway_planning/Pathway_planning.py:708) - Unit test passed: Convert RAS to IJK
[DEBUG][Qt] 21.03.2024 17:13:08 [] (unknown:0) - Switch to module:  "Data"
[DEBUG][Qt] 21.03.2024 17:15:26 [] (unknown:0) - void __cdecl qSlicerSaveDataDialogPrivate::updateStatusIconFromMessageCollection(int,class vtkMRMLMessageCollection *,bool) Data save information: ""
[DEBUG][Qt] 21.03.2024 17:15:26 [] (unknown:0) - void __cdecl qSlicerSaveDataDialogPrivate::updateStatusIconFromMessageCollection(int,class vtkMRMLMessageCollection *,bool) Data save information: ""
[DEBUG][Qt] 21.03.2024 17:15:26 [] (unknown:0) - void __cdecl qSlicerSaveDataDialogPrivate::updateStatusIconFromMessageCollection(int,class vtkMRMLMessageCollection *,bool) Data save information: ""
[DEBUG][Qt] 21.03.2024 17:15:26 [] (unknown:0) - void __cdecl qSlicerSaveDataDialogPrivate::updateStatusIconFromMessageCollection(int,class vtkMRMLMessageCollection *,bool) Data save information: ""
[DEBUG][Qt] 21.03.2024 17:15:26 [] (unknown:0) - void __cdecl qSlicerSaveDataDialogPrivate::updateStatusIconFromMessageCollection(int,class vtkMRMLMessageCollection *,bool) Data save information: ""
[DEBUG][Qt] 21.03.2024 17:15:26 [] (unknown:0) - void __cdecl qSlicerSaveDataDialogPrivate::updateStatusIconFromMessageCollection(int,class vtkMRMLMessageCollection *,bool) Data save information: ""
[DEBUG][Qt] 21.03.2024 17:15:26 [] (unknown:0) - void __cdecl qSlicerSaveDataDialogPrivate::updateStatusIconFromMessageCollection(int,class vtkMRMLMessageCollection *,bool) Data save information: ""
[DEBUG][Qt] 21.03.2024 17:15:26 [] (unknown:0) - void __cdecl qSlicerSaveDataDialogPrivate::updateStatusIconFromMessageCollection(int,class vtkMRMLMessageCollection *,bool) Data save information: ""
[DEBUG][Qt] 21.03.2024 17:15:26 [] (unknown:0) - void __cdecl qSlicerSaveDataDialogPrivate::updateStatusIconFromMessageCollection(int,class vtkMRMLMessageCollection *,bool) Data save information: ""
[DEBUG][Qt] 21.03.2024 17:15:46 [] (unknown:0) - Switch to module:  "Pathway_planning"
[INFO][Stream] 21.03.2024 17:15:47 [] (unknown:0) -
[INFO][Stream] 21.03.2024 17:15:47 [] (unknown:0) -
[INFO][Stream] 21.03.2024 17:15:47 [] (unknown:0) -
[INFO][Stream] 21.03.2024 17:15:47 [] (unknown:0) - ------------------------------
[INFO][Stream] 21.03.2024 17:15:47 [] (unknown:0) - Reloading module: Pathway_planning
[INFO][Stream] 21.03.2024 17:15:47 [] (unknown:0) - ------------------------------
[INFO][Stream] 21.03.2024 17:15:47 [] (unknown:0) -
[INFO][Stream] 21.03.2024 17:15:47 [] (unknown:0) -
[INFO][Stream] 21.03.2024 17:15:47 [] (unknown:0) -
[DEBUG][Qt] 21.03.2024 17:15:48 [] (unknown:0) - "Markups" Reader has successfully read the file "D:\\Code\\3D_slicer\\Navigation_robotics\\Data\\Week_2_4_TestSet_Path_planning\\entriesSubsample.fcsv" "[0.03s]"
[DEBUG][Qt] 21.03.2024 17:15:48 [] (unknown:0) - "Markups" Reader has successfully read the file "D:\\Code\\3D_slicer\\Navigation_robotics\\Data\\Week_2_4_TestSet_Path_planning\\targetsSubsample.fcsv" "[0.02s]"
[DEBUG][Qt] 21.03.2024 17:15:48 [] (unknown:0) - "Volume" Reader has successfully read the file "D:\\Code\\3D_slicer\\Navigation_robotics\\Data\\Week_2_4_TestSet_Path_planning\\r_cortexTest.nii.gz" "[0.04s]"
[DEBUG][Qt] 21.03.2024 17:15:48 [] (unknown:0) - "Volume" Reader has successfully read the file "D:\\Code\\3D_slicer\\Navigation_robotics\\Data\\Week_2_4_TestSet_Path_planning\\r_hippoTest.nii.gz" "[0.03s]"
[ERROR][VTK] 21.03.2024 17:15:48 [vtkMRMLSubjectHierarchyNode (00000266647B7F40)] (vtkMRMLSubjectHierarchyNode.cxx:2983) - vtkSubjectHierarchyItem::DataNodeCache inconsistency found
[DEBUG][Qt] 21.03.2024 17:15:48 [] (unknown:0) - "Volume" Reader has successfully read the file "D:\\Code\\3D_slicer\\Navigation_robotics\\Data\\Week_2_4_TestSet_Path_planning\\ventriclesTest.nii.gz" "[0.03s]"
[DEBUG][Qt] 21.03.2024 17:15:48 [] (unknown:0) - "Volume" Reader has successfully read the file "D:\\Code\\3D_slicer\\Navigation_robotics\\Data\\Week_2_4_TestSet_Path_planning\\vesselsTestDilate1.nii.gz" "[0.03s]"
[ERROR][VTK] 21.03.2024 17:15:48 [vtkMRMLSubjectHierarchyNode (00000266647B7F40)] (vtkMRMLSubjectHierarchyNode.cxx:2983) - vtkSubjectHierarchyItem::DataNodeCache inconsistency found
[DEBUG][Qt] 21.03.2024 17:15:48 [] (unknown:0) - "Volume" Reader has successfully read the file "D:\\Code\\3D_slicer\\Navigation_robotics\\Data\\Week_2_4_TestSet_Path_planning\\fakeBrainTest.nii.gz" "[0.04s]"
[INFO][Stream] 21.03.2024 17:15:48 [] (unknown:0) - Number of entries is: 48
[INFO][Stream] 21.03.2024 17:15:48 [] (unknown:0) - Number of targets is: 21
[CRITICAL][Stream] 21.03.2024 17:15:48 [] (unknown:0) - Test passed: Model Creation
[INFO][Python] 21.03.2024 17:15:48 [Python] (C:/Users/DANG THE HUNG/OneDrive - King's College London/Msc study/7MRI0070 - Navigation in Robotic/Module/My_extension/Pathway_planning/Pathway_planning.py:702) - Test passed: Model Creation
[CRITICAL][Stream] 21.03.2024 17:15:49 [] (unknown:0) - Test failed: Model Creation
[WARNING][Python] 21.03.2024 17:15:49 [Python] (C:/Users/DANG THE HUNG/OneDrive - King's College London/Msc study/7MRI0070 - Navigation in Robotic/Module/My_extension/Pathway_planning/Pathway_planning.py:705) - Test failed: Model Creation
[CRITICAL][Stream] 21.03.2024 17:15:49 [] (unknown:0) - Unit test passed: Convert IJK to RAS
[INFO][Python] 21.03.2024 17:15:49 [Python] (C:/Users/DANG THE HUNG/OneDrive - King's College London/Msc study/7MRI0070 - Navigation in Robotic/Module/My_extension/Pathway_planning/Pathway_planning.py:709) - Unit test passed: Convert IJK to RAS
[CRITICAL][Stream] 21.03.2024 17:15:49 [] (unknown:0) - Unit test passed: Convert RAS to IJK
[INFO][Python] 21.03.2024 17:15:49 [Python] (C:/Users/DANG THE HUNG/OneDrive - King's College London/Msc study/7MRI0070 - Navigation in Robotic/Module/My_extension/Pathway_planning/Pathway_planning.py:709) - Unit test passed: Convert RAS to IJK
[DEBUG][Qt] 21.03.2024 17:15:53 [] (unknown:0) - Switch to module:  "Data"
[DEBUG][Qt] 21.03.2024 17:16:20 [] (unknown:0) - Switch to module:  "Pathway_planning"
[INFO][Stream] 21.03.2024 17:16:21 [] (unknown:0) -
[INFO][Stream] 21.03.2024 17:16:21 [] (unknown:0) -
[INFO][Stream] 21.03.2024 17:16:21 [] (unknown:0) -
[INFO][Stream] 21.03.2024 17:16:21 [] (unknown:0) - ------------------------------
[INFO][Stream] 21.03.2024 17:16:21 [] (unknown:0) - Reloading module: Pathway_planning
[INFO][Stream] 21.03.2024 17:16:21 [] (unknown:0) - ------------------------------
[INFO][Stream] 21.03.2024 17:16:21 [] (unknown:0) -
[INFO][Stream] 21.03.2024 17:16:21 [] (unknown:0) -
[INFO][Stream] 21.03.2024 17:16:21 [] (unknown:0) -
[DEBUG][Qt] 21.03.2024 17:16:21 [] (unknown:0) - "Markups" Reader has successfully read the file "D:\\Code\\3D_slicer\\Navigation_robotics\\Data\\Week_2_4_TestSet_Path_planning\\entriesSubsample.fcsv" "[0.03s]"
[DEBUG][Qt] 21.03.2024 17:16:21 [] (unknown:0) - "Markups" Reader has successfully read the file "D:\\Code\\3D_slicer\\Navigation_robotics\\Data\\Week_2_4_TestSet_Path_planning\\targetsSubsample.fcsv" "[0.02s]"
[DEBUG][Qt] 21.03.2024 17:16:22 [] (unknown:0) - "Volume" Reader has successfully read the file "D:\\Code\\3D_slicer\\Navigation_robotics\\Data\\Week_2_4_TestSet_Path_planning\\r_cortexTest.nii.gz" "[0.05s]"
[DEBUG][Qt] 21.03.2024 17:16:22 [] (unknown:0) - "Volume" Reader has successfully read the file "D:\\Code\\3D_slicer\\Navigation_robotics\\Data\\Week_2_4_TestSet_Path_planning\\r_hippoTest.nii.gz" "[0.03s]"
[DEBUG][Qt] 21.03.2024 17:16:22 [] (unknown:0) - "Volume" Reader has successfully read the file "D:\\Code\\3D_slicer\\Navigation_robotics\\Data\\Week_2_4_TestSet_Path_planning\\ventriclesTest.nii.gz" "[0.03s]"
[DEBUG][Qt] 21.03.2024 17:16:22 [] (unknown:0) - "Volume" Reader has successfully read the file "D:\\Code\\3D_slicer\\Navigation_robotics\\Data\\Week_2_4_TestSet_Path_planning\\vesselsTestDilate1.nii.gz" "[0.03s]"
[DEBUG][Qt] 21.03.2024 17:16:22 [] (unknown:0) - "Volume" Reader has successfully read the file "D:\\Code\\3D_slicer\\Navigation_robotics\\Data\\Week_2_4_TestSet_Path_planning\\fakeBrainTest.nii.gz" "[0.04s]"
[INFO][Stream] 21.03.2024 17:16:22 [] (unknown:0) - Number of entries is: 48
[INFO][Stream] 21.03.2024 17:16:22 [] (unknown:0) - Number of targets is: 21
[CRITICAL][Stream] 21.03.2024 17:16:22 [] (unknown:0) - Test passed: Model Creation
[INFO][Python] 21.03.2024 17:16:22 [Python] (C:/Users/DANG THE HUNG/OneDrive - King's College London/Msc study/7MRI0070 - Navigation in Robotic/Module/My_extension/Pathway_planning/Pathway_planning.py:700) - Test passed: Model Creation
[CRITICAL][Stream] 21.03.2024 17:16:23 [] (unknown:0) - Test failed: Model Creation
[WARNING][Python] 21.03.2024 17:16:23 [Python] (C:/Users/DANG THE HUNG/OneDrive - King's College London/Msc study/7MRI0070 - Navigation in Robotic/Module/My_extension/Pathway_planning/Pathway_planning.py:703) - Test failed: Model Creation
[CRITICAL][Stream] 21.03.2024 17:16:23 [] (unknown:0) - Unit test passed: Convert IJK to RAS
[INFO][Python] 21.03.2024 17:16:23 [Python] (C:/Users/DANG THE HUNG/OneDrive - King's College London/Msc study/7MRI0070 - Navigation in Robotic/Module/My_extension/Pathway_planning/Pathway_planning.py:707) - Unit test passed: Convert IJK to RAS
[CRITICAL][Stream] 21.03.2024 17:16:23 [] (unknown:0) - Unit test passed: Convert RAS to IJK
[INFO][Python] 21.03.2024 17:16:23 [Python] (C:/Users/DANG THE HUNG/OneDrive - King's College London/Msc study/7MRI0070 - Navigation in Robotic/Module/My_extension/Pathway_planning/Pathway_planning.py:707) - Unit test passed: Convert RAS to IJK
[INFO][Stream] 21.03.2024 17:17:19 [] (unknown:0) -
[INFO][Stream] 21.03.2024 17:17:19 [] (unknown:0) -
[INFO][Stream] 21.03.2024 17:17:19 [] (unknown:0) -
[INFO][Stream] 21.03.2024 17:17:19 [] (unknown:0) - ------------------------------
[INFO][Stream] 21.03.2024 17:17:19 [] (unknown:0) - Reloading module: Pathway_planning
[INFO][Stream] 21.03.2024 17:17:19 [] (unknown:0) - ------------------------------
[INFO][Stream] 21.03.2024 17:17:19 [] (unknown:0) -
[INFO][Stream] 21.03.2024 17:17:19 [] (unknown:0) -
[INFO][Stream] 21.03.2024 17:17:19 [] (unknown:0) -
[ERROR][VTK] 21.03.2024 17:17:20 [vtkMRMLSubjectHierarchyNode (000002666F9E50F0)] (vtkMRMLSubjectHierarchyNode.cxx:2983) - vtkSubjectHierarchyItem::DataNodeCache inconsistency found
[DEBUG][Qt] 21.03.2024 17:17:20 [] (unknown:0) - "Markups" Reader has successfully read the file "D:\\Code\\3D_slicer\\Navigation_robotics\\Data\\Week_2_4_TestSet_Path_planning\\entriesSubsample.fcsv" "[0.03s]"
[ERROR][VTK] 21.03.2024 17:17:20 [vtkMRMLSubjectHierarchyNode (000002666F9E50F0)] (vtkMRMLSubjectHierarchyNode.cxx:2983) - vtkSubjectHierarchyItem::DataNodeCache inconsistency found
[DEBUG][Qt] 21.03.2024 17:17:20 [] (unknown:0) - "Markups" Reader has successfully read the file "D:\\Code\\3D_slicer\\Navigation_robotics\\Data\\Week_2_4_TestSet_Path_planning\\targetsSubsample.fcsv" "[0.02s]"
[DEBUG][Qt] 21.03.2024 17:17:20 [] (unknown:0) - "Volume" Reader has successfully read the file "D:\\Code\\3D_slicer\\Navigation_robotics\\Data\\Week_2_4_TestSet_Path_planning\\r_cortexTest.nii.gz" "[0.05s]"
[DEBUG][Qt] 21.03.2024 17:17:20 [] (unknown:0) - "Volume" Reader has successfully read the file "D:\\Code\\3D_slicer\\Navigation_robotics\\Data\\Week_2_4_TestSet_Path_planning\\r_hippoTest.nii.gz" "[0.03s]"
[DEBUG][Qt] 21.03.2024 17:17:20 [] (unknown:0) - "Volume" Reader has successfully read the file "D:\\Code\\3D_slicer\\Navigation_robotics\\Data\\Week_2_4_TestSet_Path_planning\\ventriclesTest.nii.gz" "[0.03s]"
[DEBUG][Qt] 21.03.2024 17:17:20 [] (unknown:0) - "Volume" Reader has successfully read the file "D:\\Code\\3D_slicer\\Navigation_robotics\\Data\\Week_2_4_TestSet_Path_planning\\vesselsTestDilate1.nii.gz" "[0.03s]"
[DEBUG][Qt] 21.03.2024 17:17:20 [] (unknown:0) - "Volume" Reader has successfully read the file "D:\\Code\\3D_slicer\\Navigation_robotics\\Data\\Week_2_4_TestSet_Path_planning\\fakeBrainTest.nii.gz" "[0.04s]"
[INFO][Stream] 21.03.2024 17:17:20 [] (unknown:0) - Number of entries is: 48
[INFO][Stream] 21.03.2024 17:17:20 [] (unknown:0) - Number of targets is: 21
[CRITICAL][Stream] 21.03.2024 17:17:20 [] (unknown:0) - Test passed: Model Creation
[INFO][Python] 21.03.2024 17:17:20 [Python] (C:/Users/DANG THE HUNG/OneDrive - King's College London/Msc study/7MRI0070 - Navigation in Robotic/Module/My_extension/Pathway_planning/Pathway_planning.py:700) - Test passed: Model Creation
[CRITICAL][Stream] 21.03.2024 17:17:21 [] (unknown:0) - Test failed: Check a Point is in a Label Volume Node
[WARNING][Python] 21.03.2024 17:17:21 [Python] (C:/Users/DANG THE HUNG/OneDrive - King's College London/Msc study/7MRI0070 - Navigation in Robotic/Module/My_extension/Pathway_planning/Pathway_planning.py:703) - Test failed: Check a Point is in a Label Volume Node
[CRITICAL][Stream] 21.03.2024 17:17:21 [] (unknown:0) - Unit test passed: Convert IJK to RAS
[INFO][Python] 21.03.2024 17:17:21 [Python] (C:/Users/DANG THE HUNG/OneDrive - King's College London/Msc study/7MRI0070 - Navigation in Robotic/Module/My_extension/Pathway_planning/Pathway_planning.py:707) - Unit test passed: Convert IJK to RAS
[CRITICAL][Stream] 21.03.2024 17:17:21 [] (unknown:0) - Unit test passed: Convert RAS to IJK
[INFO][Python] 21.03.2024 17:17:21 [Python] (C:/Users/DANG THE HUNG/OneDrive - King's College London/Msc study/7MRI0070 - Navigation in Robotic/Module/My_extension/Pathway_planning/Pathway_planning.py:707) - Unit test passed: Convert RAS to IJK
[INFO][Stream] 21.03.2024 17:19:26 [] (unknown:0) -
[INFO][Stream] 21.03.2024 17:19:26 [] (unknown:0) -
[INFO][Stream] 21.03.2024 17:19:26 [] (unknown:0) -
[INFO][Stream] 21.03.2024 17:19:26 [] (unknown:0) - ------------------------------
[INFO][Stream] 21.03.2024 17:19:26 [] (unknown:0) - Reloading module: Pathway_planning
[INFO][Stream] 21.03.2024 17:19:26 [] (unknown:0) - ------------------------------
[INFO][Stream] 21.03.2024 17:19:26 [] (unknown:0) -
[INFO][Stream] 21.03.2024 17:19:26 [] (unknown:0) -
[INFO][Stream] 21.03.2024 17:19:26 [] (unknown:0) -
[ERROR][VTK] 21.03.2024 17:19:27 [vtkMRMLSubjectHierarchyNode (00000266600CE1A0)] (vtkMRMLSubjectHierarchyNode.cxx:2983) - vtkSubjectHierarchyItem::DataNodeCache inconsistency found
[DEBUG][Qt] 21.03.2024 17:19:27 [] (unknown:0) - "Markups" Reader has successfully read the file "D:\\Code\\3D_slicer\\Navigation_robotics\\Data\\Week_2_4_TestSet_Path_planning\\entriesSubsample.fcsv" "[0.03s]"
[ERROR][VTK] 21.03.2024 17:19:27 [vtkMRMLSubjectHierarchyNode (00000266600CE1A0)] (vtkMRMLSubjectHierarchyNode.cxx:2983) - vtkSubjectHierarchyItem::DataNodeCache inconsistency found
[DEBUG][Qt] 21.03.2024 17:19:27 [] (unknown:0) - "Markups" Reader has successfully read the file "D:\\Code\\3D_slicer\\Navigation_robotics\\Data\\Week_2_4_TestSet_Path_planning\\targetsSubsample.fcsv" "[0.02s]"
[DEBUG][Qt] 21.03.2024 17:19:27 [] (unknown:0) - "Volume" Reader has successfully read the file "D:\\Code\\3D_slicer\\Navigation_robotics\\Data\\Week_2_4_TestSet_Path_planning\\r_cortexTest.nii.gz" "[0.05s]"
[DEBUG][Qt] 21.03.2024 17:19:27 [] (unknown:0) - "Volume" Reader has successfully read the file "D:\\Code\\3D_slicer\\Navigation_robotics\\Data\\Week_2_4_TestSet_Path_planning\\r_hippoTest.nii.gz" "[0.03s]"
[DEBUG][Qt] 21.03.2024 17:19:27 [] (unknown:0) - "Volume" Reader has successfully read the file "D:\\Code\\3D_slicer\\Navigation_robotics\\Data\\Week_2_4_TestSet_Path_planning\\ventriclesTest.nii.gz" "[0.03s]"
[DEBUG][Qt] 21.03.2024 17:19:27 [] (unknown:0) - "Volume" Reader has successfully read the file "D:\\Code\\3D_slicer\\Navigation_robotics\\Data\\Week_2_4_TestSet_Path_planning\\vesselsTestDilate1.nii.gz" "[0.03s]"
[DEBUG][Qt] 21.03.2024 17:19:27 [] (unknown:0) - "Volume" Reader has successfully read the file "D:\\Code\\3D_slicer\\Navigation_robotics\\Data\\Week_2_4_TestSet_Path_planning\\fakeBrainTest.nii.gz" "[0.05s]"
[INFO][Stream] 21.03.2024 17:19:27 [] (unknown:0) - Number of entries is: 48
[INFO][Stream] 21.03.2024 17:19:27 [] (unknown:0) - Number of targets is: 21
[ERROR][VTK] 21.03.2024 17:19:27 [vtkMRMLSubjectHierarchyNode (00000266600CE1A0)] (vtkMRMLSubjectHierarchyNode.cxx:2983) - vtkSubjectHierarchyItem::DataNodeCache inconsistency found
[CRITICAL][Stream] 21.03.2024 17:19:27 [] (unknown:0) - Test passed: Model Creation
[INFO][Python] 21.03.2024 17:19:27 [Python] (C:/Users/DANG THE HUNG/OneDrive - King's College London/Msc study/7MRI0070 - Navigation in Robotic/Module/My_extension/Pathway_planning/Pathway_planning.py:703) - Test passed: Model Creation
[CRITICAL][Stream] 21.03.2024 17:19:28 [] (unknown:0) - Test failed: Check a Point is in a Label Volume Node
[WARNING][Python] 21.03.2024 17:19:28 [Python] (C:/Users/DANG THE HUNG/OneDrive - King's College London/Msc study/7MRI0070 - Navigation in Robotic/Module/My_extension/Pathway_planning/Pathway_planning.py:706) - Test failed: Check a Point is in a Label Volume Node
[CRITICAL][Stream] 21.03.2024 17:19:28 [] (unknown:0) - Unit test passed: Convert IJK to RAS
[INFO][Python] 21.03.2024 17:19:28 [Python] (C:/Users/DANG THE HUNG/OneDrive - King's College London/Msc study/7MRI0070 - Navigation in Robotic/Module/My_extension/Pathway_planning/Pathway_planning.py:710) - Unit test passed: Convert IJK to RAS
[CRITICAL][Stream] 21.03.2024 17:19:28 [] (unknown:0) - Unit test passed: Convert RAS to IJK
[INFO][Python] 21.03.2024 17:19:28 [Python] (C:/Users/DANG THE HUNG/OneDrive - King's College London/Msc study/7MRI0070 - Navigation in Robotic/Module/My_extension/Pathway_planning/Pathway_planning.py:710) - Unit test passed: Convert RAS to IJK
[INFO][Stream] 21.03.2024 17:24:10 [] (unknown:0) -
[INFO][Stream] 21.03.2024 17:24:10 [] (unknown:0) -
[INFO][Stream] 21.03.2024 17:24:10 [] (unknown:0) -
[INFO][Stream] 21.03.2024 17:24:10 [] (unknown:0) - ------------------------------
[INFO][Stream] 21.03.2024 17:24:10 [] (unknown:0) - Reloading module: Pathway_planning
[INFO][Stream] 21.03.2024 17:24:10 [] (unknown:0) - ------------------------------
[INFO][Stream] 21.03.2024 17:24:10 [] (unknown:0) -
[INFO][Stream] 21.03.2024 17:24:10 [] (unknown:0) -
[INFO][Stream] 21.03.2024 17:24:10 [] (unknown:0) -
[ERROR][VTK] 21.03.2024 17:24:10 [vtkMRMLSubjectHierarchyNode (0000026662FC93F0)] (vtkMRMLSubjectHierarchyNode.cxx:2983) - vtkSubjectHierarchyItem::DataNodeCache inconsistency found
[DEBUG][Qt] 21.03.2024 17:24:10 [] (unknown:0) - "Markups" Reader has successfully read the file "D:\\Code\\3D_slicer\\Navigation_robotics\\Data\\Week_2_4_TestSet_Path_planning\\entriesSubsample.fcsv" "[0.04s]"
[ERROR][VTK] 21.03.2024 17:24:10 [vtkMRMLSubjectHierarchyNode (0000026662FC93F0)] (vtkMRMLSubjectHierarchyNode.cxx:2983) - vtkSubjectHierarchyItem::DataNodeCache inconsistency found
[DEBUG][Qt] 21.03.2024 17:24:10 [] (unknown:0) - "Markups" Reader has successfully read the file "D:\\Code\\3D_slicer\\Navigation_robotics\\Data\\Week_2_4_TestSet_Path_planning\\targetsSubsample.fcsv" "[0.02s]"
[DEBUG][Qt] 21.03.2024 17:24:11 [] (unknown:0) - "Volume" Reader has successfully read the file "D:\\Code\\3D_slicer\\Navigation_robotics\\Data\\Week_2_4_TestSet_Path_planning\\r_cortexTest.nii.gz" "[0.05s]"
[DEBUG][Qt] 21.03.2024 17:24:11 [] (unknown:0) - "Volume" Reader has successfully read the file "D:\\Code\\3D_slicer\\Navigation_robotics\\Data\\Week_2_4_TestSet_Path_planning\\r_hippoTest.nii.gz" "[0.03s]"
[DEBUG][Qt] 21.03.2024 17:24:11 [] (unknown:0) - "Volume" Reader has successfully read the file "D:\\Code\\3D_slicer\\Navigation_robotics\\Data\\Week_2_4_TestSet_Path_planning\\ventriclesTest.nii.gz" "[0.03s]"
[DEBUG][Qt] 21.03.2024 17:24:11 [] (unknown:0) - "Volume" Reader has successfully read the file "D:\\Code\\3D_slicer\\Navigation_robotics\\Data\\Week_2_4_TestSet_Path_planning\\vesselsTestDilate1.nii.gz" "[0.03s]"
[DEBUG][Qt] 21.03.2024 17:24:11 [] (unknown:0) - "Volume" Reader has successfully read the file "D:\\Code\\3D_slicer\\Navigation_robotics\\Data\\Week_2_4_TestSet_Path_planning\\fakeBrainTest.nii.gz" "[0.04s]"
[INFO][Stream] 21.03.2024 17:24:11 [] (unknown:0) - Number of entries is: 48
[INFO][Stream] 21.03.2024 17:24:11 [] (unknown:0) - Number of targets is: 21
[ERROR][VTK] 21.03.2024 17:24:11 [vtkMRMLSubjectHierarchyNode (0000026662FC93F0)] (vtkMRMLSubjectHierarchyNode.cxx:2983) - vtkSubjectHierarchyItem::DataNodeCache inconsistency found
[CRITICAL][Stream] 21.03.2024 17:24:11 [] (unknown:0) - Test passed: Model Creation
[INFO][Python] 21.03.2024 17:24:11 [Python] (C:/Users/DANG THE HUNG/OneDrive - King's College London/Msc study/7MRI0070 - Navigation in Robotic/Module/My_extension/Pathway_planning/Pathway_planning.py:712) - Test passed: Model Creation
[CRITICAL][Stream] 21.03.2024 17:24:12 [] (unknown:0) - Test failed: Check a Point is in a Label Volume Node
[WARNING][Python] 21.03.2024 17:24:12 [Python] (C:/Users/DANG THE HUNG/OneDrive - King's College London/Msc study/7MRI0070 - Navigation in Robotic/Module/My_extension/Pathway_planning/Pathway_planning.py:715) - Test failed: Check a Point is in a Label Volume Node
[CRITICAL][Stream] 21.03.2024 17:24:12 [] (unknown:0) - Unit test passed: Convert IJK to RAS
[INFO][Python] 21.03.2024 17:24:12 [Python] (C:/Users/DANG THE HUNG/OneDrive - King's College London/Msc study/7MRI0070 - Navigation in Robotic/Module/My_extension/Pathway_planning/Pathway_planning.py:719) - Unit test passed: Convert IJK to RAS
[CRITICAL][Stream] 21.03.2024 17:24:12 [] (unknown:0) - Unit test passed: Convert RAS to IJK
[INFO][Python] 21.03.2024 17:24:12 [Python] (C:/Users/DANG THE HUNG/OneDrive - King's College London/Msc study/7MRI0070 - Navigation in Robotic/Module/My_extension/Pathway_planning/Pathway_planning.py:719) - Unit test passed: Convert RAS to IJK
[DEBUG][Qt] 21.03.2024 17:27:17 [] (unknown:0) - Switch to module:  ""
